<?xml version="1.0" encoding="UTF-8"?>
<coverage generated="1777328001186" clover="3.2.0">
  <project timestamp="1777328001186" name="All files">
    <metrics statements="506" coveredstatements="297" conditionals="325" coveredconditionals="165" methods="94" coveredmethods="42" elements="925" coveredelements="504" complexity="0" loc="506" ncloc="506" packages="5" files="16" classes="16"/>
    <package name="helpers">
      <metrics statements="139" coveredstatements="77" conditionals="107" coveredconditionals="49" methods="26" coveredmethods="14"/>
      <file name="constants.js" path="/mnt/Secondary/Proyectos/Personal/JavaScript/ProyectosWeb/CLI/CDD/src/helpers/constants.js">
        <metrics statements="12" coveredstatements="12" conditionals="7" coveredconditionals="6" methods="1" coveredmethods="1"/>
        <line num="6" count="4" type="stmt"/>
        <line num="14" count="4" type="stmt"/>
        <line num="22" count="4" type="stmt"/>
        <line num="27" count="4" type="stmt"/>
        <line num="35" count="4" type="stmt"/>
        <line num="50" count="4" type="stmt"/>
        <line num="83" count="29" type="cond" truecount="2" falsecount="0"/>
        <line num="84" count="28" type="cond" truecount="2" falsecount="0"/>
        <line num="85" count="23" type="stmt"/>
        <line num="86" count="23" type="stmt"/>
        <line num="87" count="23" type="cond" truecount="2" falsecount="0"/>
        <line num="88" count="20" type="stmt"/>
      </file>
      <file name="containerOptionsBuilder.js" path="/mnt/Secondary/Proyectos/Personal/JavaScript/ProyectosWeb/CLI/CDD/src/helpers/containerOptionsBuilder.js">
        <metrics statements="19" coveredstatements="13" conditionals="18" coveredconditionals="8" methods="4" coveredmethods="3"/>
        <line num="22" count="4" type="cond" truecount="2" falsecount="0"/>
        <line num="24" count="4" type="stmt"/>
        <line num="26" count="4" type="cond" truecount="2" falsecount="0"/>
        <line num="28" count="4" type="stmt"/>
        <line num="31" count="4" type="stmt"/>
        <line num="32" count="4" type="stmt"/>
        <line num="34" count="4" type="stmt"/>
        <line num="35" count="0" type="stmt"/>
        <line num="36" count="0" type="cond" truecount="0" falsecount="4"/>
        <line num="37" count="0" type="stmt"/>
        <line num="38" count="0" type="stmt"/>
        <line num="39" count="0" type="cond" truecount="0" falsecount="2"/>
        <line num="40" count="0" type="stmt"/>
        <line num="43" count="4" type="stmt"/>
        <line num="47" count="4" type="cond" truecount="1" falsecount="1"/>
        <line num="48" count="4" type="cond" truecount="1" falsecount="1"/>
        <line num="49" count="4" type="cond" truecount="1" falsecount="1"/>
        <line num="50" count="4" type="cond" truecount="1" falsecount="1"/>
        <line num="52" count="4" type="stmt"/>
      </file>
      <file name="dockerHubService.js" path="/mnt/Secondary/Proyectos/Personal/JavaScript/ProyectosWeb/CLI/CDD/src/helpers/dockerHubService.js">
        <metrics statements="24" coveredstatements="1" conditionals="19" coveredconditionals="0" methods="3" coveredmethods="0"/>
        <line num="8" count="1" type="stmt"/>
        <line num="24" count="0" type="stmt"/>
        <line num="26" count="0" type="stmt"/>
        <line num="27" count="0" type="cond" truecount="0" falsecount="2"/>
        <line num="28" count="0" type="stmt"/>
        <line num="29" count="0" type="cond" truecount="0" falsecount="2"/>
        <line num="30" count="0" type="stmt"/>
        <line num="31" count="0" type="cond" truecount="0" falsecount="2"/>
        <line num="32" count="0" type="stmt"/>
        <line num="33" count="0" type="cond" truecount="0" falsecount="2"/>
        <line num="34" count="0" type="stmt"/>
        <line num="37" count="0" type="cond" truecount="0" falsecount="2"/>
        <line num="38" count="0" type="stmt"/>
        <line num="41" count="0" type="stmt"/>
        <line num="54" count="0" type="stmt"/>
        <line num="55" count="0" type="cond" truecount="0" falsecount="2"/>
        <line num="57" count="0" type="stmt"/>
        <line num="58" count="0" type="cond" truecount="0" falsecount="2"/>
        <line num="60" count="0" type="stmt"/>
        <line num="62" count="0" type="cond" truecount="0" falsecount="2"/>
        <line num="63" count="0" type="stmt"/>
        <line num="66" count="0" type="stmt"/>
        <line num="67" count="0" type="cond" truecount="0" falsecount="2"/>
        <line num="69" count="0" type="stmt"/>
      </file>
      <file name="imageNameUtils.js" path="/mnt/Secondary/Proyectos/Personal/JavaScript/ProyectosWeb/CLI/CDD/src/helpers/imageNameUtils.js">
        <metrics statements="9" coveredstatements="8" conditionals="6" coveredconditionals="4" methods="1" coveredmethods="1"/>
        <line num="19" count="7" type="cond" truecount="1" falsecount="1"/>
        <line num="21" count="7" type="stmt"/>
        <line num="22" count="7" type="stmt"/>
        <line num="23" count="7" type="cond" truecount="1" falsecount="1"/>
        <line num="24" count="0" type="stmt"/>
        <line num="27" count="7" type="stmt"/>
        <line num="28" count="7" type="cond" truecount="2" falsecount="0"/>
        <line num="29" count="5" type="stmt"/>
        <line num="31" count="7" type="stmt"/>
      </file>
      <file name="logger.js" path="/mnt/Secondary/Proyectos/Personal/JavaScript/ProyectosWeb/CLI/CDD/src/helpers/logger.js">
        <metrics statements="36" coveredstatements="10" conditionals="24" coveredconditionals="6" methods="11" coveredmethods="3"/>
        <line num="5" count="2" type="stmt"/>
        <line num="27" count="4" type="cond" truecount="1" falsecount="1"/>
        <line num="28" count="4" type="stmt"/>
        <line num="30" count="0" type="stmt"/>
        <line num="31" count="0" type="cond" truecount="0" falsecount="2"/>
        <line num="32" count="0" type="stmt"/>
        <line num="34" count="0" type="stmt"/>
        <line num="38" count="2" type="cond" truecount="3" falsecount="0"/>
        <line num="42" count="2" type="cond" truecount="1" falsecount="1"/>
        <line num="44" count="2" type="stmt"/>
        <line num="47" count="0" type="stmt"/>
        <line num="48" count="0" type="cond" truecount="0" falsecount="2"/>
        <line num="52" count="0" type="cond" truecount="0" falsecount="2"/>
        <line num="53" count="0" type="stmt"/>
        <line num="56" count="0" type="stmt"/>
        <line num="57" count="0" type="stmt"/>
        <line num="58" count="0" type="stmt"/>
        <line num="59" count="0" type="stmt"/>
        <line num="62" count="0" type="cond" truecount="0" falsecount="3"/>
        <line num="64" count="0" type="cond" truecount="0" falsecount="2"/>
        <line num="65" count="0" type="cond" truecount="0" falsecount="2"/>
        <line num="66" count="0" type="cond" truecount="0" falsecount="2"/>
        <line num="67" count="0" type="stmt"/>
        <line num="69" count="0" type="stmt"/>
        <line num="73" count="0" type="stmt"/>
        <line num="74" count="0" type="stmt"/>
        <line num="75" count="0" type="stmt"/>
        <line num="87" count="2" type="stmt"/>
        <line num="89" count="0" type="stmt"/>
        <line num="92" count="0" type="stmt"/>
        <line num="95" count="0" type="stmt"/>
        <line num="98" count="0" type="stmt"/>
        <line num="107" count="20" type="cond" truecount="1" falsecount="1"/>
        <line num="108" count="0" type="stmt"/>
        <line num="110" count="20" type="stmt"/>
        <line num="111" count="20" type="stmt"/>
      </file>
      <file name="safeCall.js" path="/mnt/Secondary/Proyectos/Personal/JavaScript/ProyectosWeb/CLI/CDD/src/helpers/safeCall.js">
        <metrics statements="4" coveredstatements="3" conditionals="2" coveredconditionals="1" methods="1" coveredmethods="1"/>
        <line num="11" count="6" type="cond" truecount="1" falsecount="1"/>
        <line num="12" count="6" type="stmt"/>
        <line num="13" count="6" type="stmt"/>
        <line num="15" count="0" type="stmt"/>
      </file>
      <file name="validationHelpers.js" path="/mnt/Secondary/Proyectos/Personal/JavaScript/ProyectosWeb/CLI/CDD/src/helpers/validationHelpers.js">
        <metrics statements="35" coveredstatements="30" conditionals="31" coveredconditionals="24" methods="5" coveredmethods="5"/>
        <line num="13" count="1" type="cond" truecount="3" falsecount="1"/>
        <line num="14" count="1" type="stmt"/>
        <line num="16" count="1" type="stmt"/>
        <line num="18" count="1" type="cond" truecount="1" falsecount="1"/>
        <line num="19" count="1" type="stmt"/>
        <line num="20" count="1" type="stmt"/>
        <line num="21" count="1" type="cond" truecount="2" falsecount="2"/>
        <line num="23" count="1" type="stmt"/>
        <line num="41" count="7" type="cond" truecount="2" falsecount="0"/>
        <line num="44" count="7" type="stmt"/>
        <line num="45" count="7" type="stmt"/>
        <line num="47" count="7" type="cond" truecount="4" falsecount="0"/>
        <line num="48" count="2" type="stmt"/>
        <line num="50" count="2" type="stmt"/>
        <line num="52" count="2" type="stmt"/>
        <line num="53" count="2" type="stmt"/>
        <line num="54" count="2" type="cond" truecount="1" falsecount="1"/>
        <line num="55" count="0" type="stmt"/>
        <line num="56" count="0" type="stmt"/>
        <line num="58" count="2" type="stmt"/>
        <line num="59" count="2" type="stmt"/>
        <line num="60" count="2" type="cond" truecount="1" falsecount="1"/>
        <line num="61" count="0" type="stmt"/>
        <line num="62" count="0" type="stmt"/>
        <line num="64" count="2" type="stmt"/>
        <line num="68" count="7" type="cond" truecount="1" falsecount="1"/>
        <line num="70" count="0" type="stmt"/>
        <line num="74" count="7" type="stmt"/>
        <line num="75" count="7" type="stmt"/>
        <line num="76" count="7" type="stmt"/>
        <line num="78" count="7" type="cond" truecount="5" falsecount="0"/>
        <line num="79" count="2" type="stmt"/>
        <line num="80" count="2" type="cond" truecount="4" falsecount="0"/>
        <line num="81" count="1" type="stmt"/>
        <line num="86" count="7" type="stmt"/>
      </file>
    </package>
    <package name="hooks">
      <metrics statements="175" coveredstatements="89" conditionals="136" coveredconditionals="68" methods="38" coveredmethods="11"/>
      <file name="useContainerCommandRouter.js" path="/mnt/Secondary/Proyectos/Personal/JavaScript/ProyectosWeb/CLI/CDD/src/hooks/useContainerCommandRouter.js">
        <metrics statements="36" coveredstatements="12" conditionals="26" coveredconditionals="6" methods="7" coveredmethods="2"/>
        <line num="39" count="96" type="stmt"/>
        <line num="41" count="12" type="stmt"/>
        <line num="43" count="12" type="cond" truecount="1" falsecount="1"/>
        <line num="44" count="0" type="stmt"/>
        <line num="45" count="0" type="stmt"/>
        <line num="49" count="0" type="cond" truecount="0" falsecount="3"/>
        <line num="52" count="0" type="stmt"/>
        <line num="55" count="12" type="cond" truecount="1" falsecount="1"/>
        <line num="56" count="0" type="stmt"/>
        <line num="57" count="0" type="stmt"/>
        <line num="61" count="0" type="cond" truecount="0" falsecount="5"/>
        <line num="67" count="0" type="stmt"/>
        <line num="70" count="12" type="cond" truecount="1" falsecount="1"/>
        <line num="71" count="0" type="stmt"/>
        <line num="72" count="0" type="stmt"/>
        <line num="76" count="0" type="stmt"/>
        <line num="79" count="12" type="cond" truecount="1" falsecount="1"/>
        <line num="80" count="0" type="cond" truecount="0" falsecount="2"/>
        <line num="81" count="0" type="stmt"/>
        <line num="83" count="0" type="stmt"/>
        <line num="84" count="0" type="stmt"/>
        <line num="87" count="12" type="cond" truecount="1" falsecount="1"/>
        <line num="88" count="0" type="cond" truecount="0" falsecount="2"/>
        <line num="89" count="0" type="stmt"/>
        <line num="91" count="0" type="stmt"/>
        <line num="92" count="0" type="stmt"/>
        <line num="93" count="0" type="stmt"/>
        <line num="96" count="12" type="cond" truecount="1" falsecount="1"/>
        <line num="97" count="12" type="stmt"/>
        <line num="98" count="12" type="stmt"/>
        <line num="99" count="12" type="stmt"/>
        <line num="102" count="0" type="cond" truecount="0" falsecount="2"/>
        <line num="103" count="0" type="stmt"/>
        <line num="104" count="0" type="stmt"/>
        <line num="107" count="0" type="stmt"/>
        <line num="122" count="96" type="stmt"/>
      </file>
      <file name="useControls.js" path="/mnt/Secondary/Proyectos/Personal/JavaScript/ProyectosWeb/CLI/CDD/src/hooks/useControls.js">
        <metrics statements="108" coveredstatements="68" conditionals="90" coveredconditionals="61" methods="23" coveredmethods="6"/>
        <line num="25" count="96" type="stmt"/>
        <line num="28" count="96" type="stmt"/>
        <line num="30" count="96" type="stmt"/>
        <line num="32" count="4" type="stmt"/>
        <line num="38" count="4" type="stmt"/>
        <line num="39" count="4" type="stmt"/>
        <line num="40" count="4" type="stmt"/>
        <line num="41" count="4" type="stmt"/>
        <line num="42" count="3" type="stmt"/>
        <line num="43" count="3" type="cond" truecount="4" falsecount="0"/>
        <line num="44" count="2" type="stmt"/>
        <line num="47" count="3" type="stmt"/>
        <line num="50" count="3" type="stmt"/>
        <line num="51" count="3" type="stmt"/>
        <line num="53" count="1" type="stmt"/>
        <line num="54" count="1" type="stmt"/>
        <line num="56" count="4" type="stmt"/>
        <line num="59" count="0" type="stmt"/>
        <line num="63" count="96" type="stmt"/>
        <line num="64" count="96" type="stmt"/>
        <line num="65" count="96" type="stmt"/>
        <line num="68" count="96" type="cond" truecount="2" falsecount="0"/>
        <line num="69" count="96" type="cond" truecount="2" falsecount="0"/>
        <line num="71" count="96" type="stmt"/>
        <line num="73" count="0" type="stmt"/>
        <line num="74" count="0" type="stmt"/>
        <line num="78" count="0" type="stmt"/>
        <line num="81" count="0" type="stmt"/>
        <line num="82" count="0" type="stmt"/>
        <line num="90" count="96" type="stmt"/>
        <line num="92" count="0" type="stmt"/>
        <line num="95" count="0" type="stmt"/>
        <line num="96" count="0" type="stmt"/>
        <line num="97" count="0" type="stmt"/>
        <line num="101" count="0" type="stmt"/>
        <line num="107" count="96" type="stmt"/>
        <line num="115" count="0" type="stmt"/>
        <line num="116" count="0" type="stmt"/>
        <line num="119" count="0" type="stmt"/>
        <line num="121" count="0" type="stmt"/>
        <line num="122" count="12" type="stmt"/>
        <line num="125" count="96" type="stmt"/>
        <line num="127" count="0" type="stmt"/>
        <line num="128" count="0" type="stmt"/>
        <line num="129" count="0" type="stmt"/>
        <line num="130" count="0" type="stmt"/>
        <line num="137" count="96" type="stmt"/>
        <line num="139" count="27" type="stmt"/>
        <line num="141" count="27" type="stmt"/>
        <line num="142" count="0" type="cond" truecount="0" falsecount="2"/>
        <line num="143" count="27" type="cond" truecount="0" falsecount="2"/>
        <line num="145" count="27" type="cond" truecount="1" falsecount="1"/>
        <line num="146" count="0" type="stmt"/>
        <line num="147" count="0" type="stmt"/>
        <line num="148" count="0" type="stmt"/>
        <line num="151" count="27" type="cond" truecount="4" falsecount="0"/>
        <line num="153" count="6" type="cond" truecount="4" falsecount="0"/>
        <line num="154" count="2" type="stmt"/>
        <line num="155" count="2" type="stmt"/>
        <line num="157" count="4" type="stmt"/>
        <line num="158" count="4" type="stmt"/>
        <line num="162" count="21" type="cond" truecount="2" falsecount="0"/>
        <line num="163" count="4" type="cond" truecount="2" falsecount="0"/>
        <line num="164" count="3" type="cond" truecount="6" falsecount="0"/>
        <line num="165" count="1" type="stmt"/>
        <line num="168" count="4" type="stmt"/>
        <line num="172" count="17" type="cond" truecount="4" falsecount="0"/>
        <line num="173" count="8" type="cond" truecount="2" falsecount="0"/>
        <line num="174" count="1" type="stmt"/>
        <line num="175" count="1" type="stmt"/>
        <line num="177" count="7" type="cond" truecount="2" falsecount="0"/>
        <line num="178" count="5" type="stmt"/>
        <line num="179" count="5" type="stmt"/>
        <line num="183" count="11" type="cond" truecount="3" falsecount="1"/>
        <line num="184" count="0" type="cond" truecount="0" falsecount="2"/>
        <line num="185" count="0" type="cond" truecount="0" falsecount="2"/>
        <line num="186" count="0" type="stmt"/>
        <line num="188" count="0" type="cond" truecount="0" falsecount="2"/>
        <line num="189" count="0" type="cond" truecount="0" falsecount="2"/>
        <line num="190" count="0" type="cond" truecount="0" falsecount="2"/>
        <line num="191" count="0" type="stmt"/>
        <line num="194" count="11" type="cond" truecount="6" falsecount="0"/>
        <line num="195" count="9" type="cond" truecount="1" falsecount="1"/>
        <line num="196" count="9" type="cond" truecount="2" falsecount="0"/>
        <line num="198" count="9" type="cond" truecount="1" falsecount="1"/>
        <line num="199" count="0" type="stmt"/>
        <line num="200" count="9" type="cond" truecount="1" falsecount="1"/>
        <line num="201" count="0" type="stmt"/>
        <line num="202" count="9" type="cond" truecount="1" falsecount="1"/>
        <line num="203" count="0" type="stmt"/>
        <line num="210" count="96" type="stmt"/>
        <line num="211" count="39" type="cond" truecount="1" falsecount="1"/>
        <line num="212" count="0" type="stmt"/>
        <line num="213" count="0" type="stmt"/>
        <line num="216" count="39" type="cond" truecount="1" falsecount="1"/>
        <line num="217" count="0" type="cond" truecount="0" falsecount="4"/>
        <line num="218" count="0" type="stmt"/>
        <line num="220" count="0" type="stmt"/>
        <line num="223" count="39" type="cond" truecount="2" falsecount="0"/>
        <line num="224" count="27" type="stmt"/>
        <line num="225" count="27" type="stmt"/>
        <line num="228" count="12" type="cond" truecount="2" falsecount="2"/>
        <line num="229" count="0" type="stmt"/>
        <line num="230" count="0" type="stmt"/>
        <line num="233" count="12" type="stmt"/>
        <line num="234" count="12" type="stmt"/>
        <line num="235" count="12" type="stmt"/>
        <line num="238" count="96" type="stmt"/>
      </file>
      <file name="useEraseConfirmation.js" path="/mnt/Secondary/Proyectos/Personal/JavaScript/ProyectosWeb/CLI/CDD/src/hooks/useEraseConfirmation.js">
        <metrics statements="13" coveredstatements="4" conditionals="9" coveredconditionals="0" methods="3" coveredmethods="1"/>
        <line num="15" count="96" type="stmt"/>
        <line num="17" count="96" type="stmt"/>
        <line num="18" count="0" type="stmt"/>
        <line num="21" count="96" type="stmt"/>
        <line num="23" count="0" type="cond" truecount="0" falsecount="4"/>
        <line num="24" count="0" type="stmt"/>
        <line num="25" count="0" type="stmt"/>
        <line num="26" count="0" type="stmt"/>
        <line num="29" count="0" type="cond" truecount="0" falsecount="5"/>
        <line num="30" count="0" type="stmt"/>
        <line num="31" count="0" type="stmt"/>
        <line num="32" count="0" type="stmt"/>
        <line num="38" count="96" type="stmt"/>
      </file>
      <file name="useExitHandler.js" path="/mnt/Secondary/Proyectos/Personal/JavaScript/ProyectosWeb/CLI/CDD/src/hooks/useExitHandler.js">
        <metrics statements="18" coveredstatements="5" conditionals="11" coveredconditionals="1" methods="5" coveredmethods="2"/>
        <line num="20" count="96" type="stmt"/>
        <line num="33" count="96" type="stmt"/>
        <line num="35" count="12" type="cond" truecount="1" falsecount="1"/>
        <line num="36" count="12" type="stmt"/>
        <line num="39" count="0" type="cond" truecount="0" falsecount="2"/>
        <line num="40" count="0" type="stmt"/>
        <line num="43" count="0" type="stmt"/>
        <line num="44" count="0" type="stmt"/>
        <line num="45" count="0" type="cond" truecount="0" falsecount="4"/>
        <line num="46" count="0" type="stmt"/>
        <line num="48" count="0" type="stmt"/>
        <line num="55" count="0" type="stmt"/>
        <line num="56" count="0" type="stmt"/>
        <line num="57" count="0" type="stmt"/>
        <line num="58" count="0" type="cond" truecount="0" falsecount="2"/>
        <line num="59" count="0" type="stmt"/>
        <line num="63" count="0" type="stmt"/>
        <line num="68" count="96" type="stmt"/>
      </file>
    </package>
    <package name="hooks.creation">
      <metrics statements="163" coveredstatements="120" conditionals="62" coveredconditionals="47" methods="21" coveredmethods="13"/>
      <file name="useContainerActions.js" path="/mnt/Secondary/Proyectos/Personal/JavaScript/ProyectosWeb/CLI/CDD/src/hooks/creation/useContainerActions.js">
        <metrics statements="24" coveredstatements="3" conditionals="6" coveredconditionals="0" methods="6" coveredmethods="1"/>
        <line num="20" count="96" type="stmt"/>
        <line num="21" count="96" type="stmt"/>
        <line num="31" count="0" type="stmt"/>
        <line num="32" count="0" type="cond" truecount="0" falsecount="2"/>
        <line num="33" count="0" type="cond" truecount="0" falsecount="2"/>
        <line num="34" count="0" type="stmt"/>
        <line num="35" count="0" type="cond" truecount="0" falsecount="2"/>
        <line num="36" count="0" type="stmt"/>
        <line num="37" count="0" type="stmt"/>
        <line num="38" count="0" type="stmt"/>
        <line num="41" count="0" type="stmt"/>
        <line num="42" count="0" type="stmt"/>
        <line num="43" count="0" type="stmt"/>
        <line num="44" count="0" type="stmt"/>
        <line num="45" count="0" type="stmt"/>
        <line num="46" count="0" type="stmt"/>
        <line num="47" count="0" type="stmt"/>
        <line num="49" count="0" type="stmt"/>
        <line num="52" count="0" type="stmt"/>
        <line num="56" count="96" type="stmt"/>
        <line num="64" count="0" type="stmt"/>
        <line num="67" count="0" type="stmt"/>
        <line num="70" count="0" type="stmt"/>
        <line num="73" count="0" type="stmt"/>
      </file>
      <file name="useContainerCreation.js" path="/mnt/Secondary/Proyectos/Personal/JavaScript/ProyectosWeb/CLI/CDD/src/hooks/creation/useContainerCreation.js">
        <metrics statements="128" coveredstatements="113" conditionals="54" coveredconditionals="47" methods="12" coveredmethods="11"/>
        <line num="10" count="2" type="stmt"/>
        <line num="29" count="204" type="stmt"/>
        <line num="30" count="204" type="stmt"/>
        <line num="31" count="204" type="stmt"/>
        <line num="32" count="204" type="stmt"/>
        <line num="33" count="204" type="stmt"/>
        <line num="34" count="204" type="stmt"/>
        <line num="35" count="204" type="stmt"/>
        <line num="38" count="204" type="stmt"/>
        <line num="39" count="204" type="stmt"/>
        <line num="40" count="204" type="stmt"/>
        <line num="43" count="204" type="stmt"/>
        <line num="44" count="204" type="stmt"/>
        <line num="46" count="204" type="stmt"/>
        <line num="57" count="28" type="stmt"/>
        <line num="58" count="28" type="stmt"/>
        <line num="59" count="28" type="stmt"/>
        <line num="60" count="28" type="stmt"/>
        <line num="62" count="28" type="stmt"/>
        <line num="63" count="28" type="stmt"/>
        <line num="64" count="28" type="stmt"/>
        <line num="65" count="28" type="cond" truecount="2" falsecount="0"/>
        <line num="66" count="1" type="stmt"/>
        <line num="67" count="1" type="stmt"/>
        <line num="69" count="27" type="stmt"/>
        <line num="70" count="27" type="stmt"/>
        <line num="71" count="540" type="stmt"/>
        <line num="73" count="27" type="stmt"/>
        <line num="82" count="6" type="stmt"/>
        <line num="83" count="6" type="cond" truecount="2" falsecount="0"/>
        <line num="84" count="5" type="cond" truecount="2" falsecount="0"/>
        <line num="88" count="4" type="stmt"/>
        <line num="90" count="4" type="stmt"/>
        <line num="91" count="4" type="stmt"/>
        <line num="93" count="4" type="stmt"/>
        <line num="94" count="4" type="stmt"/>
        <line num="96" count="4" type="stmt"/>
        <line num="97" count="4" type="stmt"/>
        <line num="98" count="4" type="stmt"/>
        <line num="100" count="4" type="stmt"/>
        <line num="101" count="4" type="stmt"/>
        <line num="103" count="4" type="cond" truecount="2" falsecount="0"/>
        <line num="104" count="3" type="stmt"/>
        <line num="106" count="0" type="cond" truecount="0" falsecount="2"/>
        <line num="108" count="0" type="stmt"/>
        <line num="110" count="4" type="cond" truecount="2" falsecount="0"/>
        <line num="111" count="3" type="stmt"/>
        <line num="124" count="23" type="stmt"/>
        <line num="125" count="23" type="stmt"/>
        <line num="127" count="23" type="stmt"/>
        <line num="128" count="23" type="cond" truecount="2" falsecount="0"/>
        <line num="129" count="22" type="cond" truecount="2" falsecount="0"/>
        <line num="130" count="21" type="stmt"/>
        <line num="132" count="23" type="stmt"/>
        <line num="141" count="7" type="cond" truecount="3" falsecount="1"/>
        <line num="142" count="7" type="stmt"/>
        <line num="143" count="7" type="stmt"/>
        <line num="144" count="7" type="stmt"/>
        <line num="145" count="7" type="stmt"/>
        <line num="146" count="7" type="stmt"/>
        <line num="153" count="43" type="cond" truecount="2" falsecount="0"/>
        <line num="154" count="18" type="cond" truecount="2" falsecount="0"/>
        <line num="155" count="1" type="stmt"/>
        <line num="156" count="1" type="stmt"/>
        <line num="157" count="1" type="stmt"/>
        <line num="159" count="17" type="stmt"/>
        <line num="160" count="17" type="stmt"/>
        <line num="161" count="17" type="stmt"/>
        <line num="162" count="17" type="stmt"/>
        <line num="165" count="17" type="stmt"/>
        <line num="166" count="17" type="stmt"/>
        <line num="168" count="25" type="cond" truecount="2" falsecount="0"/>
        <line num="169" count="9" type="stmt"/>
        <line num="170" count="9" type="stmt"/>
        <line num="173" count="9" type="stmt"/>
        <line num="174" count="9" type="stmt"/>
        <line num="176" count="16" type="cond" truecount="2" falsecount="0"/>
        <line num="178" count="9" type="cond" truecount="4" falsecount="0"/>
        <line num="179" count="1" type="stmt"/>
        <line num="182" count="1" type="stmt"/>
        <line num="183" count="1" type="stmt"/>
        <line num="185" count="8" type="stmt"/>
        <line num="186" count="8" type="stmt"/>
        <line num="187" count="24" type="stmt"/>
        <line num="190" count="8" type="stmt"/>
        <line num="196" count="8" type="stmt"/>
        <line num="197" count="8" type="cond" truecount="5" falsecount="0"/>
        <line num="199" count="3" type="cond" truecount="3" falsecount="1"/>
        <line num="202" count="3" type="stmt"/>
        <line num="205" count="3" type="stmt"/>
        <line num="206" count="5" type="cond" truecount="5" falsecount="0"/>
        <line num="207" count="1" type="stmt"/>
        <line num="210" count="1" type="stmt"/>
        <line num="211" count="4" type="cond" truecount="1" falsecount="1"/>
        <line num="212" count="0" type="stmt"/>
        <line num="215" count="0" type="stmt"/>
        <line num="217" count="4" type="stmt"/>
        <line num="220" count="4" type="stmt"/>
        <line num="222" count="8" type="stmt"/>
        <line num="224" count="7" type="cond" truecount="1" falsecount="1"/>
        <line num="226" count="7" type="stmt"/>
        <line num="227" count="7" type="cond" truecount="2" falsecount="0"/>
        <line num="228" count="1" type="stmt"/>
        <line num="229" count="1" type="stmt"/>
        <line num="230" count="1" type="stmt"/>
        <line num="233" count="6" type="stmt"/>
        <line num="241" count="0" type="stmt"/>
        <line num="242" count="0" type="stmt"/>
        <line num="243" count="0" type="stmt"/>
        <line num="244" count="0" type="stmt"/>
        <line num="245" count="0" type="stmt"/>
        <line num="246" count="0" type="stmt"/>
        <line num="247" count="0" type="stmt"/>
        <line num="248" count="0" type="stmt"/>
        <line num="249" count="0" type="stmt"/>
        <line num="250" count="0" type="stmt"/>
        <line num="251" count="0" type="stmt"/>
        <line num="259" count="12" type="stmt"/>
        <line num="260" count="12" type="stmt"/>
        <line num="261" count="12" type="stmt"/>
        <line num="262" count="12" type="stmt"/>
        <line num="263" count="12" type="stmt"/>
        <line num="264" count="12" type="stmt"/>
        <line num="265" count="12" type="stmt"/>
        <line num="266" count="12" type="stmt"/>
        <line num="267" count="12" type="stmt"/>
        <line num="268" count="12" type="stmt"/>
        <line num="271" count="204" type="stmt"/>
      </file>
      <file name="useLogsViewer.js" path="/mnt/Secondary/Proyectos/Personal/JavaScript/ProyectosWeb/CLI/CDD/src/hooks/creation/useLogsViewer.js">
        <metrics statements="11" coveredstatements="4" conditionals="2" coveredconditionals="0" methods="3" coveredmethods="1"/>
        <line num="18" count="96" type="stmt"/>
        <line num="19" count="96" type="stmt"/>
        <line num="20" count="96" type="stmt"/>
        <line num="26" count="0" type="stmt"/>
        <line num="27" count="0" type="stmt"/>
        <line num="34" count="0" type="stmt"/>
        <line num="35" count="0" type="stmt"/>
        <line num="36" count="0" type="cond" truecount="0" falsecount="2"/>
        <line num="37" count="0" type="stmt"/>
        <line num="38" count="0" type="stmt"/>
        <line num="42" count="96" type="stmt"/>
      </file>
    </package>
    <package name="hooks.debug">
      <metrics statements="17" coveredstatements="6" conditionals="10" coveredconditionals="0" methods="5" coveredmethods="2"/>
      <file name="useDebugLogs.js" path="/mnt/Secondary/Proyectos/Personal/JavaScript/ProyectosWeb/CLI/CDD/src/hooks/debug/useDebugLogs.js">
        <metrics statements="17" coveredstatements="6" conditionals="10" coveredconditionals="0" methods="5" coveredmethods="2"/>
        <line num="5" count="96" type="stmt"/>
        <line num="6" count="96" type="stmt"/>
        <line num="8" count="96" type="stmt"/>
        <line num="9" count="20" type="stmt"/>
        <line num="10" count="0" type="stmt"/>
        <line num="11" count="0" type="cond" truecount="0" falsecount="2"/>
        <line num="13" count="0" type="cond" truecount="0" falsecount="2"/>
        <line num="14" count="0" type="cond" truecount="0" falsecount="4"/>
        <line num="15" count="0" type="stmt"/>
        <line num="16" count="0" type="stmt"/>
        <line num="17" count="0" type="stmt"/>
        <line num="19" count="0" type="stmt"/>
        <line num="23" count="0" type="cond" truecount="0" falsecount="2"/>
        <line num="26" count="0" type="stmt"/>
        <line num="27" count="0" type="stmt"/>
        <line num="30" count="20" type="stmt"/>
        <line num="33" count="96" type="stmt"/>
      </file>
    </package>
    <package name="hooks.navigation">
      <metrics statements="12" coveredstatements="5" conditionals="10" coveredconditionals="1" methods="4" coveredmethods="2"/>
      <file name="useContainerSelection.js" path="/mnt/Secondary/Proyectos/Personal/JavaScript/ProyectosWeb/CLI/CDD/src/hooks/navigation/useContainerSelection.js">
        <metrics statements="12" coveredstatements="5" conditionals="10" coveredconditionals="1" methods="4" coveredmethods="2"/>
        <line num="4" count="96" type="stmt"/>
        <line num="6" count="96" type="stmt"/>
        <line num="8" count="12" type="cond" truecount="1" falsecount="1"/>
        <line num="9" count="12" type="stmt"/>
        <line num="12" count="0" type="cond" truecount="0" falsecount="2"/>
        <line num="13" count="0" type="cond" truecount="0" falsecount="2"/>
        <line num="14" count="0" type="stmt"/>
        <line num="17" count="0" type="cond" truecount="0" falsecount="2"/>
        <line num="18" count="0" type="cond" truecount="0" falsecount="2"/>
        <line num="19" count="0" type="stmt"/>
        <line num="22" count="0" type="stmt"/>
        <line num="27" count="96" type="stmt"/>
      </file>
    </package>
  </project>
</coverage>
