{"/mnt/Secondary/Proyectos/Personal/JavaScript/ProyectosWeb/CLI/CDD/src/helpers/constants.js": {"path":"/mnt/Secondary/Proyectos/Personal/JavaScript/ProyectosWeb/CLI/CDD/src/helpers/constants.js","statementMap":{"0":{"start":{"line":6,"column":33},"end":{"line":9,"column":1}},"1":{"start":{"line":14,"column":32},"end":{"line":17,"column":1}},"2":{"start":{"line":22,"column":26},"end":{"line":22,"column":29}},"3":{"start":{"line":27,"column":24},"end":{"line":30,"column":1}},"4":{"start":{"line":35,"column":25},"end":{"line":42,"column":1}},"5":{"start":{"line":50,"column":30},"end":{"line":71,"column":1}},"6":{"start":{"line":83,"column":2},"end":{"line":83,"column":35}},"7":{"start":{"line":83,"column":18},"end":{"line":83,"column":35}},"8":{"start":{"line":84,"column":2},"end":{"line":84,"column":48}},"9":{"start":{"line":84,"column":31},"end":{"line":84,"column":48}},"10":{"start":{"line":85,"column":19},"end":{"line":85,"column":66}},"11":{"start":{"line":86,"column":18},"end":{"line":86,"column":36}},"12":{"start":{"line":87,"column":2},"end":{"line":87,"column":45}},"13":{"start":{"line":87,"column":28},"end":{"line":87,"column":45}},"14":{"start":{"line":88,"column":2},"end":{"line":88,"column":46}}},"fnMap":{"0":{"name":"resolveImageTag","decl":{"start":{"line":82,"column":16},"end":{"line":82,"column":31}},"loc":{"start":{"line":82,"column":70},"end":{"line":89,"column":1}},"line":82}},"branchMap":{"0":{"loc":{"start":{"line":82,"column":43},"end":{"line":82,"column":68}},"type":"default-arg","locations":[{"start":{"line":82,"column":54},"end":{"line":82,"column":68}}],"line":82},"1":{"loc":{"start":{"line":83,"column":2},"end":{"line":83,"column":35}},"type":"if","locations":[{"start":{"line":83,"column":2},"end":{"line":83,"column":35}},{"start":{},"end":{}}],"line":83},"2":{"loc":{"start":{"line":84,"column":2},"end":{"line":84,"column":48}},"type":"if","locations":[{"start":{"line":84,"column":2},"end":{"line":84,"column":48}},{"start":{},"end":{}}],"line":84},"3":{"loc":{"start":{"line":87,"column":2},"end":{"line":87,"column":45}},"type":"if","locations":[{"start":{"line":87,"column":2},"end":{"line":87,"column":45}},{"start":{},"end":{}}],"line":87}},"s":{"0":4,"1":4,"2":4,"3":4,"4":4,"5":4,"6":29,"7":1,"8":28,"9":5,"10":23,"11":23,"12":23,"13":3,"14":20},"f":{"0":29},"b":{"0":[0],"1":[1,28],"2":[5,23],"3":[3,20]},"_coverageSchema":"1a1c01bbd47fc00a2c39e90264f33305004495a9","hash":"2da9a7c951fc6a6153405f00be2a6cba01cd5f0f"}
,"/mnt/Secondary/Proyectos/Personal/JavaScript/ProyectosWeb/CLI/CDD/src/helpers/containerOptionsBuilder.js": {"path":"/mnt/Secondary/Proyectos/Personal/JavaScript/ProyectosWeb/CLI/CDD/src/helpers/containerOptionsBuilder.js","statementMap":{"0":{"start":{"line":22,"column":14},"end":{"line":25,"column":20}},"1":{"start":{"line":24,"column":16},"end":{"line":24,"column":24}},"2":{"start":{"line":26,"column":16},"end":{"line":29,"column":20}},"3":{"start":{"line":28,"column":16},"end":{"line":28,"column":24}},"4":{"start":{"line":31,"column":23},"end":{"line":31,"column":25}},"5":{"start":{"line":32,"column":23},"end":{"line":32,"column":25}},"6":{"start":{"line":34,"column":2},"end":{"line":41,"column":5}},"7":{"start":{"line":35,"column":25},"end":{"line":35,"column":40}},"8":{"start":{"line":36,"column":4},"end":{"line":36,"column":31}},"9":{"start":{"line":36,"column":24},"end":{"line":36,"column":31}},"10":{"start":{"line":37,"column":16},"end":{"line":37,"column":29}},"11":{"start":{"line":38,"column":4},"end":{"line":38,"column":27}},"12":{"start":{"line":39,"column":4},"end":{"line":39,"column":48}},"13":{"start":{"line":40,"column":4},"end":{"line":40,"column":52}},"14":{"start":{"line":43,"column":18},"end":{"line":45,"column":3}},"15":{"start":{"line":47,"column":2},"end":{"line":47,"column":76}},"16":{"start":{"line":47,"column":40},"end":{"line":47,"column":76}},"17":{"start":{"line":48,"column":2},"end":{"line":48,"column":78}},"18":{"start":{"line":48,"column":40},"end":{"line":48,"column":78}},"19":{"start":{"line":49,"column":2},"end":{"line":49,"column":36}},"20":{"start":{"line":49,"column":18},"end":{"line":49,"column":36}},"21":{"start":{"line":50,"column":2},"end":{"line":50,"column":50}},"22":{"start":{"line":50,"column":21},"end":{"line":50,"column":50}},"23":{"start":{"line":52,"column":2},"end":{"line":52,"column":17}}},"fnMap":{"0":{"name":"buildContainerOptions","decl":{"start":{"line":16,"column":16},"end":{"line":16,"column":37}},"loc":{"start":{"line":21,"column":3},"end":{"line":53,"column":1}},"line":21},"1":{"name":"(anonymous_1)","decl":{"start":{"line":24,"column":9},"end":{"line":24,"column":10}},"loc":{"start":{"line":24,"column":16},"end":{"line":24,"column":24}},"line":24},"2":{"name":"(anonymous_2)","decl":{"start":{"line":28,"column":9},"end":{"line":28,"column":10}},"loc":{"start":{"line":28,"column":16},"end":{"line":28,"column":24}},"line":28},"3":{"name":"(anonymous_3)","decl":{"start":{"line":34,"column":16},"end":{"line":34,"column":17}},"loc":{"start":{"line":34,"column":26},"end":{"line":41,"column":3}},"line":34}},"branchMap":{"0":{"loc":{"start":{"line":22,"column":15},"end":{"line":22,"column":29}},"type":"binary-expr","locations":[{"start":{"line":22,"column":15},"end":{"line":22,"column":23}},{"start":{"line":22,"column":27},"end":{"line":22,"column":29}}],"line":22},"1":{"loc":{"start":{"line":26,"column":17},"end":{"line":26,"column":32}},"type":"binary-expr","locations":[{"start":{"line":26,"column":17},"end":{"line":26,"column":26}},{"start":{"line":26,"column":30},"end":{"line":26,"column":32}}],"line":26},"2":{"loc":{"start":{"line":36,"column":4},"end":{"line":36,"column":31}},"type":"if","locations":[{"start":{"line":36,"column":4},"end":{"line":36,"column":31}},{"start":{},"end":{}}],"line":36},"3":{"loc":{"start":{"line":36,"column":8},"end":{"line":36,"column":22}},"type":"binary-expr","locations":[{"start":{"line":36,"column":8},"end":{"line":36,"column":13}},{"start":{"line":36,"column":17},"end":{"line":36,"column":22}}],"line":36},"4":{"loc":{"start":{"line":39,"column":24},"end":{"line":39,"column":47}},"type":"binary-expr","locations":[{"start":{"line":39,"column":24},"end":{"line":39,"column":41}},{"start":{"line":39,"column":45},"end":{"line":39,"column":47}}],"line":39},"5":{"loc":{"start":{"line":47,"column":2},"end":{"line":47,"column":76}},"type":"if","locations":[{"start":{"line":47,"column":2},"end":{"line":47,"column":76}},{"start":{},"end":{}}],"line":47},"6":{"loc":{"start":{"line":48,"column":2},"end":{"line":48,"column":78}},"type":"if","locations":[{"start":{"line":48,"column":2},"end":{"line":48,"column":78}},{"start":{},"end":{}}],"line":48},"7":{"loc":{"start":{"line":49,"column":2},"end":{"line":49,"column":36}},"type":"if","locations":[{"start":{"line":49,"column":2},"end":{"line":49,"column":36}},{"start":{},"end":{}}],"line":49},"8":{"loc":{"start":{"line":50,"column":2},"end":{"line":50,"column":50}},"type":"if","locations":[{"start":{"line":50,"column":2},"end":{"line":50,"column":50}},{"start":{},"end":{}}],"line":50}},"s":{"0":4,"1":4,"2":4,"3":4,"4":4,"5":4,"6":4,"7":0,"8":0,"9":0,"10":0,"11":0,"12":0,"13":0,"14":4,"15":4,"16":0,"17":4,"18":0,"19":4,"20":0,"21":4,"22":0,"23":4},"f":{"0":4,"1":4,"2":4,"3":0},"b":{"0":[4,4],"1":[4,4],"2":[0,0],"3":[0,0],"4":[0,0],"5":[0,4],"6":[0,4],"7":[0,4],"8":[0,4]},"_coverageSchema":"1a1c01bbd47fc00a2c39e90264f33305004495a9","hash":"d5f7490c5b90789ffdc63f4881fdd4d51123dc4c"}
,"/mnt/Secondary/Proyectos/Personal/JavaScript/ProyectosWeb/CLI/CDD/src/helpers/dockerHubService.js": {"path":"/mnt/Secondary/Proyectos/Personal/JavaScript/ProyectosWeb/CLI/CDD/src/helpers/dockerHubService.js","statementMap":{"0":{"start":{"line":8,"column":2},"end":{"line":8,"column":50}},"1":{"start":{"line":24,"column":42},"end":{"line":24,"column":48}},"2":{"start":{"line":26,"column":19},"end":{"line":26,"column":21}},"3":{"start":{"line":27,"column":2},"end":{"line":35,"column":3}},"4":{"start":{"line":28,"column":4},"end":{"line":28,"column":32}},"5":{"start":{"line":29,"column":9},"end":{"line":35,"column":3}},"6":{"start":{"line":30,"column":4},"end":{"line":30,"column":61}},"7":{"start":{"line":31,"column":9},"end":{"line":35,"column":3}},"8":{"start":{"line":32,"column":4},"end":{"line":32,"column":61}},"9":{"start":{"line":33,"column":9},"end":{"line":35,"column":3}},"10":{"start":{"line":34,"column":4},"end":{"line":34,"column":41}},"11":{"start":{"line":37,"column":2},"end":{"line":39,"column":3}},"12":{"start":{"line":38,"column":4},"end":{"line":38,"column":47}},"13":{"start":{"line":41,"column":2},"end":{"line":41,"column":32}},"14":{"start":{"line":54,"column":12},"end":{"line":54,"column":24}},"15":{"start":{"line":55,"column":2},"end":{"line":55,"column":20}},"16":{"start":{"line":55,"column":10},"end":{"line":55,"column":20}},"17":{"start":{"line":57,"column":14},"end":{"line":57,"column":84}},"18":{"start":{"line":58,"column":17},"end":{"line":58,"column":60}},"19":{"start":{"line":60,"column":19},"end":{"line":60,"column":47}},"20":{"start":{"line":62,"column":2},"end":{"line":64,"column":3}},"21":{"start":{"line":63,"column":4},"end":{"line":63,"column":68}},"22":{"start":{"line":66,"column":15},"end":{"line":66,"column":36}},"23":{"start":{"line":67,"column":18},"end":{"line":67,"column":36}},"24":{"start":{"line":69,"column":2},"end":{"line":74,"column":6}},"25":{"start":{"line":69,"column":32},"end":{"line":74,"column":3}}},"fnMap":{"0":{"name":"formatHubResult","decl":{"start":{"line":23,"column":16},"end":{"line":23,"column":31}},"loc":{"start":{"line":23,"column":40},"end":{"line":42,"column":1}},"line":23},"1":{"name":"searchDockerHub","decl":{"start":{"line":53,"column":22},"end":{"line":53,"column":37}},"loc":{"start":{"line":53,"column":59},"end":{"line":75,"column":1}},"line":53},"2":{"name":"(anonymous_2)","decl":{"start":{"line":69,"column":21},"end":{"line":69,"column":22}},"loc":{"start":{"line":69,"column":32},"end":{"line":74,"column":3}},"line":69}},"branchMap":{"0":{"loc":{"start":{"line":27,"column":2},"end":{"line":35,"column":3}},"type":"if","locations":[{"start":{"line":27,"column":2},"end":{"line":35,"column":3}},{"start":{"line":29,"column":9},"end":{"line":35,"column":3}}],"line":27},"1":{"loc":{"start":{"line":29,"column":9},"end":{"line":35,"column":3}},"type":"if","locations":[{"start":{"line":29,"column":9},"end":{"line":35,"column":3}},{"start":{"line":31,"column":9},"end":{"line":35,"column":3}}],"line":29},"2":{"loc":{"start":{"line":31,"column":9},"end":{"line":35,"column":3}},"type":"if","locations":[{"start":{"line":31,"column":9},"end":{"line":35,"column":3}},{"start":{"line":33,"column":9},"end":{"line":35,"column":3}}],"line":31},"3":{"loc":{"start":{"line":33,"column":9},"end":{"line":35,"column":3}},"type":"if","locations":[{"start":{"line":33,"column":9},"end":{"line":35,"column":3}},{"start":{},"end":{}}],"line":33},"4":{"loc":{"start":{"line":37,"column":2},"end":{"line":39,"column":3}},"type":"if","locations":[{"start":{"line":37,"column":2},"end":{"line":39,"column":3}},{"start":{},"end":{}}],"line":37},"5":{"loc":{"start":{"line":53,"column":45},"end":{"line":53,"column":57}},"type":"default-arg","locations":[{"start":{"line":53,"column":55},"end":{"line":53,"column":57}}],"line":53},"6":{"loc":{"start":{"line":55,"column":2},"end":{"line":55,"column":20}},"type":"if","locations":[{"start":{"line":55,"column":2},"end":{"line":55,"column":20}},{"start":{},"end":{}}],"line":55},"7":{"loc":{"start":{"line":58,"column":17},"end":{"line":58,"column":60}},"type":"binary-expr","locations":[{"start":{"line":58,"column":17},"end":{"line":58,"column":31}},{"start":{"line":58,"column":35},"end":{"line":58,"column":60}}],"line":58},"8":{"loc":{"start":{"line":62,"column":2},"end":{"line":64,"column":3}},"type":"if","locations":[{"start":{"line":62,"column":2},"end":{"line":64,"column":3}},{"start":{},"end":{}}],"line":62},"9":{"loc":{"start":{"line":67,"column":18},"end":{"line":67,"column":36}},"type":"binary-expr","locations":[{"start":{"line":67,"column":18},"end":{"line":67,"column":30}},{"start":{"line":67,"column":34},"end":{"line":67,"column":36}}],"line":67}},"s":{"0":1,"1":0,"2":0,"3":0,"4":0,"5":0,"6":0,"7":0,"8":0,"9":0,"10":0,"11":0,"12":0,"13":0,"14":0,"15":0,"16":0,"17":0,"18":0,"19":0,"20":0,"21":0,"22":0,"23":0,"24":0,"25":0},"f":{"0":0,"1":0,"2":0},"b":{"0":[0,0],"1":[0,0],"2":[0,0],"3":[0,0],"4":[0,0],"5":[0],"6":[0,0],"7":[0,0],"8":[0,0],"9":[0,0]},"_coverageSchema":"1a1c01bbd47fc00a2c39e90264f33305004495a9","hash":"3e9b0103db2a08fcf818c40347afb8106f6c023f"}
,"/mnt/Secondary/Proyectos/Personal/JavaScript/ProyectosWeb/CLI/CDD/src/helpers/imageNameUtils.js": {"path":"/mnt/Secondary/Proyectos/Personal/JavaScript/ProyectosWeb/CLI/CDD/src/helpers/imageNameUtils.js","statementMap":{"0":{"start":{"line":19,"column":2},"end":{"line":19,"column":28}},"1":{"start":{"line":19,"column":18},"end":{"line":19,"column":28}},"2":{"start":{"line":21,"column":13},"end":{"line":21,"column":22}},"3":{"start":{"line":22,"column":19},"end":{"line":22,"column":40}},"4":{"start":{"line":23,"column":2},"end":{"line":25,"column":3}},"5":{"start":{"line":24,"column":4},"end":{"line":24,"column":36}},"6":{"start":{"line":27,"column":19},"end":{"line":27,"column":36}},"7":{"start":{"line":28,"column":2},"end":{"line":30,"column":3}},"8":{"start":{"line":29,"column":4},"end":{"line":29,"column":35}},"9":{"start":{"line":31,"column":2},"end":{"line":31,"column":28}}},"fnMap":{"0":{"name":"normalizeImageName","decl":{"start":{"line":18,"column":16},"end":{"line":18,"column":34}},"loc":{"start":{"line":18,"column":46},"end":{"line":32,"column":1}},"line":18}},"branchMap":{"0":{"loc":{"start":{"line":19,"column":2},"end":{"line":19,"column":28}},"type":"if","locations":[{"start":{"line":19,"column":2},"end":{"line":19,"column":28}},{"start":{},"end":{}}],"line":19},"1":{"loc":{"start":{"line":23,"column":2},"end":{"line":25,"column":3}},"type":"if","locations":[{"start":{"line":23,"column":2},"end":{"line":25,"column":3}},{"start":{},"end":{}}],"line":23},"2":{"loc":{"start":{"line":28,"column":2},"end":{"line":30,"column":3}},"type":"if","locations":[{"start":{"line":28,"column":2},"end":{"line":30,"column":3}},{"start":{},"end":{}}],"line":28}},"s":{"0":7,"1":0,"2":7,"3":7,"4":7,"5":0,"6":7,"7":7,"8":5,"9":7},"f":{"0":7},"b":{"0":[0,7],"1":[0,7],"2":[5,2]},"_coverageSchema":"1a1c01bbd47fc00a2c39e90264f33305004495a9","hash":"1cb882de8c1a226520607cb39aef9994771fb360"}
,"/mnt/Secondary/Proyectos/Personal/JavaScript/ProyectosWeb/CLI/CDD/src/helpers/logger.js": {"path":"/mnt/Secondary/Proyectos/Personal/JavaScript/ProyectosWeb/CLI/CDD/src/helpers/logger.js","statementMap":{"0":{"start":{"line":5,"column":19},"end":{"line":10,"column":1}},"1":{"start":{"line":27,"column":2},"end":{"line":29,"column":3}},"2":{"start":{"line":28,"column":4},"end":{"line":28,"column":16}},"3":{"start":{"line":30,"column":21},"end":{"line":30,"column":47}},"4":{"start":{"line":31,"column":2},"end":{"line":33,"column":3}},"5":{"start":{"line":32,"column":4},"end":{"line":32,"column":34}},"6":{"start":{"line":34,"column":2},"end":{"line":34,"column":14}},"7":{"start":{"line":38,"column":2},"end":{"line":40,"column":17}},"8":{"start":{"line":42,"column":21},"end":{"line":42,"column":78}},"9":{"start":{"line":44,"column":18},"end":{"line":44,"column":27}},"10":{"start":{"line":47,"column":17},"end":{"line":47,"column":34}},"11":{"start":{"line":48,"column":2},"end":{"line":48,"column":62}},"12":{"start":{"line":52,"column":2},"end":{"line":54,"column":3}},"13":{"start":{"line":53,"column":4},"end":{"line":53,"column":11}},"14":{"start":{"line":56,"column":20},"end":{"line":56,"column":44}},"15":{"start":{"line":57,"column":21},"end":{"line":57,"column":40}},"16":{"start":{"line":58,"column":20},"end":{"line":58,"column":63}},"17":{"start":{"line":59,"column":16},"end":{"line":59,"column":62}},"18":{"start":{"line":62,"column":4},"end":{"line":62,"column":65}},"19":{"start":{"line":64,"column":2},"end":{"line":71,"column":3}},"20":{"start":{"line":65,"column":19},"end":{"line":65,"column":52}},"21":{"start":{"line":66,"column":4},"end":{"line":70,"column":5}},"22":{"start":{"line":67,"column":6},"end":{"line":67,"column":42}},"23":{"start":{"line":69,"column":6},"end":{"line":69,"column":38}},"24":{"start":{"line":73,"column":2},"end":{"line":79,"column":5}},"25":{"start":{"line":74,"column":4},"end":{"line":78,"column":5}},"26":{"start":{"line":75,"column":6},"end":{"line":75,"column":22}},"27":{"start":{"line":87,"column":22},"end":{"line":113,"column":1}},"28":{"start":{"line":89,"column":4},"end":{"line":89,"column":35}},"29":{"start":{"line":92,"column":4},"end":{"line":92,"column":34}},"30":{"start":{"line":95,"column":4},"end":{"line":95,"column":34}},"31":{"start":{"line":98,"column":4},"end":{"line":98,"column":35}},"32":{"start":{"line":107,"column":4},"end":{"line":109,"column":5}},"33":{"start":{"line":108,"column":6},"end":{"line":108,"column":22}},"34":{"start":{"line":110,"column":4},"end":{"line":110,"column":28}},"35":{"start":{"line":111,"column":4},"end":{"line":111,"column":44}},"36":{"start":{"line":111,"column":17},"end":{"line":111,"column":43}}},"fnMap":{"0":{"name":"parseLevel","decl":{"start":{"line":26,"column":9},"end":{"line":26,"column":19}},"loc":{"start":{"line":26,"column":27},"end":{"line":35,"column":1}},"line":26},"1":{"name":"shouldLog","decl":{"start":{"line":46,"column":9},"end":{"line":46,"column":18}},"loc":{"start":{"line":46,"column":26},"end":{"line":49,"column":1}},"line":46},"2":{"name":"log","decl":{"start":{"line":51,"column":9},"end":{"line":51,"column":12}},"loc":{"start":{"line":51,"column":38},"end":{"line":80,"column":1}},"line":51},"3":{"name":"(anonymous_3)","decl":{"start":{"line":73,"column":20},"end":{"line":73,"column":21}},"loc":{"start":{"line":73,"column":34},"end":{"line":79,"column":3}},"line":73},"4":{"name":"(anonymous_4)","decl":{"start":{"line":88,"column":2},"end":{"line":88,"column":3}},"loc":{"start":{"line":88,"column":26},"end":{"line":90,"column":3}},"line":88},"5":{"name":"(anonymous_5)","decl":{"start":{"line":91,"column":2},"end":{"line":91,"column":3}},"loc":{"start":{"line":91,"column":25},"end":{"line":93,"column":3}},"line":91},"6":{"name":"(anonymous_6)","decl":{"start":{"line":94,"column":2},"end":{"line":94,"column":3}},"loc":{"start":{"line":94,"column":25},"end":{"line":96,"column":3}},"line":94},"7":{"name":"(anonymous_7)","decl":{"start":{"line":97,"column":2},"end":{"line":97,"column":3}},"loc":{"start":{"line":97,"column":26},"end":{"line":99,"column":3}},"line":97},"8":{"name":"(anonymous_8)","decl":{"start":{"line":106,"column":2},"end":{"line":106,"column":3}},"loc":{"start":{"line":106,"column":22},"end":{"line":112,"column":3}},"line":106},"9":{"name":"(anonymous_9)","decl":{"start":{"line":108,"column":13},"end":{"line":108,"column":14}},"loc":{"start":{"line":108,"column":19},"end":{"line":108,"column":21}},"line":108},"10":{"name":"(anonymous_10)","decl":{"start":{"line":111,"column":11},"end":{"line":111,"column":12}},"loc":{"start":{"line":111,"column":17},"end":{"line":111,"column":43}},"line":111}},"branchMap":{"0":{"loc":{"start":{"line":27,"column":2},"end":{"line":29,"column":3}},"type":"if","locations":[{"start":{"line":27,"column":2},"end":{"line":29,"column":3}},{"start":{},"end":{}}],"line":27},"1":{"loc":{"start":{"line":31,"column":2},"end":{"line":33,"column":3}},"type":"if","locations":[{"start":{"line":31,"column":2},"end":{"line":33,"column":3}},{"start":{},"end":{}}],"line":31},"2":{"loc":{"start":{"line":38,"column":2},"end":{"line":40,"column":17}},"type":"binary-expr","locations":[{"start":{"line":38,"column":2},"end":{"line":38,"column":39}},{"start":{"line":39,"column":2},"end":{"line":39,"column":35}},{"start":{"line":40,"column":2},"end":{"line":40,"column":17}}],"line":38},"3":{"loc":{"start":{"line":42,"column":21},"end":{"line":42,"column":78}},"type":"cond-expr","locations":[{"start":{"line":42,"column":52},"end":{"line":42,"column":60}},{"start":{"line":42,"column":63},"end":{"line":42,"column":78}}],"line":42},"4":{"loc":{"start":{"line":48,"column":9},"end":{"line":48,"column":61}},"type":"binary-expr","locations":[{"start":{"line":48,"column":9},"end":{"line":48,"column":35}},{"start":{"line":48,"column":39},"end":{"line":48,"column":61}}],"line":48},"5":{"loc":{"start":{"line":52,"column":2},"end":{"line":54,"column":3}},"type":"if","locations":[{"start":{"line":52,"column":2},"end":{"line":54,"column":3}},{"start":{},"end":{}}],"line":52},"6":{"loc":{"start":{"line":62,"column":4},"end":{"line":62,"column":65}},"type":"binary-expr","locations":[{"start":{"line":62,"column":4},"end":{"line":62,"column":24}},{"start":{"line":62,"column":28},"end":{"line":62,"column":45}},{"start":{"line":62,"column":49},"end":{"line":62,"column":65}}],"line":62},"7":{"loc":{"start":{"line":64,"column":2},"end":{"line":71,"column":3}},"type":"if","locations":[{"start":{"line":64,"column":2},"end":{"line":71,"column":3}},{"start":{},"end":{}}],"line":64},"8":{"loc":{"start":{"line":65,"column":19},"end":{"line":65,"column":52}},"type":"cond-expr","locations":[{"start":{"line":65,"column":39},"end":{"line":65,"column":44}},{"start":{"line":65,"column":47},"end":{"line":65,"column":52}}],"line":65},"9":{"loc":{"start":{"line":66,"column":4},"end":{"line":70,"column":5}},"type":"if","locations":[{"start":{"line":66,"column":4},"end":{"line":70,"column":5}},{"start":{"line":68,"column":11},"end":{"line":70,"column":5}}],"line":66},"10":{"loc":{"start":{"line":107,"column":4},"end":{"line":109,"column":5}},"type":"if","locations":[{"start":{"line":107,"column":4},"end":{"line":109,"column":5}},{"start":{},"end":{}}],"line":107}},"s":{"0":2,"1":4,"2":4,"3":0,"4":0,"5":0,"6":0,"7":2,"8":2,"9":2,"10":0,"11":0,"12":0,"13":0,"14":0,"15":0,"16":0,"17":0,"18":0,"19":0,"20":0,"21":0,"22":0,"23":0,"24":0,"25":0,"26":0,"27":2,"28":0,"29":0,"30":0,"31":0,"32":20,"33":0,"34":20,"35":20,"36":20},"f":{"0":4,"1":0,"2":0,"3":0,"4":0,"5":0,"6":0,"7":0,"8":20,"9":0,"10":20},"b":{"0":[4,0],"1":[0,0],"2":[2,2,2],"3":[2,0],"4":[0,0],"5":[0,0],"6":[0,0,0],"7":[0,0],"8":[0,0],"9":[0,0],"10":[0,20]},"_coverageSchema":"1a1c01bbd47fc00a2c39e90264f33305004495a9","hash":"30e7efb2fc3683e463ac400bc3c719802b4dfea8"}
,"/mnt/Secondary/Proyectos/Personal/JavaScript/ProyectosWeb/CLI/CDD/src/helpers/safeCall.js": {"path":"/mnt/Secondary/Proyectos/Personal/JavaScript/ProyectosWeb/CLI/CDD/src/helpers/safeCall.js","statementMap":{"0":{"start":{"line":11,"column":2},"end":{"line":17,"column":3}},"1":{"start":{"line":12,"column":4},"end":{"line":16,"column":5}},"2":{"start":{"line":13,"column":6},"end":{"line":13,"column":25}},"3":{"start":{"line":15,"column":6},"end":{"line":15,"column":47}}},"fnMap":{"0":{"name":"safeCall","decl":{"start":{"line":10,"column":16},"end":{"line":10,"column":24}},"loc":{"start":{"line":10,"column":38},"end":{"line":18,"column":1}},"line":10}},"branchMap":{"0":{"loc":{"start":{"line":11,"column":2},"end":{"line":17,"column":3}},"type":"if","locations":[{"start":{"line":11,"column":2},"end":{"line":17,"column":3}},{"start":{},"end":{}}],"line":11}},"s":{"0":6,"1":6,"2":6,"3":0},"f":{"0":6},"b":{"0":[6,0]},"_coverageSchema":"1a1c01bbd47fc00a2c39e90264f33305004495a9","hash":"03b3b96e36bd29b63546bde026f64fdef8a1f0b8"}
,"/mnt/Secondary/Proyectos/Personal/JavaScript/ProyectosWeb/CLI/CDD/src/helpers/validationHelpers.js": {"path":"/mnt/Secondary/Proyectos/Personal/JavaScript/ProyectosWeb/CLI/CDD/src/helpers/validationHelpers.js","statementMap":{"0":{"start":{"line":13,"column":2},"end":{"line":13,"column":51}},"1":{"start":{"line":13,"column":39},"end":{"line":13,"column":51}},"2":{"start":{"line":14,"column":16},"end":{"line":17,"column":20}},"3":{"start":{"line":16,"column":16},"end":{"line":16,"column":24}},"4":{"start":{"line":18,"column":2},"end":{"line":18,"column":38}},"5":{"start":{"line":18,"column":26},"end":{"line":18,"column":38}},"6":{"start":{"line":19,"column":18},"end":{"line":22,"column":4}},"7":{"start":{"line":20,"column":25},"end":{"line":20,"column":40}},"8":{"start":{"line":21,"column":4},"end":{"line":21,"column":72}},"9":{"start":{"line":23,"column":2},"end":{"line":23,"column":18}},"10":{"start":{"line":41,"column":21},"end":{"line":41,"column":75}},"11":{"start":{"line":44,"column":20},"end":{"line":44,"column":22}},"12":{"start":{"line":45,"column":23},"end":{"line":45,"column":25}},"13":{"start":{"line":47,"column":2},"end":{"line":66,"column":3}},"14":{"start":{"line":48,"column":17},"end":{"line":51,"column":22}},"15":{"start":{"line":50,"column":18},"end":{"line":50,"column":26}},"16":{"start":{"line":52,"column":4},"end":{"line":65,"column":5}},"17":{"start":{"line":53,"column":20},"end":{"line":53,"column":34}},"18":{"start":{"line":54,"column":6},"end":{"line":57,"column":7}},"19":{"start":{"line":55,"column":8},"end":{"line":55,"column":59}},"20":{"start":{"line":56,"column":8},"end":{"line":56,"column":17}},"21":{"start":{"line":58,"column":22},"end":{"line":58,"column":46}},"22":{"start":{"line":59,"column":23},"end":{"line":59,"column":41}},"23":{"start":{"line":60,"column":6},"end":{"line":63,"column":7}},"24":{"start":{"line":61,"column":8},"end":{"line":61,"column":71}},"25":{"start":{"line":62,"column":8},"end":{"line":62,"column":17}},"26":{"start":{"line":64,"column":6},"end":{"line":64,"column":36}},"27":{"start":{"line":68,"column":2},"end":{"line":71,"column":3}},"28":{"start":{"line":70,"column":4},"end":{"line":70,"column":37}},"29":{"start":{"line":74,"column":17},"end":{"line":74,"column":34}},"30":{"start":{"line":75,"column":19},"end":{"line":75,"column":48}},"31":{"start":{"line":76,"column":18},"end":{"line":76,"column":41}},"32":{"start":{"line":78,"column":2},"end":{"line":84,"column":3}},"33":{"start":{"line":79,"column":4},"end":{"line":83,"column":5}},"34":{"start":{"line":80,"column":6},"end":{"line":82,"column":7}},"35":{"start":{"line":81,"column":8},"end":{"line":81,"column":61}},"36":{"start":{"line":86,"column":2},"end":{"line":86,"column":59}}},"fnMap":{"0":{"name":"validatePorts","decl":{"start":{"line":11,"column":16},"end":{"line":11,"column":29}},"loc":{"start":{"line":11,"column":41},"end":{"line":24,"column":1}},"line":11},"1":{"name":"(anonymous_1)","decl":{"start":{"line":16,"column":9},"end":{"line":16,"column":10}},"loc":{"start":{"line":16,"column":16},"end":{"line":16,"column":24}},"line":16},"2":{"name":"(anonymous_2)","decl":{"start":{"line":19,"column":29},"end":{"line":19,"column":30}},"loc":{"start":{"line":19,"column":39},"end":{"line":22,"column":3}},"line":19},"3":{"name":"validateEnvVars","decl":{"start":{"line":40,"column":16},"end":{"line":40,"column":31}},"loc":{"start":{"line":40,"column":68},"end":{"line":87,"column":1}},"line":40},"4":{"name":"(anonymous_4)","decl":{"start":{"line":50,"column":11},"end":{"line":50,"column":12}},"loc":{"start":{"line":50,"column":18},"end":{"line":50,"column":26}},"line":50}},"branchMap":{"0":{"loc":{"start":{"line":13,"column":2},"end":{"line":13,"column":51}},"type":"if","locations":[{"start":{"line":13,"column":2},"end":{"line":13,"column":51}},{"start":{},"end":{}}],"line":13},"1":{"loc":{"start":{"line":13,"column":6},"end":{"line":13,"column":37}},"type":"binary-expr","locations":[{"start":{"line":13,"column":6},"end":{"line":13,"column":16}},{"start":{"line":13,"column":20},"end":{"line":13,"column":37}}],"line":13},"2":{"loc":{"start":{"line":18,"column":2},"end":{"line":18,"column":38}},"type":"if","locations":[{"start":{"line":18,"column":2},"end":{"line":18,"column":38}},{"start":{},"end":{}}],"line":18},"3":{"loc":{"start":{"line":21,"column":11},"end":{"line":21,"column":71}},"type":"binary-expr","locations":[{"start":{"line":21,"column":11},"end":{"line":21,"column":16}},{"start":{"line":21,"column":20},"end":{"line":21,"column":25}},{"start":{"line":21,"column":29},"end":{"line":21,"column":48}},{"start":{"line":21,"column":52},"end":{"line":21,"column":71}}],"line":21},"4":{"loc":{"start":{"line":41,"column":21},"end":{"line":41,"column":75}},"type":"binary-expr","locations":[{"start":{"line":41,"column":21},"end":{"line":41,"column":44}},{"start":{"line":41,"column":48},"end":{"line":41,"column":75}}],"line":41},"5":{"loc":{"start":{"line":47,"column":2},"end":{"line":66,"column":3}},"type":"if","locations":[{"start":{"line":47,"column":2},"end":{"line":66,"column":3}},{"start":{},"end":{}}],"line":47},"6":{"loc":{"start":{"line":47,"column":6},"end":{"line":47,"column":33}},"type":"binary-expr","locations":[{"start":{"line":47,"column":6},"end":{"line":47,"column":14}},{"start":{"line":47,"column":18},"end":{"line":47,"column":33}}],"line":47},"7":{"loc":{"start":{"line":54,"column":6},"end":{"line":57,"column":7}},"type":"if","locations":[{"start":{"line":54,"column":6},"end":{"line":57,"column":7}},{"start":{},"end":{}}],"line":54},"8":{"loc":{"start":{"line":60,"column":6},"end":{"line":63,"column":7}},"type":"if","locations":[{"start":{"line":60,"column":6},"end":{"line":63,"column":7}},{"start":{},"end":{}}],"line":60},"9":{"loc":{"start":{"line":68,"column":2},"end":{"line":71,"column":3}},"type":"if","locations":[{"start":{"line":68,"column":2},"end":{"line":71,"column":3}},{"start":{},"end":{}}],"line":68},"10":{"loc":{"start":{"line":78,"column":2},"end":{"line":84,"column":3}},"type":"if","locations":[{"start":{"line":78,"column":2},"end":{"line":84,"column":3}},{"start":{},"end":{}}],"line":78},"11":{"loc":{"start":{"line":78,"column":6},"end":{"line":78,"column":66}},"type":"binary-expr","locations":[{"start":{"line":78,"column":6},"end":{"line":78,"column":13}},{"start":{"line":78,"column":17},"end":{"line":78,"column":36}},{"start":{"line":78,"column":40},"end":{"line":78,"column":66}}],"line":78},"12":{"loc":{"start":{"line":80,"column":6},"end":{"line":82,"column":7}},"type":"if","locations":[{"start":{"line":80,"column":6},"end":{"line":82,"column":7}},{"start":{},"end":{}}],"line":80},"13":{"loc":{"start":{"line":80,"column":10},"end":{"line":80,"column":67}},"type":"binary-expr","locations":[{"start":{"line":80,"column":10},"end":{"line":80,"column":30}},{"start":{"line":80,"column":34},"end":{"line":80,"column":67}}],"line":80}},"s":{"0":1,"1":0,"2":1,"3":1,"4":1,"5":0,"6":1,"7":1,"8":1,"9":1,"10":7,"11":7,"12":7,"13":7,"14":2,"15":2,"16":2,"17":2,"18":2,"19":0,"20":0,"21":2,"22":2,"23":2,"24":0,"25":0,"26":2,"27":7,"28":0,"29":7,"30":7,"31":7,"32":7,"33":2,"34":2,"35":1,"36":7},"f":{"0":1,"1":1,"2":1,"3":7,"4":2},"b":{"0":[0,1],"1":[1,1],"2":[0,1],"3":[1,1,0,0],"4":[7,7],"5":[2,5],"6":[7,2],"7":[0,2],"8":[0,2],"9":[0,7],"10":[2,5],"11":[7,5,5],"12":[1,1],"13":[2,1]},"_coverageSchema":"1a1c01bbd47fc00a2c39e90264f33305004495a9","hash":"2d9fbaaea9d938145c3b535b9f8d70ecb22d5b3e"}
,"/mnt/Secondary/Proyectos/Personal/JavaScript/ProyectosWeb/CLI/CDD/src/hooks/useContainerCommandRouter.js": {"path":"/mnt/Secondary/Proyectos/Personal/JavaScript/ProyectosWeb/CLI/CDD/src/hooks/useContainerCommandRouter.js","statementMap":{"0":{"start":{"line":39,"column":31},"end":{"line":120,"column":3}},"1":{"start":{"line":41,"column":24},"end":{"line":41,"column":44}},"2":{"start":{"line":43,"column":6},"end":{"line":53,"column":7}},"3":{"start":{"line":44,"column":8},"end":{"line":51,"column":11}},"4":{"start":{"line":45,"column":34},"end":{"line":45,"column":66}},"5":{"start":{"line":49,"column":12},"end":{"line":50,"column":43}},"6":{"start":{"line":52,"column":8},"end":{"line":52,"column":20}},"7":{"start":{"line":55,"column":6},"end":{"line":68,"column":7}},"8":{"start":{"line":56,"column":8},"end":{"line":66,"column":11}},"9":{"start":{"line":57,"column":34},"end":{"line":57,"column":65}},"10":{"start":{"line":61,"column":12},"end":{"line":65,"column":43}},"11":{"start":{"line":67,"column":8},"end":{"line":67,"column":20}},"12":{"start":{"line":70,"column":6},"end":{"line":77,"column":7}},"13":{"start":{"line":71,"column":8},"end":{"line":75,"column":11}},"14":{"start":{"line":72,"column":34},"end":{"line":72,"column":68}},"15":{"start":{"line":76,"column":8},"end":{"line":76,"column":20}},"16":{"start":{"line":79,"column":6},"end":{"line":85,"column":7}},"17":{"start":{"line":80,"column":8},"end":{"line":82,"column":9}},"18":{"start":{"line":81,"column":10},"end":{"line":81,"column":22}},"19":{"start":{"line":83,"column":8},"end":{"line":83,"column":23}},"20":{"start":{"line":84,"column":8},"end":{"line":84,"column":20}},"21":{"start":{"line":87,"column":6},"end":{"line":94,"column":7}},"22":{"start":{"line":88,"column":8},"end":{"line":90,"column":9}},"23":{"start":{"line":89,"column":10},"end":{"line":89,"column":22}},"24":{"start":{"line":91,"column":8},"end":{"line":91,"column":30}},"25":{"start":{"line":92,"column":8},"end":{"line":92,"column":38}},"26":{"start":{"line":93,"column":8},"end":{"line":93,"column":20}},"27":{"start":{"line":96,"column":6},"end":{"line":100,"column":7}},"28":{"start":{"line":97,"column":8},"end":{"line":97,"column":24}},"29":{"start":{"line":98,"column":8},"end":{"line":98,"column":33}},"30":{"start":{"line":99,"column":8},"end":{"line":99,"column":20}},"31":{"start":{"line":102,"column":6},"end":{"line":105,"column":7}},"32":{"start":{"line":103,"column":8},"end":{"line":103,"column":24}},"33":{"start":{"line":104,"column":8},"end":{"line":104,"column":20}},"34":{"start":{"line":107,"column":6},"end":{"line":107,"column":19}},"35":{"start":{"line":122,"column":2},"end":{"line":122,"column":34}}},"fnMap":{"0":{"name":"useContainerCommandRouter","decl":{"start":{"line":28,"column":16},"end":{"line":28,"column":41}},"loc":{"start":{"line":38,"column":3},"end":{"line":123,"column":1}},"line":38},"1":{"name":"(anonymous_1)","decl":{"start":{"line":40,"column":4},"end":{"line":40,"column":5}},"loc":{"start":{"line":40,"column":15},"end":{"line":108,"column":5}},"line":40},"2":{"name":"(anonymous_2)","decl":{"start":{"line":45,"column":20},"end":{"line":45,"column":21}},"loc":{"start":{"line":45,"column":34},"end":{"line":45,"column":66}},"line":45},"3":{"name":"(anonymous_3)","decl":{"start":{"line":48,"column":22},"end":{"line":48,"column":23}},"loc":{"start":{"line":49,"column":12},"end":{"line":50,"column":43}},"line":49},"4":{"name":"(anonymous_4)","decl":{"start":{"line":57,"column":20},"end":{"line":57,"column":21}},"loc":{"start":{"line":57,"column":34},"end":{"line":57,"column":65}},"line":57},"5":{"name":"(anonymous_5)","decl":{"start":{"line":60,"column":22},"end":{"line":60,"column":23}},"loc":{"start":{"line":61,"column":12},"end":{"line":65,"column":43}},"line":61},"6":{"name":"(anonymous_6)","decl":{"start":{"line":72,"column":20},"end":{"line":72,"column":21}},"loc":{"start":{"line":72,"column":34},"end":{"line":72,"column":68}},"line":72}},"branchMap":{"0":{"loc":{"start":{"line":43,"column":6},"end":{"line":53,"column":7}},"type":"if","locations":[{"start":{"line":43,"column":6},"end":{"line":53,"column":7}},{"start":{},"end":{}}],"line":43},"1":{"loc":{"start":{"line":49,"column":12},"end":{"line":50,"column":43}},"type":"binary-expr","locations":[{"start":{"line":49,"column":13},"end":{"line":49,"column":34}},{"start":{"line":49,"column":38},"end":{"line":49,"column":60}},{"start":{"line":50,"column":12},"end":{"line":50,"column":43}}],"line":49},"2":{"loc":{"start":{"line":55,"column":6},"end":{"line":68,"column":7}},"type":"if","locations":[{"start":{"line":55,"column":6},"end":{"line":68,"column":7}},{"start":{},"end":{}}],"line":55},"3":{"loc":{"start":{"line":61,"column":12},"end":{"line":65,"column":43}},"type":"binary-expr","locations":[{"start":{"line":61,"column":13},"end":{"line":61,"column":33}},{"start":{"line":62,"column":14},"end":{"line":62,"column":35}},{"start":{"line":63,"column":14},"end":{"line":63,"column":35}},{"start":{"line":64,"column":14},"end":{"line":64,"column":36}},{"start":{"line":65,"column":12},"end":{"line":65,"column":43}}],"line":61},"4":{"loc":{"start":{"line":70,"column":6},"end":{"line":77,"column":7}},"type":"if","locations":[{"start":{"line":70,"column":6},"end":{"line":77,"column":7}},{"start":{},"end":{}}],"line":70},"5":{"loc":{"start":{"line":79,"column":6},"end":{"line":85,"column":7}},"type":"if","locations":[{"start":{"line":79,"column":6},"end":{"line":85,"column":7}},{"start":{},"end":{}}],"line":79},"6":{"loc":{"start":{"line":80,"column":8},"end":{"line":82,"column":9}},"type":"if","locations":[{"start":{"line":80,"column":8},"end":{"line":82,"column":9}},{"start":{},"end":{}}],"line":80},"7":{"loc":{"start":{"line":87,"column":6},"end":{"line":94,"column":7}},"type":"if","locations":[{"start":{"line":87,"column":6},"end":{"line":94,"column":7}},{"start":{},"end":{}}],"line":87},"8":{"loc":{"start":{"line":88,"column":8},"end":{"line":90,"column":9}},"type":"if","locations":[{"start":{"line":88,"column":8},"end":{"line":90,"column":9}},{"start":{},"end":{}}],"line":88},"9":{"loc":{"start":{"line":96,"column":6},"end":{"line":100,"column":7}},"type":"if","locations":[{"start":{"line":96,"column":6},"end":{"line":100,"column":7}},{"start":{},"end":{}}],"line":96},"10":{"loc":{"start":{"line":102,"column":6},"end":{"line":105,"column":7}},"type":"if","locations":[{"start":{"line":102,"column":6},"end":{"line":105,"column":7}},{"start":{},"end":{}}],"line":102}},"s":{"0":96,"1":12,"2":12,"3":0,"4":0,"5":0,"6":0,"7":12,"8":0,"9":0,"10":0,"11":0,"12":12,"13":0,"14":0,"15":0,"16":12,"17":0,"18":0,"19":0,"20":0,"21":12,"22":0,"23":0,"24":0,"25":0,"26":0,"27":12,"28":12,"29":12,"30":12,"31":0,"32":0,"33":0,"34":0,"35":96},"f":{"0":96,"1":12,"2":0,"3":0,"4":0,"5":0,"6":0},"b":{"0":[0,12],"1":[0,0,0],"2":[0,12],"3":[0,0,0,0,0],"4":[0,12],"5":[0,12],"6":[0,0],"7":[0,12],"8":[0,0],"9":[12,0],"10":[0,0]},"_coverageSchema":"1a1c01bbd47fc00a2c39e90264f33305004495a9","hash":"0243b3e7bd5dec61d19144c0ddb2d1d3d019c100"}
,"/mnt/Secondary/Proyectos/Personal/JavaScript/ProyectosWeb/CLI/CDD/src/hooks/useControls.js": {"path":"/mnt/Secondary/Proyectos/Personal/JavaScript/ProyectosWeb/CLI/CDD/src/hooks/useControls.js","statementMap":{"0":{"start":{"line":25,"column":52},"end":{"line":25,"column":73}},"1":{"start":{"line":28,"column":18},"end":{"line":28,"column":53}},"2":{"start":{"line":30,"column":19},"end":{"line":61,"column":4}},"3":{"start":{"line":32,"column":22},"end":{"line":37,"column":8}},"4":{"start":{"line":38,"column":6},"end":{"line":38,"column":63}},"5":{"start":{"line":39,"column":6},"end":{"line":39,"column":40}},"6":{"start":{"line":40,"column":6},"end":{"line":57,"column":7}},"7":{"start":{"line":41,"column":30},"end":{"line":41,"column":74}},"8":{"start":{"line":42,"column":22},"end":{"line":42,"column":24}},"9":{"start":{"line":43,"column":8},"end":{"line":49,"column":9}},"10":{"start":{"line":44,"column":10},"end":{"line":48,"column":26}},"11":{"start":{"line":47,"column":26},"end":{"line":47,"column":74}},"12":{"start":{"line":50,"column":8},"end":{"line":50,"column":64}},"13":{"start":{"line":51,"column":8},"end":{"line":51,"column":41}},"14":{"start":{"line":53,"column":8},"end":{"line":53,"column":71}},"15":{"start":{"line":54,"column":8},"end":{"line":54,"column":39}},"16":{"start":{"line":56,"column":8},"end":{"line":56,"column":36}},"17":{"start":{"line":59,"column":20},"end":{"line":59,"column":47}},"18":{"start":{"line":63,"column":21},"end":{"line":63,"column":36}},"19":{"start":{"line":64,"column":20},"end":{"line":64,"column":60}},"20":{"start":{"line":65,"column":20},"end":{"line":65,"column":34}},"21":{"start":{"line":68,"column":27},"end":{"line":68,"column":82}},"22":{"start":{"line":69,"column":25},"end":{"line":69,"column":76}},"23":{"start":{"line":71,"column":28},"end":{"line":84,"column":4}},"24":{"start":{"line":73,"column":6},"end":{"line":77,"column":9}},"25":{"start":{"line":74,"column":32},"end":{"line":74,"column":65}},"26":{"start":{"line":78,"column":6},"end":{"line":78,"column":40}},"27":{"start":{"line":81,"column":6},"end":{"line":81,"column":29}},"28":{"start":{"line":82,"column":6},"end":{"line":82,"column":34}},"29":{"start":{"line":90,"column":26},"end":{"line":105,"column":3}},"30":{"start":{"line":92,"column":6},"end":{"line":102,"column":8}},"31":{"start":{"line":95,"column":10},"end":{"line":98,"column":12}},"32":{"start":{"line":96,"column":28},"end":{"line":96,"column":74}},"33":{"start":{"line":97,"column":12},"end":{"line":97,"column":40}},"34":{"start":{"line":101,"column":10},"end":{"line":101,"column":74}},"35":{"start":{"line":101,"column":39},"end":{"line":101,"column":73}},"36":{"start":{"line":107,"column":24},"end":{"line":123,"column":4}},"37":{"start":{"line":115,"column":6},"end":{"line":115,"column":37}},"38":{"start":{"line":116,"column":6},"end":{"line":118,"column":8}},"39":{"start":{"line":119,"column":6},"end":{"line":119,"column":40}},"40":{"start":{"line":121,"column":25},"end":{"line":121,"column":68}},"41":{"start":{"line":121,"column":62},"end":{"line":121,"column":67}},"42":{"start":{"line":122,"column":25},"end":{"line":122,"column":51}},"43":{"start":{"line":125,"column":22},"end":{"line":132,"column":4}},"44":{"start":{"line":127,"column":6},"end":{"line":127,"column":39}},"45":{"start":{"line":128,"column":6},"end":{"line":128,"column":40}},"46":{"start":{"line":129,"column":6},"end":{"line":129,"column":29}},"47":{"start":{"line":130,"column":6},"end":{"line":130,"column":40}},"48":{"start":{"line":137,"column":31},"end":{"line":207,"column":3}},"49":{"start":{"line":139,"column":19},"end":{"line":139,"column":32}},"50":{"start":{"line":141,"column":29},"end":{"line":142,"column":53}},"51":{"start":{"line":142,"column":8},"end":{"line":142,"column":53}},"52":{"start":{"line":142,"column":26},"end":{"line":142,"column":52}},"53":{"start":{"line":143,"column":25},"end":{"line":143,"column":78}},"54":{"start":{"line":143,"column":50},"end":{"line":143,"column":78}},"55":{"start":{"line":145,"column":6},"end":{"line":149,"column":7}},"56":{"start":{"line":146,"column":8},"end":{"line":146,"column":34}},"57":{"start":{"line":147,"column":8},"end":{"line":147,"column":36}},"58":{"start":{"line":148,"column":8},"end":{"line":148,"column":15}},"59":{"start":{"line":151,"column":6},"end":{"line":159,"column":7}},"60":{"start":{"line":153,"column":8},"end":{"line":156,"column":9}},"61":{"start":{"line":154,"column":10},"end":{"line":154,"column":44}},"62":{"start":{"line":155,"column":10},"end":{"line":155,"column":17}},"63":{"start":{"line":157,"column":8},"end":{"line":157,"column":28}},"64":{"start":{"line":158,"column":8},"end":{"line":158,"column":15}},"65":{"start":{"line":162,"column":6},"end":{"line":169,"column":7}},"66":{"start":{"line":163,"column":8},"end":{"line":167,"column":9}},"67":{"start":{"line":164,"column":10},"end":{"line":166,"column":11}},"68":{"start":{"line":165,"column":12},"end":{"line":165,"column":31}},"69":{"start":{"line":168,"column":8},"end":{"line":168,"column":15}},"70":{"start":{"line":172,"column":6},"end":{"line":181,"column":7}},"71":{"start":{"line":173,"column":8},"end":{"line":176,"column":9}},"72":{"start":{"line":174,"column":10},"end":{"line":174,"column":47}},"73":{"start":{"line":175,"column":10},"end":{"line":175,"column":17}},"74":{"start":{"line":177,"column":8},"end":{"line":180,"column":9}},"75":{"start":{"line":178,"column":10},"end":{"line":178,"column":46}},"76":{"start":{"line":179,"column":10},"end":{"line":179,"column":17}},"77":{"start":{"line":183,"column":6},"end":{"line":192,"column":7}},"78":{"start":{"line":184,"column":8},"end":{"line":187,"column":9}},"79":{"start":{"line":185,"column":27},"end":{"line":185,"column":66}},"80":{"start":{"line":186,"column":10},"end":{"line":186,"column":46}},"81":{"start":{"line":188,"column":8},"end":{"line":188,"column":66}},"82":{"start":{"line":188,"column":24},"end":{"line":188,"column":66}},"83":{"start":{"line":189,"column":8},"end":{"line":189,"column":62}},"84":{"start":{"line":189,"column":24},"end":{"line":189,"column":62}},"85":{"start":{"line":190,"column":8},"end":{"line":190,"column":61}},"86":{"start":{"line":190,"column":24},"end":{"line":190,"column":61}},"87":{"start":{"line":191,"column":8},"end":{"line":191,"column":15}},"88":{"start":{"line":194,"column":6},"end":{"line":204,"column":7}},"89":{"start":{"line":195,"column":8},"end":{"line":197,"column":9}},"90":{"start":{"line":196,"column":10},"end":{"line":196,"column":72}},"91":{"start":{"line":198,"column":8},"end":{"line":199,"column":79}},"92":{"start":{"line":199,"column":10},"end":{"line":199,"column":79}},"93":{"start":{"line":200,"column":8},"end":{"line":201,"column":71}},"94":{"start":{"line":201,"column":10},"end":{"line":201,"column":71}},"95":{"start":{"line":202,"column":8},"end":{"line":203,"column":69}},"96":{"start":{"line":203,"column":10},"end":{"line":203,"column":69}},"97":{"start":{"line":210,"column":2},"end":{"line":236,"column":5}},"98":{"start":{"line":211,"column":4},"end":{"line":214,"column":5}},"99":{"start":{"line":212,"column":6},"end":{"line":212,"column":61}},"100":{"start":{"line":213,"column":6},"end":{"line":213,"column":13}},"101":{"start":{"line":216,"column":4},"end":{"line":221,"column":5}},"102":{"start":{"line":217,"column":6},"end":{"line":219,"column":7}},"103":{"start":{"line":218,"column":8},"end":{"line":218,"column":31}},"104":{"start":{"line":220,"column":6},"end":{"line":220,"column":13}},"105":{"start":{"line":223,"column":4},"end":{"line":226,"column":5}},"106":{"start":{"line":224,"column":6},"end":{"line":224,"column":39}},"107":{"start":{"line":225,"column":6},"end":{"line":225,"column":13}},"108":{"start":{"line":228,"column":4},"end":{"line":231,"column":5}},"109":{"start":{"line":229,"column":6},"end":{"line":229,"column":40}},"110":{"start":{"line":230,"column":6},"end":{"line":230,"column":13}},"111":{"start":{"line":233,"column":4},"end":{"line":233,"column":46}},"112":{"start":{"line":234,"column":4},"end":{"line":234,"column":41}},"113":{"start":{"line":235,"column":4},"end":{"line":235,"column":43}},"114":{"start":{"line":238,"column":2},"end":{"line":260,"column":4}}},"fnMap":{"0":{"name":"useControls","decl":{"start":{"line":24,"column":16},"end":{"line":24,"column":27}},"loc":{"start":{"line":24,"column":61},"end":{"line":261,"column":1}},"line":24},"1":{"name":"(anonymous_1)","decl":{"start":{"line":31,"column":14},"end":{"line":31,"column":15}},"loc":{"start":{"line":31,"column":75},"end":{"line":58,"column":5}},"line":31},"2":{"name":"(anonymous_2)","decl":{"start":{"line":47,"column":19},"end":{"line":47,"column":20}},"loc":{"start":{"line":47,"column":26},"end":{"line":47,"column":74}},"line":47},"3":{"name":"(anonymous_3)","decl":{"start":{"line":59,"column":14},"end":{"line":59,"column":15}},"loc":{"start":{"line":59,"column":20},"end":{"line":59,"column":47}},"line":59},"4":{"name":"(anonymous_4)","decl":{"start":{"line":72,"column":15},"end":{"line":72,"column":16}},"loc":{"start":{"line":72,"column":21},"end":{"line":79,"column":5}},"line":72},"5":{"name":"(anonymous_5)","decl":{"start":{"line":74,"column":18},"end":{"line":74,"column":19}},"loc":{"start":{"line":74,"column":32},"end":{"line":74,"column":65}},"line":74},"6":{"name":"(anonymous_6)","decl":{"start":{"line":80,"column":14},"end":{"line":80,"column":15}},"loc":{"start":{"line":80,"column":20},"end":{"line":83,"column":5}},"line":80},"7":{"name":"(anonymous_7)","decl":{"start":{"line":91,"column":4},"end":{"line":91,"column":5}},"loc":{"start":{"line":91,"column":21},"end":{"line":103,"column":5}},"line":91},"8":{"name":"(anonymous_8)","decl":{"start":{"line":94,"column":8},"end":{"line":94,"column":9}},"loc":{"start":{"line":95,"column":10},"end":{"line":98,"column":12}},"line":95},"9":{"name":"(anonymous_9)","decl":{"start":{"line":95,"column":29},"end":{"line":95,"column":30}},"loc":{"start":{"line":95,"column":39},"end":{"line":98,"column":11}},"line":95},"10":{"name":"(anonymous_10)","decl":{"start":{"line":99,"column":8},"end":{"line":99,"column":9}},"loc":{"start":{"line":99,"column":14},"end":{"line":99,"column":16}},"line":99},"11":{"name":"(anonymous_11)","decl":{"start":{"line":100,"column":8},"end":{"line":100,"column":9}},"loc":{"start":{"line":101,"column":10},"end":{"line":101,"column":74}},"line":101},"12":{"name":"(anonymous_12)","decl":{"start":{"line":101,"column":29},"end":{"line":101,"column":30}},"loc":{"start":{"line":101,"column":39},"end":{"line":101,"column":73}},"line":101},"13":{"name":"(anonymous_13)","decl":{"start":{"line":114,"column":18},"end":{"line":114,"column":19}},"loc":{"start":{"line":114,"column":24},"end":{"line":120,"column":5}},"line":114},"14":{"name":"(anonymous_14)","decl":{"start":{"line":121,"column":19},"end":{"line":121,"column":20}},"loc":{"start":{"line":121,"column":25},"end":{"line":121,"column":68}},"line":121},"15":{"name":"(anonymous_15)","decl":{"start":{"line":121,"column":52},"end":{"line":121,"column":53}},"loc":{"start":{"line":121,"column":62},"end":{"line":121,"column":67}},"line":121},"16":{"name":"(anonymous_16)","decl":{"start":{"line":122,"column":19},"end":{"line":122,"column":20}},"loc":{"start":{"line":122,"column":25},"end":{"line":122,"column":51}},"line":122},"17":{"name":"(anonymous_17)","decl":{"start":{"line":126,"column":18},"end":{"line":126,"column":19}},"loc":{"start":{"line":126,"column":24},"end":{"line":131,"column":5}},"line":126},"18":{"name":"(anonymous_18)","decl":{"start":{"line":138,"column":4},"end":{"line":138,"column":5}},"loc":{"start":{"line":138,"column":20},"end":{"line":205,"column":5}},"line":138},"19":{"name":"(anonymous_19)","decl":{"start":{"line":141,"column":29},"end":{"line":141,"column":30}},"loc":{"start":{"line":142,"column":8},"end":{"line":142,"column":53}},"line":142},"20":{"name":"(anonymous_20)","decl":{"start":{"line":142,"column":15},"end":{"line":142,"column":16}},"loc":{"start":{"line":142,"column":26},"end":{"line":142,"column":52}},"line":142},"21":{"name":"(anonymous_21)","decl":{"start":{"line":143,"column":25},"end":{"line":143,"column":26}},"loc":{"start":{"line":143,"column":50},"end":{"line":143,"column":78}},"line":143},"22":{"name":"(anonymous_22)","decl":{"start":{"line":210,"column":11},"end":{"line":210,"column":12}},"loc":{"start":{"line":210,"column":27},"end":{"line":236,"column":3}},"line":210}},"branchMap":{"0":{"loc":{"start":{"line":24,"column":28},"end":{"line":24,"column":43}},"type":"default-arg","locations":[{"start":{"line":24,"column":41},"end":{"line":24,"column":43}}],"line":24},"1":{"loc":{"start":{"line":24,"column":45},"end":{"line":24,"column":59}},"type":"default-arg","locations":[{"start":{"line":24,"column":57},"end":{"line":24,"column":59}}],"line":24},"2":{"loc":{"start":{"line":43,"column":8},"end":{"line":49,"column":9}},"type":"if","locations":[{"start":{"line":43,"column":8},"end":{"line":49,"column":9}},{"start":{},"end":{}}],"line":43},"3":{"loc":{"start":{"line":43,"column":12},"end":{"line":43,"column":33}},"type":"binary-expr","locations":[{"start":{"line":43,"column":12},"end":{"line":43,"column":17}},{"start":{"line":43,"column":21},"end":{"line":43,"column":33}}],"line":43},"4":{"loc":{"start":{"line":68,"column":27},"end":{"line":68,"column":82}},"type":"binary-expr","locations":[{"start":{"line":68,"column":27},"end":{"line":68,"column":53}},{"start":{"line":68,"column":57},"end":{"line":68,"column":82}}],"line":68},"5":{"loc":{"start":{"line":69,"column":25},"end":{"line":69,"column":76}},"type":"binary-expr","locations":[{"start":{"line":69,"column":25},"end":{"line":69,"column":49}},{"start":{"line":69,"column":53},"end":{"line":69,"column":76}}],"line":69},"6":{"loc":{"start":{"line":142,"column":27},"end":{"line":142,"column":38}},"type":"binary-expr","locations":[{"start":{"line":142,"column":27},"end":{"line":142,"column":32}},{"start":{"line":142,"column":36},"end":{"line":142,"column":38}}],"line":142},"7":{"loc":{"start":{"line":143,"column":58},"end":{"line":143,"column":71}},"type":"binary-expr","locations":[{"start":{"line":143,"column":58},"end":{"line":143,"column":65}},{"start":{"line":143,"column":69},"end":{"line":143,"column":71}}],"line":143},"8":{"loc":{"start":{"line":145,"column":6},"end":{"line":149,"column":7}},"type":"if","locations":[{"start":{"line":145,"column":6},"end":{"line":149,"column":7}},{"start":{},"end":{}}],"line":145},"9":{"loc":{"start":{"line":151,"column":6},"end":{"line":159,"column":7}},"type":"if","locations":[{"start":{"line":151,"column":6},"end":{"line":159,"column":7}},{"start":{},"end":{}}],"line":151},"10":{"loc":{"start":{"line":151,"column":10},"end":{"line":151,"column":42}},"type":"binary-expr","locations":[{"start":{"line":151,"column":10},"end":{"line":151,"column":24}},{"start":{"line":151,"column":28},"end":{"line":151,"column":42}}],"line":151},"11":{"loc":{"start":{"line":153,"column":8},"end":{"line":156,"column":9}},"type":"if","locations":[{"start":{"line":153,"column":8},"end":{"line":156,"column":9}},{"start":{},"end":{}}],"line":153},"12":{"loc":{"start":{"line":153,"column":12},"end":{"line":153,"column":63}},"type":"binary-expr","locations":[{"start":{"line":153,"column":12},"end":{"line":153,"column":22}},{"start":{"line":153,"column":26},"end":{"line":153,"column":63}}],"line":153},"13":{"loc":{"start":{"line":162,"column":6},"end":{"line":169,"column":7}},"type":"if","locations":[{"start":{"line":162,"column":6},"end":{"line":169,"column":7}},{"start":{},"end":{}}],"line":162},"14":{"loc":{"start":{"line":163,"column":8},"end":{"line":167,"column":9}},"type":"if","locations":[{"start":{"line":163,"column":8},"end":{"line":167,"column":9}},{"start":{},"end":{}}],"line":163},"15":{"loc":{"start":{"line":164,"column":10},"end":{"line":166,"column":11}},"type":"if","locations":[{"start":{"line":164,"column":10},"end":{"line":166,"column":11}},{"start":{},"end":{}}],"line":164},"16":{"loc":{"start":{"line":164,"column":14},"end":{"line":164,"column":73}},"type":"binary-expr","locations":[{"start":{"line":164,"column":14},"end":{"line":164,"column":29}},{"start":{"line":164,"column":33},"end":{"line":164,"column":73}}],"line":164},"17":{"loc":{"start":{"line":164,"column":34},"end":{"line":164,"column":58}},"type":"binary-expr","locations":[{"start":{"line":164,"column":34},"end":{"line":164,"column":52}},{"start":{"line":164,"column":56},"end":{"line":164,"column":58}}],"line":164},"18":{"loc":{"start":{"line":172,"column":6},"end":{"line":181,"column":7}},"type":"if","locations":[{"start":{"line":172,"column":6},"end":{"line":181,"column":7}},{"start":{},"end":{}}],"line":172},"19":{"loc":{"start":{"line":172,"column":10},"end":{"line":172,"column":55}},"type":"binary-expr","locations":[{"start":{"line":172,"column":10},"end":{"line":172,"column":20}},{"start":{"line":172,"column":24},"end":{"line":172,"column":55}}],"line":172},"20":{"loc":{"start":{"line":173,"column":8},"end":{"line":176,"column":9}},"type":"if","locations":[{"start":{"line":173,"column":8},"end":{"line":176,"column":9}},{"start":{},"end":{}}],"line":173},"21":{"loc":{"start":{"line":177,"column":8},"end":{"line":180,"column":9}},"type":"if","locations":[{"start":{"line":177,"column":8},"end":{"line":180,"column":9}},{"start":{},"end":{}}],"line":177},"22":{"loc":{"start":{"line":183,"column":6},"end":{"line":192,"column":7}},"type":"if","locations":[{"start":{"line":183,"column":6},"end":{"line":192,"column":7}},{"start":{},"end":{}}],"line":183},"23":{"loc":{"start":{"line":183,"column":10},"end":{"line":183,"column":37}},"type":"binary-expr","locations":[{"start":{"line":183,"column":10},"end":{"line":183,"column":23}},{"start":{"line":183,"column":27},"end":{"line":183,"column":37}}],"line":183},"24":{"loc":{"start":{"line":184,"column":8},"end":{"line":187,"column":9}},"type":"if","locations":[{"start":{"line":184,"column":8},"end":{"line":187,"column":9}},{"start":{},"end":{}}],"line":184},"25":{"loc":{"start":{"line":185,"column":28},"end":{"line":185,"column":52}},"type":"binary-expr","locations":[{"start":{"line":185,"column":28},"end":{"line":185,"column":46}},{"start":{"line":185,"column":50},"end":{"line":185,"column":52}}],"line":185},"26":{"loc":{"start":{"line":188,"column":8},"end":{"line":188,"column":66}},"type":"if","locations":[{"start":{"line":188,"column":8},"end":{"line":188,"column":66}},{"start":{},"end":{}}],"line":188},"27":{"loc":{"start":{"line":189,"column":8},"end":{"line":189,"column":62}},"type":"if","locations":[{"start":{"line":189,"column":8},"end":{"line":189,"column":62}},{"start":{},"end":{}}],"line":189},"28":{"loc":{"start":{"line":190,"column":8},"end":{"line":190,"column":61}},"type":"if","locations":[{"start":{"line":190,"column":8},"end":{"line":190,"column":61}},{"start":{},"end":{}}],"line":190},"29":{"loc":{"start":{"line":194,"column":6},"end":{"line":204,"column":7}},"type":"if","locations":[{"start":{"line":194,"column":6},"end":{"line":204,"column":7}},{"start":{},"end":{}}],"line":194},"30":{"loc":{"start":{"line":194,"column":10},"end":{"line":194,"column":63}},"type":"binary-expr","locations":[{"start":{"line":194,"column":10},"end":{"line":194,"column":15}},{"start":{"line":194,"column":19},"end":{"line":194,"column":37}},{"start":{"line":194,"column":41},"end":{"line":194,"column":50}},{"start":{"line":194,"column":54},"end":{"line":194,"column":63}}],"line":194},"31":{"loc":{"start":{"line":195,"column":8},"end":{"line":197,"column":9}},"type":"if","locations":[{"start":{"line":195,"column":8},"end":{"line":197,"column":9}},{"start":{},"end":{}}],"line":195},"32":{"loc":{"start":{"line":196,"column":37},"end":{"line":196,"column":61}},"type":"binary-expr","locations":[{"start":{"line":196,"column":37},"end":{"line":196,"column":55}},{"start":{"line":196,"column":59},"end":{"line":196,"column":61}}],"line":196},"33":{"loc":{"start":{"line":198,"column":8},"end":{"line":199,"column":79}},"type":"if","locations":[{"start":{"line":198,"column":8},"end":{"line":199,"column":79}},{"start":{},"end":{}}],"line":198},"34":{"loc":{"start":{"line":200,"column":8},"end":{"line":201,"column":71}},"type":"if","locations":[{"start":{"line":200,"column":8},"end":{"line":201,"column":71}},{"start":{},"end":{}}],"line":200},"35":{"loc":{"start":{"line":202,"column":8},"end":{"line":203,"column":69}},"type":"if","locations":[{"start":{"line":202,"column":8},"end":{"line":203,"column":69}},{"start":{},"end":{}}],"line":202},"36":{"loc":{"start":{"line":211,"column":4},"end":{"line":214,"column":5}},"type":"if","locations":[{"start":{"line":211,"column":4},"end":{"line":214,"column":5}},{"start":{},"end":{}}],"line":211},"37":{"loc":{"start":{"line":216,"column":4},"end":{"line":221,"column":5}},"type":"if","locations":[{"start":{"line":216,"column":4},"end":{"line":221,"column":5}},{"start":{},"end":{}}],"line":216},"38":{"loc":{"start":{"line":217,"column":6},"end":{"line":219,"column":7}},"type":"if","locations":[{"start":{"line":217,"column":6},"end":{"line":219,"column":7}},{"start":{},"end":{}}],"line":217},"39":{"loc":{"start":{"line":217,"column":10},"end":{"line":217,"column":37}},"type":"binary-expr","locations":[{"start":{"line":217,"column":10},"end":{"line":217,"column":23}},{"start":{"line":217,"column":27},"end":{"line":217,"column":37}}],"line":217},"40":{"loc":{"start":{"line":223,"column":4},"end":{"line":226,"column":5}},"type":"if","locations":[{"start":{"line":223,"column":4},"end":{"line":226,"column":5}},{"start":{},"end":{}}],"line":223},"41":{"loc":{"start":{"line":228,"column":4},"end":{"line":231,"column":5}},"type":"if","locations":[{"start":{"line":228,"column":4},"end":{"line":231,"column":5}},{"start":{},"end":{}}],"line":228},"42":{"loc":{"start":{"line":228,"column":8},"end":{"line":228,"column":45}},"type":"binary-expr","locations":[{"start":{"line":228,"column":8},"end":{"line":228,"column":31}},{"start":{"line":228,"column":35},"end":{"line":228,"column":45}}],"line":228},"43":{"loc":{"start":{"line":241,"column":13},"end":{"line":241,"column":67}},"type":"cond-expr","locations":[{"start":{"line":241,"column":33},"end":{"line":241,"column":49}},{"start":{"line":241,"column":52},"end":{"line":241,"column":67}}],"line":241},"44":{"loc":{"start":{"line":242,"column":18},"end":{"line":244,"column":28}},"type":"cond-expr","locations":[{"start":{"line":243,"column":8},"end":{"line":243,"column":29}},{"start":{"line":244,"column":8},"end":{"line":244,"column":28}}],"line":242}},"s":{"0":96,"1":96,"2":96,"3":4,"4":4,"5":4,"6":4,"7":4,"8":3,"9":3,"10":2,"11":3,"12":3,"13":3,"14":1,"15":1,"16":4,"17":0,"18":96,"19":96,"20":96,"21":96,"22":96,"23":96,"24":0,"25":0,"26":0,"27":0,"28":0,"29":96,"30":0,"31":0,"32":0,"33":0,"34":0,"35":0,"36":96,"37":0,"38":0,"39":0,"40":0,"41":0,"42":12,"43":96,"44":0,"45":0,"46":0,"47":0,"48":96,"49":27,"50":27,"51":0,"52":0,"53":27,"54":0,"55":27,"56":0,"57":0,"58":0,"59":27,"60":6,"61":2,"62":2,"63":4,"64":4,"65":21,"66":4,"67":3,"68":1,"69":4,"70":17,"71":8,"72":1,"73":1,"74":7,"75":5,"76":5,"77":11,"78":0,"79":0,"80":0,"81":0,"82":0,"83":0,"84":0,"85":0,"86":0,"87":0,"88":11,"89":9,"90":9,"91":9,"92":0,"93":9,"94":0,"95":9,"96":0,"97":96,"98":39,"99":0,"100":0,"101":39,"102":0,"103":0,"104":0,"105":39,"106":27,"107":27,"108":12,"109":0,"110":0,"111":12,"112":12,"113":12,"114":96},"f":{"0":96,"1":4,"2":3,"3":0,"4":0,"5":0,"6":0,"7":0,"8":0,"9":0,"10":0,"11":0,"12":0,"13":0,"14":0,"15":0,"16":12,"17":0,"18":27,"19":0,"20":0,"21":0,"22":39},"b":{"0":[0],"1":[84],"2":[2,1],"3":[3,3],"4":[96,84],"5":[96,84],"6":[0,0],"7":[0,0],"8":[0,27],"9":[6,21],"10":[27,21],"11":[2,4],"12":[6,6],"13":[4,17],"14":[3,1],"15":[1,2],"16":[3,2],"17":[2,1],"18":[8,9],"19":[17,16],"20":[1,7],"21":[5,2],"22":[0,11],"23":[11,11],"24":[0,0],"25":[0,0],"26":[0,0],"27":[0,0],"28":[0,0],"29":[9,2],"30":[11,9,9,9],"31":[9,0],"32":[9,6],"33":[0,9],"34":[0,9],"35":[0,9],"36":[0,39],"37":[0,39],"38":[0,0],"39":[0,0],"40":[27,12],"41":[0,12],"42":[12,0],"43":[45,51],"44":[45,51]},"_coverageSchema":"1a1c01bbd47fc00a2c39e90264f33305004495a9","hash":"96dc3249f4724830376e77f63fa37bd143ab7282"}
,"/mnt/Secondary/Proyectos/Personal/JavaScript/ProyectosWeb/CLI/CDD/src/hooks/useEraseConfirmation.js": {"path":"/mnt/Secondary/Proyectos/Personal/JavaScript/ProyectosWeb/CLI/CDD/src/hooks/useEraseConfirmation.js","statementMap":{"0":{"start":{"line":15,"column":42},"end":{"line":15,"column":57}},"1":{"start":{"line":17,"column":21},"end":{"line":19,"column":8}},"2":{"start":{"line":18,"column":4},"end":{"line":18,"column":26}},"3":{"start":{"line":21,"column":35},"end":{"line":36,"column":3}},"4":{"start":{"line":23,"column":6},"end":{"line":27,"column":7}},"5":{"start":{"line":24,"column":8},"end":{"line":24,"column":20}},"6":{"start":{"line":25,"column":8},"end":{"line":25,"column":31}},"7":{"start":{"line":26,"column":8},"end":{"line":26,"column":15}},"8":{"start":{"line":29,"column":6},"end":{"line":33,"column":7}},"9":{"start":{"line":30,"column":8},"end":{"line":30,"column":31}},"10":{"start":{"line":31,"column":8},"end":{"line":31,"column":19}},"11":{"start":{"line":32,"column":8},"end":{"line":32,"column":15}},"12":{"start":{"line":38,"column":2},"end":{"line":38,"column":64}}},"fnMap":{"0":{"name":"useEraseConfirmation","decl":{"start":{"line":14,"column":16},"end":{"line":14,"column":36}},"loc":{"start":{"line":14,"column":62},"end":{"line":39,"column":1}},"line":14},"1":{"name":"(anonymous_1)","decl":{"start":{"line":17,"column":33},"end":{"line":17,"column":34}},"loc":{"start":{"line":17,"column":39},"end":{"line":19,"column":3}},"line":17},"2":{"name":"(anonymous_2)","decl":{"start":{"line":22,"column":4},"end":{"line":22,"column":5}},"loc":{"start":{"line":22,"column":20},"end":{"line":34,"column":5}},"line":22}},"branchMap":{"0":{"loc":{"start":{"line":23,"column":6},"end":{"line":27,"column":7}},"type":"if","locations":[{"start":{"line":23,"column":6},"end":{"line":27,"column":7}},{"start":{},"end":{}}],"line":23},"1":{"loc":{"start":{"line":23,"column":10},"end":{"line":23,"column":40}},"type":"binary-expr","locations":[{"start":{"line":23,"column":10},"end":{"line":23,"column":23}},{"start":{"line":23,"column":27},"end":{"line":23,"column":40}}],"line":23},"2":{"loc":{"start":{"line":29,"column":6},"end":{"line":33,"column":7}},"type":"if","locations":[{"start":{"line":29,"column":6},"end":{"line":33,"column":7}},{"start":{},"end":{}}],"line":29},"3":{"loc":{"start":{"line":29,"column":10},"end":{"line":29,"column":54}},"type":"binary-expr","locations":[{"start":{"line":29,"column":10},"end":{"line":29,"column":23}},{"start":{"line":29,"column":27},"end":{"line":29,"column":40}},{"start":{"line":29,"column":44},"end":{"line":29,"column":54}}],"line":29}},"s":{"0":96,"1":96,"2":0,"3":96,"4":0,"5":0,"6":0,"7":0,"8":0,"9":0,"10":0,"11":0,"12":96},"f":{"0":96,"1":0,"2":0},"b":{"0":[0,0],"1":[0,0],"2":[0,0],"3":[0,0,0]},"_coverageSchema":"1a1c01bbd47fc00a2c39e90264f33305004495a9","hash":"a5fd68d208ddbe05aab74275ab1a2077ac335488"}
,"/mnt/Secondary/Proyectos/Personal/JavaScript/ProyectosWeb/CLI/CDD/src/hooks/useExitHandler.js": {"path":"/mnt/Secondary/Proyectos/Personal/JavaScript/ProyectosWeb/CLI/CDD/src/hooks/useExitHandler.js","statementMap":{"0":{"start":{"line":20,"column":19},"end":{"line":20,"column":27}},"1":{"start":{"line":33,"column":28},"end":{"line":66,"column":3}},"2":{"start":{"line":35,"column":6},"end":{"line":37,"column":7}},"3":{"start":{"line":36,"column":8},"end":{"line":36,"column":21}},"4":{"start":{"line":39,"column":6},"end":{"line":41,"column":7}},"5":{"start":{"line":40,"column":8},"end":{"line":40,"column":23}},"6":{"start":{"line":43,"column":28},"end":{"line":53,"column":7}},"7":{"start":{"line":44,"column":8},"end":{"line":52,"column":9}},"8":{"start":{"line":45,"column":10},"end":{"line":49,"column":11}},"9":{"start":{"line":46,"column":12},"end":{"line":46,"column":44}},"10":{"start":{"line":48,"column":12},"end":{"line":48,"column":28}},"11":{"start":{"line":55,"column":6},"end":{"line":61,"column":21}},"12":{"start":{"line":56,"column":8},"end":{"line":56,"column":24}},"13":{"start":{"line":57,"column":8},"end":{"line":57,"column":15}},"14":{"start":{"line":58,"column":8},"end":{"line":60,"column":9}},"15":{"start":{"line":59,"column":10},"end":{"line":59,"column":48}},"16":{"start":{"line":59,"column":27},"end":{"line":59,"column":42}},"17":{"start":{"line":63,"column":6},"end":{"line":63,"column":18}},"18":{"start":{"line":68,"column":2},"end":{"line":68,"column":31}}},"fnMap":{"0":{"name":"useExitHandler","decl":{"start":{"line":19,"column":16},"end":{"line":19,"column":30}},"loc":{"start":{"line":19,"column":54},"end":{"line":69,"column":1}},"line":19},"1":{"name":"(anonymous_1)","decl":{"start":{"line":34,"column":4},"end":{"line":34,"column":5}},"loc":{"start":{"line":34,"column":15},"end":{"line":64,"column":5}},"line":34},"2":{"name":"(anonymous_2)","decl":{"start":{"line":43,"column":28},"end":{"line":43,"column":29}},"loc":{"start":{"line":43,"column":34},"end":{"line":53,"column":7}},"line":43},"3":{"name":"(anonymous_3)","decl":{"start":{"line":55,"column":17},"end":{"line":55,"column":18}},"loc":{"start":{"line":55,"column":23},"end":{"line":61,"column":7}},"line":55},"4":{"name":"(anonymous_4)","decl":{"start":{"line":59,"column":21},"end":{"line":59,"column":22}},"loc":{"start":{"line":59,"column":27},"end":{"line":59,"column":42}},"line":59}},"branchMap":{"0":{"loc":{"start":{"line":19,"column":31},"end":{"line":19,"column":52}},"type":"default-arg","locations":[{"start":{"line":19,"column":50},"end":{"line":19,"column":52}}],"line":19},"1":{"loc":{"start":{"line":35,"column":6},"end":{"line":37,"column":7}},"type":"if","locations":[{"start":{"line":35,"column":6},"end":{"line":37,"column":7}},{"start":{},"end":{}}],"line":35},"2":{"loc":{"start":{"line":39,"column":6},"end":{"line":41,"column":7}},"type":"if","locations":[{"start":{"line":39,"column":6},"end":{"line":41,"column":7}},{"start":{},"end":{}}],"line":39},"3":{"loc":{"start":{"line":45,"column":10},"end":{"line":49,"column":11}},"type":"if","locations":[{"start":{"line":45,"column":10},"end":{"line":49,"column":11}},{"start":{"line":47,"column":17},"end":{"line":49,"column":11}}],"line":45},"4":{"loc":{"start":{"line":45,"column":14},"end":{"line":45,"column":52}},"type":"binary-expr","locations":[{"start":{"line":45,"column":14},"end":{"line":45,"column":28}},{"start":{"line":45,"column":32},"end":{"line":45,"column":52}}],"line":45},"5":{"loc":{"start":{"line":58,"column":8},"end":{"line":60,"column":9}},"type":"if","locations":[{"start":{"line":58,"column":8},"end":{"line":60,"column":9}},{"start":{},"end":{}}],"line":58}},"s":{"0":96,"1":96,"2":12,"3":12,"4":0,"5":0,"6":0,"7":0,"8":0,"9":0,"10":0,"11":0,"12":0,"13":0,"14":0,"15":0,"16":0,"17":0,"18":96},"f":{"0":96,"1":12,"2":0,"3":0,"4":0},"b":{"0":[0],"1":[12,0],"2":[0,0],"3":[0,0],"4":[0,0],"5":[0,0]},"_coverageSchema":"1a1c01bbd47fc00a2c39e90264f33305004495a9","hash":"5ebed86ce0e7513474c1e531e7763798b5b88b5c"}
,"/mnt/Secondary/Proyectos/Personal/JavaScript/ProyectosWeb/CLI/CDD/src/hooks/creation/useContainerActions.js": {"path":"/mnt/Secondary/Proyectos/Personal/JavaScript/ProyectosWeb/CLI/CDD/src/hooks/creation/useContainerActions.js","statementMap":{"0":{"start":{"line":20,"column":32},"end":{"line":20,"column":44}},"1":{"start":{"line":21,"column":42},"end":{"line":21,"column":60}},"2":{"start":{"line":31,"column":22},"end":{"line":31,"column":42}},"3":{"start":{"line":32,"column":4},"end":{"line":32,"column":27}},"4":{"start":{"line":32,"column":20},"end":{"line":32,"column":27}},"5":{"start":{"line":33,"column":4},"end":{"line":40,"column":5}},"6":{"start":{"line":34,"column":23},"end":{"line":34,"column":44}},"7":{"start":{"line":35,"column":6},"end":{"line":39,"column":7}},"8":{"start":{"line":36,"column":8},"end":{"line":36,"column":29}},"9":{"start":{"line":37,"column":8},"end":{"line":37,"column":34}},"10":{"start":{"line":38,"column":8},"end":{"line":38,"column":15}},"11":{"start":{"line":41,"column":4},"end":{"line":41,"column":46}},"12":{"start":{"line":42,"column":4},"end":{"line":42,"column":30}},"13":{"start":{"line":43,"column":4},"end":{"line":53,"column":5}},"14":{"start":{"line":44,"column":6},"end":{"line":44,"column":35}},"15":{"start":{"line":45,"column":6},"end":{"line":45,"column":57}},"16":{"start":{"line":46,"column":6},"end":{"line":46,"column":31}},"17":{"start":{"line":47,"column":6},"end":{"line":47,"column":25}},"18":{"start":{"line":49,"column":6},"end":{"line":51,"column":8}},"19":{"start":{"line":52,"column":6},"end":{"line":52,"column":29}},"20":{"start":{"line":56,"column":2},"end":{"line":75,"column":4}},"21":{"start":{"line":64,"column":6},"end":{"line":64,"column":41}},"22":{"start":{"line":67,"column":6},"end":{"line":67,"column":40}},"23":{"start":{"line":70,"column":6},"end":{"line":70,"column":43}},"24":{"start":{"line":73,"column":6},"end":{"line":73,"column":42}}},"fnMap":{"0":{"name":"useContainerActions","decl":{"start":{"line":19,"column":16},"end":{"line":19,"column":35}},"loc":{"start":{"line":19,"column":62},"end":{"line":76,"column":1}},"line":19},"1":{"name":"handleAction","decl":{"start":{"line":30,"column":17},"end":{"line":30,"column":29}},"loc":{"start":{"line":30,"column":79},"end":{"line":54,"column":3}},"line":30},"2":{"name":"(anonymous_2)","decl":{"start":{"line":63,"column":20},"end":{"line":63,"column":21}},"loc":{"start":{"line":63,"column":34},"end":{"line":65,"column":5}},"line":63},"3":{"name":"(anonymous_3)","decl":{"start":{"line":66,"column":19},"end":{"line":66,"column":20}},"loc":{"start":{"line":66,"column":33},"end":{"line":68,"column":5}},"line":66},"4":{"name":"(anonymous_4)","decl":{"start":{"line":69,"column":22},"end":{"line":69,"column":23}},"loc":{"start":{"line":69,"column":36},"end":{"line":71,"column":5}},"line":69},"5":{"name":"(anonymous_5)","decl":{"start":{"line":72,"column":21},"end":{"line":72,"column":22}},"loc":{"start":{"line":72,"column":35},"end":{"line":74,"column":5}},"line":72}},"branchMap":{"0":{"loc":{"start":{"line":32,"column":4},"end":{"line":32,"column":27}},"type":"if","locations":[{"start":{"line":32,"column":4},"end":{"line":32,"column":27}},{"start":{},"end":{}}],"line":32},"1":{"loc":{"start":{"line":33,"column":4},"end":{"line":40,"column":5}},"type":"if","locations":[{"start":{"line":33,"column":4},"end":{"line":40,"column":5}},{"start":{},"end":{}}],"line":33},"2":{"loc":{"start":{"line":35,"column":6},"end":{"line":39,"column":7}},"type":"if","locations":[{"start":{"line":35,"column":6},"end":{"line":39,"column":7}},{"start":{},"end":{}}],"line":35}},"s":{"0":96,"1":96,"2":0,"3":0,"4":0,"5":0,"6":0,"7":0,"8":0,"9":0,"10":0,"11":0,"12":0,"13":0,"14":0,"15":0,"16":0,"17":0,"18":0,"19":0,"20":96,"21":0,"22":0,"23":0,"24":0},"f":{"0":96,"1":0,"2":0,"3":0,"4":0,"5":0},"b":{"0":[0,0],"1":[0,0],"2":[0,0]},"_coverageSchema":"1a1c01bbd47fc00a2c39e90264f33305004495a9","hash":"81a23119e67f218a5f8384700066029d3570dd5d"}
,"/mnt/Secondary/Proyectos/Personal/JavaScript/ProyectosWeb/CLI/CDD/src/hooks/creation/useContainerCreation.js": {"path":"/mnt/Secondary/Proyectos/Personal/JavaScript/ProyectosWeb/CLI/CDD/src/hooks/creation/useContainerCreation.js","statementMap":{"0":{"start":{"line":10,"column":20},"end":{"line":10,"column":21}},"1":{"start":{"line":29,"column":26},"end":{"line":29,"column":37}},"2":{"start":{"line":30,"column":36},"end":{"line":30,"column":48}},"3":{"start":{"line":31,"column":44},"end":{"line":31,"column":56}},"4":{"start":{"line":32,"column":36},"end":{"line":32,"column":48}},"5":{"start":{"line":33,"column":34},"end":{"line":33,"column":46}},"6":{"start":{"line":34,"column":32},"end":{"line":34,"column":44}},"7":{"start":{"line":35,"column":42},"end":{"line":35,"column":60}},"8":{"start":{"line":38,"column":40},"end":{"line":38,"column":52}},"9":{"start":{"line":39,"column":64},"end":{"line":39,"column":76}},"10":{"start":{"line":40,"column":44},"end":{"line":40,"column":55}},"11":{"start":{"line":43,"column":46},"end":{"line":43,"column":61}},"12":{"start":{"line":44,"column":38},"end":{"line":44,"column":52}},"13":{"start":{"line":46,"column":30},"end":{"line":46,"column":72}},"14":{"start":{"line":57,"column":4},"end":{"line":57,"column":52}},"15":{"start":{"line":58,"column":4},"end":{"line":58,"column":47}},"16":{"start":{"line":59,"column":4},"end":{"line":59,"column":29}},"17":{"start":{"line":60,"column":4},"end":{"line":60,"column":24}},"18":{"start":{"line":62,"column":4},"end":{"line":62,"column":24}},"19":{"start":{"line":63,"column":4},"end":{"line":63,"column":35}},"20":{"start":{"line":64,"column":4},"end":{"line":64,"column":24}},"21":{"start":{"line":65,"column":4},"end":{"line":68,"column":5}},"22":{"start":{"line":66,"column":6},"end":{"line":66,"column":25}},"23":{"start":{"line":67,"column":6},"end":{"line":67,"column":13}},"24":{"start":{"line":69,"column":18},"end":{"line":69,"column":37}},"25":{"start":{"line":70,"column":20},"end":{"line":72,"column":5}},"26":{"start":{"line":71,"column":6},"end":{"line":71,"column":25}},"27":{"start":{"line":73,"column":4},"end":{"line":73,"column":28}},"28":{"start":{"line":82,"column":18},"end":{"line":82,"column":34}},"29":{"start":{"line":83,"column":4},"end":{"line":83,"column":23}},"30":{"start":{"line":83,"column":16},"end":{"line":83,"column":23}},"31":{"start":{"line":84,"column":4},"end":{"line":84,"column":31}},"32":{"start":{"line":84,"column":24},"end":{"line":84,"column":31}},"33":{"start":{"line":88,"column":4},"end":{"line":88,"column":52}},"34":{"start":{"line":90,"column":22},"end":{"line":90,"column":63}},"35":{"start":{"line":91,"column":4},"end":{"line":91,"column":54}},"36":{"start":{"line":93,"column":23},"end":{"line":93,"column":44}},"37":{"start":{"line":94,"column":4},"end":{"line":94,"column":56}},"38":{"start":{"line":96,"column":4},"end":{"line":96,"column":28}},"39":{"start":{"line":97,"column":4},"end":{"line":97,"column":35}},"40":{"start":{"line":98,"column":4},"end":{"line":98,"column":24}},"41":{"start":{"line":100,"column":4},"end":{"line":113,"column":5}},"42":{"start":{"line":101,"column":22},"end":{"line":101,"column":81}},"43":{"start":{"line":103,"column":6},"end":{"line":103,"column":70}},"44":{"start":{"line":103,"column":63},"end":{"line":103,"column":70}},"45":{"start":{"line":104,"column":6},"end":{"line":104,"column":50}},"46":{"start":{"line":106,"column":6},"end":{"line":106,"column":70}},"47":{"start":{"line":106,"column":63},"end":{"line":106,"column":70}},"48":{"start":{"line":108,"column":6},"end":{"line":108,"column":26}},"49":{"start":{"line":110,"column":6},"end":{"line":112,"column":7}},"50":{"start":{"line":111,"column":8},"end":{"line":111,"column":33}},"51":{"start":{"line":124,"column":4},"end":{"line":133,"column":7}},"52":{"start":{"line":125,"column":19},"end":{"line":125,"column":83}},"53":{"start":{"line":127,"column":6},"end":{"line":131,"column":9}},"54":{"start":{"line":128,"column":8},"end":{"line":128,"column":52}},"55":{"start":{"line":128,"column":27},"end":{"line":128,"column":52}},"56":{"start":{"line":129,"column":8},"end":{"line":129,"column":72}},"57":{"start":{"line":129,"column":42},"end":{"line":129,"column":72}},"58":{"start":{"line":130,"column":8},"end":{"line":130,"column":22}},"59":{"start":{"line":132,"column":6},"end":{"line":132,"column":18}},"60":{"start":{"line":141,"column":4},"end":{"line":141,"column":93}},"61":{"start":{"line":141,"column":86},"end":{"line":141,"column":93}},"62":{"start":{"line":142,"column":19},"end":{"line":142,"column":55}},"63":{"start":{"line":143,"column":4},"end":{"line":143,"column":57}},"64":{"start":{"line":144,"column":4},"end":{"line":144,"column":23}},"65":{"start":{"line":145,"column":4},"end":{"line":145,"column":35}},"66":{"start":{"line":146,"column":4},"end":{"line":146,"column":24}},"67":{"start":{"line":153,"column":4},"end":{"line":167,"column":5}},"68":{"start":{"line":154,"column":6},"end":{"line":158,"column":7}},"69":{"start":{"line":155,"column":8},"end":{"line":155,"column":50}},"70":{"start":{"line":156,"column":8},"end":{"line":156,"column":31}},"71":{"start":{"line":157,"column":8},"end":{"line":157,"column":15}},"72":{"start":{"line":159,"column":23},"end":{"line":159,"column":64}},"73":{"start":{"line":160,"column":6},"end":{"line":160,"column":29}},"74":{"start":{"line":161,"column":6},"end":{"line":161,"column":17}},"75":{"start":{"line":162,"column":6},"end":{"line":164,"column":8}},"76":{"start":{"line":165,"column":6},"end":{"line":165,"column":32}},"77":{"start":{"line":166,"column":6},"end":{"line":166,"column":13}},"78":{"start":{"line":168,"column":4},"end":{"line":175,"column":5}},"79":{"start":{"line":169,"column":6},"end":{"line":169,"column":17}},"80":{"start":{"line":170,"column":6},"end":{"line":172,"column":8}},"81":{"start":{"line":173,"column":6},"end":{"line":173,"column":32}},"82":{"start":{"line":174,"column":6},"end":{"line":174,"column":13}},"83":{"start":{"line":176,"column":4},"end":{"line":223,"column":5}},"84":{"start":{"line":178,"column":6},"end":{"line":184,"column":7}},"85":{"start":{"line":179,"column":8},"end":{"line":181,"column":10}},"86":{"start":{"line":182,"column":8},"end":{"line":182,"column":31}},"87":{"start":{"line":183,"column":8},"end":{"line":183,"column":15}},"88":{"start":{"line":185,"column":6},"end":{"line":185,"column":17}},"89":{"start":{"line":186,"column":19},"end":{"line":188,"column":7}},"90":{"start":{"line":187,"column":8},"end":{"line":187,"column":51}},"91":{"start":{"line":190,"column":23},"end":{"line":195,"column":14}},"92":{"start":{"line":196,"column":22},"end":{"line":196,"column":45}},"93":{"start":{"line":197,"column":6},"end":{"line":221,"column":7}},"94":{"start":{"line":199,"column":10},"end":{"line":201,"column":16}},"95":{"start":{"line":202,"column":8},"end":{"line":204,"column":10}},"96":{"start":{"line":205,"column":8},"end":{"line":205,"column":34}},"97":{"sta
[...]
{"line":246,"column":19}},"119":{"start":{"line":247,"column":4},"end":{"line":247,"column":30}},"120":{"start":{"line":248,"column":4},"end":{"line":248,"column":23}},"121":{"start":{"line":249,"column":4},"end":{"line":249,"column":35}},"122":{"start":{"line":250,"column":4},"end":{"line":250,"column":24}},"123":{"start":{"line":251,"column":4},"end":{"line":251,"column":23}},"124":{"start":{"line":259,"column":4},"end":{"line":259,"column":15}},"125":{"start":{"line":260,"column":4},"end":{"line":260,"column":21}},"126":{"start":{"line":261,"column":4},"end":{"line":261,"column":25}},"127":{"start":{"line":262,"column":4},"end":{"line":262,"column":21}},"128":{"start":{"line":263,"column":4},"end":{"line":263,"column":20}},"129":{"start":{"line":264,"column":4},"end":{"line":264,"column":59}},"130":{"start":{"line":265,"column":4},"end":{"line":265,"column":30}},"131":{"start":{"line":266,"column":4},"end":{"line":266,"column":23}},"132":{"start":{"line":267,"column":4},"end":{"line":267,"column":35}},"133":{"start":{"line":268,"column":4},"end":{"line":268,"column":24}},"134":{"start":{"line":271,"column":2},"end":{"line":298,"column":4}}},"fnMap":{"0":{"name":"useContainerCreation","decl":{"start":{"line":23,"column":16},"end":{"line":23,"column":36}},"loc":{"start":{"line":28,"column":3},"end":{"line":299,"column":1}},"line":28},"1":{"name":"updateImageInput","decl":{"start":{"line":55,"column":11},"end":{"line":55,"column":27}},"loc":{"start":{"line":55,"column":35},"end":{"line":74,"column":3}},"line":55},"2":{"name":"(anonymous_2)","decl":{"start":{"line":70,"column":54},"end":{"line":70,"column":55}},"loc":{"start":{"line":71,"column":6},"end":{"line":71,"column":25}},"line":71},"3":{"name":"triggerHubSearch","decl":{"start":{"line":81,"column":17},"end":{"line":81,"column":33}},"loc":{"start":{"line":81,"column":36},"end":{"line":114,"column":3}},"line":81},"4":{"name":"moveSuggestionSelection","decl":{"start":{"line":123,"column":11},"end":{"line":123,"column":34}},"loc":{"start":{"line":123,"column":46},"end":{"line":134,"column":3}},"line":123},"5":{"name":"(anonymous_5)","decl":{"start":{"line":124,"column":31},"end":{"line":124,"column":32}},"loc":{"start":{"line":124,"column":41},"end":{"line":133,"column":5}},"line":124},"6":{"name":"(anonymous_6)","decl":{"start":{"line":127,"column":23},"end":{"line":127,"column":24}},"loc":{"start":{"line":127,"column":35},"end":{"line":131,"column":7}},"line":127},"7":{"name":"applyFocusedSuggestion","decl":{"start":{"line":140,"column":11},"end":{"line":140,"column":33}},"loc":{"start":{"line":140,"column":36},"end":{"line":147,"column":3}},"line":140},"8":{"name":"nextStep","decl":{"start":{"line":152,"column":11},"end":{"line":152,"column":19}},"loc":{"start":{"line":152,"column":22},"end":{"line":235,"column":3}},"line":152},"9":{"name":"(anonymous_9)","decl":{"start":{"line":186,"column":33},"end":{"line":186,"column":34}},"loc":{"start":{"line":187,"column":8},"end":{"line":187,"column":51}},"line":187},"10":{"name":"cancelCreation","decl":{"start":{"line":240,"column":11},"end":{"line":240,"column":25}},"loc":{"start":{"line":240,"column":28},"end":{"line":252,"column":3}},"line":240},"11":{"name":"resetCreation","decl":{"start":{"line":258,"column":11},"end":{"line":258,"column":24}},"loc":{"start":{"line":258,"column":27},"end":{"line":269,"column":3}},"line":258}},"branchMap":{"0":{"loc":{"start":{"line":26,"column":2},"end":{"line":26,"column":15}},"type":"default-arg","locations":[{"start":{"line":26,"column":13},"end":{"line":26,"column":15}}],"line":26},"1":{"loc":{"start":{"line":27,"column":2},"end":{"line":27,"column":32}},"type":"default-arg","locations":[{"start":{"line":27,"column":18},"end":{"line":27,"column":32}}],"line":27},"2":{"loc":{"start":{"line":65,"column":4},"end":{"line":68,"column":5}},"type":"if","locations":[{"start":{"line":65,"column":4},"end":{"line":68,"column":5}},{"start":{},"end":{}}],"line":65},"3":{"loc":{"start":{"line":83,"column":4},"end":{"line":83,"column":23}},"type":"if","locations":[{"start":{"line":83,"column":4},"end":{"line":83,"column":23}},{"start":{},"end":{}}],"line":83},"4":{"loc":{"start":{"line":84,"column":4},"end":{"line":84,"column":31}},"type":"if","locations":[{"start":{"line":84,"column":4},"end":{"line":84,"column":31}},{"start":{},"end":{}}],"line":84},"5":{"loc":{"start":{"line":103,"column":6},"end":{"line":103,"column":70}},"type":"if","locations":[{"start":{"line":103,"column":6},"end":{"line":103,"column":70}},{"start":{},"end":{}}],"line":103},"6":{"loc":{"start":{"line":106,"column":6},"end":{"line":106,"column":70}},"type":"if","locations":[{"start":{"line":106,"column":6},"end":{"line":106,"column":70}},{"start":{},"end":{}}],"line":106},"7":{"loc":{"start":{"line":110,"column":6},"end":{"line":112,"column":7}},"type":"if","locations":[{"start":{"line":110,"column":6},"end":{"line":112,"column":7}},{"start":{},"end":{}}],"line":110},"8":{"loc":{"start":{"line":128,"column":8},"end":{"line":128,"column":52}},"type":"if","locations":[{"start":{"line":128,"column":8},"end":{"line":128,"column":52}},{"start":{},"end":{}}],"line":128},"9":{"loc":{"start":{"line":129,"column":8},"end":{"line":129,"column":72}},"type":"if","locations":[{"start":{"line":129,"column":8},"end":{"line":129,"column":72}},{"start":{},"end":{}}],"line":129},"10":{"loc":{"start":{"line":141,"column":4},"end":{"line":141,"column":93}},"type":"if","locations":[{"start":{"line":141,"column":4},"end":{"line":141,"column":93}},{"start":{},"end":{}}],"line":141},"11":{"loc":{"start":{"line":141,"column":8},"end":{"line":141,"column":84}},"type":"binary-expr","locations":[{"start":{"line":141,"column":8},"end":{"line":141,"column":35}},{"start":{"line":141,"column":39},"end":{"line":141,"column":84}}],"line":141},"12":{"loc":{"start":{"line":153,"column":4},"end":{"line":167,"column":5}},"type":"if","locations":[{"start":{"line":153,"column":4},"end":{"line":167,"column":5}},{"start":{},"end":{}}],"line":153},"13":{"loc":{"start":{"line":154,"column":6},"end":{"line":158,"column":7}},"type":"if","locations":[{"start":{"line":154,"column":6},"end":{"line":158,"column":7}},{"start":{},"end":{}}],"line":154},"14":{"loc":{"start":{"line":168,"column":4},"end":{"line":175,"column":5}},"type":"if","locations":[{"start":{"line":168,"column":4},"end":{"line":175,"column":5}},{"start":{},"end":{}}],"line":168},"15":{"loc":{"start":{"line":176,"column":4},"end":{"line":223,"column":5}},"type":"if","locations":[{"start":{"line":176,"column":4},"end":{"line":223,"column":5}},{"start":{},"end":{}}],"line":176},"16":{"loc":{"start":{"line":178,"column":6},"end":{"line":184,"column":7}},"type":"if","locations":[{"start":{"line":178,"column":6},"end":{"line":184,"column":7}},{"start":{},"end":{}}],"line":178},"17":{"loc":{"start":{"line":178,"column":10},"end":{"line":178,"column":55}},"type":"binary-expr","locations":[{"start":{"line":178,"column":10},"end":{"line":178,"column":26}},{"start":{"line":178,"column":30},"end":{"line":178,"column":55}}],"line":178},"18":{"loc":{"start":{"line":197,"column":6},"end":{"line":221,"column":7}},"type":"if","locations":[{"start":{"line":197,"column":6},"end":{"line":221,"column":7}},{"start":{"line":206,"column":13},"end":{"line":221,"column":7}}],"line":197},"19":{"loc":{"start":{"line":197,"column":10},"end":{"line":197,"column":70}},"type":"binary-expr","locations":[{"start":{"line":197,"column":10},"end":{"line":197,"column":17}},{"start":{"line":197,"column":21},"end":{"line":197,"column":40}},{"start":{"line":197,"column":44},"end":{"line":197,"column":70}}],"line":197},"20":{"loc":{"start":{"line":199,"column":10},"end":{"line":201,"column":16}},"type":"cond-expr","locations":[{"start":{"line":200,"column":14},"end":{"line":200,"column":64}},{"start":{"line":201,"column":14},"end":{"line":201,"column":16}}],"line":199},"21":{"loc":{"start":{"line":199,"column":10},"end":{"line":199,"column":61}},"type":"binary-expr","locations":[{"start":{"line":199,"column":10},"end":{"line":199,"column":30}},{"start":{"line":199,"column":34},"end":{"line":199,"column":61}}],"line":199},"22":{"loc":{"start":{"line":206,"column":13},"end":{"line":221,"column":7}},"type":"if","locations":[{"start":{"line":206,"column":13},"end":{"line":221,"column":7}},{"start":{"line":211,"column":13},"end":{"line":221,"column":7}}],"line":206},"23":{"loc":{"start":{"line":206,"column":17},"end":{"line":206,"column":79}},"type":"binary-expr","locations":[{"start":{"line":206,"column":17},"end":{"line":206,"column":24}},{"start":{"line":206,"column":28},"end":{"line":206,"column":48}},{"start":{"line":206,"column":52},"end":{"line":206,"column":79}}],"line":206},"24":{"loc":{"start":{"line":211,"column":13},"end":{"line":221,"column":7}},"type":"if","locations":[{"start":{"line":211,"column":13},"end":{"line":221,"column":7}},{"start":{"line":216,"column":13},"end":{"line":221,"column":7}}],"line":211},"25":{"loc":{"start":{"line":224,"column":4},"end":{"line":234,"column":5}},"type":"if","locations":[{"start":{"line":224,"column":4},"end":{"line":234,"column":5}},{"start":{},"end":{}}],"line":224},"26":{"loc":{"start":{"line":227,"column":6},"end":{"line":231,"column":7}},"type":"if","locations":[{"start":{"line":227,"column":6},"end":{"line":231,"column":7}},{"start":{},"end":{}}],"line":227}},"s":{"0":2,"1":204,"2":204,"3":204,"4":204,"5":204,"6":204,"7":204,"8":204,"9":204,"10":204,"11":204,"12":204,"13":204,"14":28,"15":28,"16":28,"17":28,"18":28,"19":28,"20":28,"21":28,"22":1,"23":1,"24":27,"25":27,"26":540,"27":27,"28":6,"29":6,"30":1,"31":5,"32":1,"33":4,"34":4,"35":4,"36":4,"37":4,"38":4,"39":4,"40":4,"41":4,"42":4,"43":4,"44":1,"45":3,"46":0,"47":0,"48":0,"49":4,"50":3,"51":23,"52":23,"53":23,"54":23,"55":1,"56":22,"57":1,"58":21,"59":23,"60":7,"61":0,"62":7,"63":7,"64":7,"65":7,"66":7,"67":43,"68":18,"69":1,"70":1,"71":1,"72":17,"73":17,"74":17,"75":17,"76":17,"77":17,"78":25,"79":9,"80":9,"81":9,"82":9,"83":16,"84":9,"85":1,"86":1,"87":1,"88":8,"89":8,"90":24,"91":8,"92":8,"93":8,"94":3,"95":3,"96":3,"97":5,"98":1,"99":1,"100":4,"101":0,"102":0,"103":4,"104":4,"105":8,"106":7,"107":7,"108":7,"109":1,"110":1,"111":1,"112":6,"113":0,"114":0,"115":0,"116":0,"117":0,"118":0,"119":0,"120":0,"121":0,"122":0,"123":0,"124":12,"125":12,"126":12,"127":12,"128":12,"129":12,"130":12,"131":12,"132":12,"133":12,"134":204},"f":{"0":204,"1":28,"2":540,"3":6,"4":23,"5":23,"6":23,"7":7,"8":43,"9":24,"10":0,"11":12},"b":{"0":[0],"1":[111],"2":[1,27],"3":[1,5],"4":[1,4],"5":[1,3],"6":[0,0],"7":[3,1],"8":[1,22],"9":[1,21],"10":[0,7],"11":[7,7],"12":[18,25],"13":[1,17],"14":[9,16],"15":[9,7],"16":[1,8],"17":[9,1],"18":[3,5],"19":[8,6,6],"20":[3,0],"21":[3,3],"22":[1,4],"23":[5,3,3],"24":[0,4],"25":[7,0],"26":[1,6]},"_coverageSchema":"1a1c01bbd47fc00a2c39e90264f33305004495a9","hash":"6eb1b2c6922be942d97dac8a45960e48dd1eddd5"}
,"/mnt/Secondary/Proyectos/Personal/JavaScript/ProyectosWeb/CLI/CDD/src/hooks/creation/useLogsViewer.js": {"path":"/mnt/Secondary/Proyectos/Personal/JavaScript/ProyectosWeb/CLI/CDD/src/hooks/creation/useLogsViewer.js","statementMap":{"0":{"start":{"line":18,"column":34},"end":{"line":18,"column":49}},"1":{"start":{"line":19,"column":26},"end":{"line":19,"column":38}},"2":{"start":{"line":20,"column":24},"end":{"line":20,"column":36}},"3":{"start":{"line":26,"column":4},"end":{"line":26,"column":22}},"4":{"start":{"line":27,"column":4},"end":{"line":27,"column":16}},"5":{"start":{"line":34,"column":4},"end":{"line":34,"column":23}},"6":{"start":{"line":35,"column":4},"end":{"line":35,"column":16}},"7":{"start":{"line":36,"column":4},"end":{"line":39,"column":5}},"8":{"start":{"line":37,"column":6},"end":{"line":37,"column":75}},"9":{"start":{"line":38,"column":6},"end":{"line":38,"column":35}},"10":{"start":{"line":42,"column":2},"end":{"line":50,"column":4}}},"fnMap":{"0":{"name":"useLogsViewer","decl":{"start":{"line":17,"column":16},"end":{"line":17,"column":29}},"loc":{"start":{"line":17,"column":32},"end":{"line":51,"column":1}},"line":17},"1":{"name":"openLogs","decl":{"start":{"line":25,"column":11},"end":{"line":25,"column":19}},"loc":{"start":{"line":25,"column":22},"end":{"line":28,"column":3}},"line":25},"2":{"name":"closeLogs","decl":{"start":{"line":33,"column":11},"end":{"line":33,"column":20}},"loc":{"start":{"line":33,"column":23},"end":{"line":40,"column":3}},"line":33}},"branchMap":{"0":{"loc":{"start":{"line":36,"column":4},"end":{"line":39,"column":5}},"type":"if","locations":[{"start":{"line":36,"column":4},"end":{"line":39,"column":5}},{"start":{},"end":{}}],"line":36}},"s":{"0":96,"1":96,"2":96,"3":0,"4":0,"5":0,"6":0,"7":0,"8":0,"9":0,"10":96},"f":{"0":96,"1":0,"2":0},"b":{"0":[0,0]},"_coverageSchema":"1a1c01bbd47fc00a2c39e90264f33305004495a9","hash":"09fbe4123e125b8b8c46e3ca58196d513a0a9b12"}
,"/mnt/Secondary/Proyectos/Personal/JavaScript/ProyectosWeb/CLI/CDD/src/hooks/debug/useDebugLogs.js": {"path":"/mnt/Secondary/Proyectos/Personal/JavaScript/ProyectosWeb/CLI/CDD/src/hooks/debug/useDebugLogs.js","statementMap":{"0":{"start":{"line":5,"column":44},"end":{"line":5,"column":59}},"1":{"start":{"line":6,"column":36},"end":{"line":6,"column":48}},"2":{"start":{"line":8,"column":2},"end":{"line":31,"column":9}},"3":{"start":{"line":9,"column":24},"end":{"line":29,"column":6}},"4":{"start":{"line":10,"column":6},"end":{"line":28,"column":9}},"5":{"start":{"line":11,"column":23},"end":{"line":22,"column":26}},"6":{"start":{"line":13,"column":12},"end":{"line":13,"column":52}},"7":{"start":{"line":13,"column":41},"end":{"line":13,"column":52}},"8":{"start":{"line":14,"column":12},"end":{"line":15,"column":33}},"9":{"start":{"line":15,"column":14},"end":{"line":15,"column":33}},"10":{"start":{"line":16,"column":12},"end":{"line":20,"column":13}},"11":{"start":{"line":17,"column":14},"end":{"line":17,"column":41}},"12":{"start":{"line":19,"column":14},"end":{"line":19,"column":40}},"13":{"start":{"line":23,"column":21},"end":{"line":25,"column":27}},"14":{"start":{"line":26,"column":21},"end":{"line":26,"column":36}},"15":{"start":{"line":27,"column":8},"end":{"line":27,"column":32}},"16":{"start":{"line":30,"column":4},"end":{"line":30,"column":23}},"17":{"start":{"line":33,"column":2},"end":{"line":33,"column":56}}},"fnMap":{"0":{"name":"useDebugLogs","decl":{"start":{"line":4,"column":16},"end":{"line":4,"column":28}},"loc":{"start":{"line":4,"column":31},"end":{"line":34,"column":1}},"line":4},"1":{"name":"(anonymous_1)","decl":{"start":{"line":8,"column":12},"end":{"line":8,"column":13}},"loc":{"start":{"line":8,"column":18},"end":{"line":31,"column":3}},"line":8},"2":{"name":"(anonymous_2)","decl":{"start":{"line":9,"column":41},"end":{"line":9,"column":42}},"loc":{"start":{"line":9,"column":52},"end":{"line":29,"column":5}},"line":9},"3":{"name":"(anonymous_3)","decl":{"start":{"line":10,"column":19},"end":{"line":10,"column":20}},"loc":{"start":{"line":10,"column":29},"end":{"line":28,"column":7}},"line":10},"4":{"name":"(anonymous_4)","decl":{"start":{"line":12,"column":15},"end":{"line":12,"column":16}},"loc":{"start":{"line":12,"column":24},"end":{"line":21,"column":11}},"line":12}},"branchMap":{"0":{"loc":{"start":{"line":11,"column":24},"end":{"line":11,"column":40}},"type":"binary-expr","locations":[{"start":{"line":11,"column":24},"end":{"line":11,"column":34}},{"start":{"line":11,"column":38},"end":{"line":11,"column":40}}],"line":11},"1":{"loc":{"start":{"line":13,"column":12},"end":{"line":13,"column":52}},"type":"if","locations":[{"start":{"line":13,"column":12},"end":{"line":13,"column":52}},{"start":{},"end":{}}],"line":13},"2":{"loc":{"start":{"line":14,"column":12},"end":{"line":15,"column":33}},"type":"if","locations":[{"start":{"line":14,"column":12},"end":{"line":15,"column":33}},{"start":{},"end":{}}],"line":14},"3":{"loc":{"start":{"line":14,"column":16},"end":{"line":14,"column":67}},"type":"binary-expr","locations":[{"start":{"line":14,"column":16},"end":{"line":14,"column":39}},{"start":{"line":14,"column":43},"end":{"line":14,"column":67}}],"line":14},"4":{"loc":{"start":{"line":23,"column":21},"end":{"line":25,"column":27}},"type":"cond-expr","locations":[{"start":{"line":24,"column":12},"end":{"line":24,"column":52}},{"start":{"line":25,"column":12},"end":{"line":25,"column":27}}],"line":23}},"s":{"0":96,"1":96,"2":96,"3":20,"4":0,"5":0,"6":0,"7":0,"8":0,"9":0,"10":0,"11":0,"12":0,"13":0,"14":0,"15":0,"16":20,"17":96},"f":{"0":96,"1":20,"2":0,"3":0,"4":0},"b":{"0":[0,0],"1":[0,0],"2":[0,0],"3":[0,0],"4":[0,0]},"_coverageSchema":"1a1c01bbd47fc00a2c39e90264f33305004495a9","hash":"e3187970fbf39310bbf5bf49ed07d70b775e44c2"}
,"/mnt/Secondary/Proyectos/Personal/JavaScript/ProyectosWeb/CLI/CDD/src/hooks/navigation/useContainerSelection.js": {"path":"/mnt/Secondary/Proyectos/Personal/JavaScript/ProyectosWeb/CLI/CDD/src/hooks/navigation/useContainerSelection.js","statementMap":{"0":{"start":{"line":4,"column":34},"end":{"line":4,"column":45}},"1":{"start":{"line":6,"column":27},"end":{"line":25,"column":3}},"2":{"start":{"line":8,"column":6},"end":{"line":10,"column":7}},"3":{"start":{"line":9,"column":8},"end":{"line":9,"column":21}},"4":{"start":{"line":12,"column":6},"end":{"line":15,"column":7}},"5":{"start":{"line":13,"column":8},"end":{"line":13,"column":58}},"6":{"start":{"line":13,"column":28},"end":{"line":13,"column":55}},"7":{"start":{"line":14,"column":8},"end":{"line":14,"column":20}},"8":{"start":{"line":17,"column":6},"end":{"line":20,"column":7}},"9":{"start":{"line":18,"column":8},"end":{"line":18,"column":58}},"10":{"start":{"line":18,"column":28},"end":{"line":18,"column":55}},"11":{"start":{"line":19,"column":8},"end":{"line":19,"column":20}},"12":{"start":{"line":22,"column":6},"end":{"line":22,"column":19}},"13":{"start":{"line":27,"column":2},"end":{"line":27,"column":53}}},"fnMap":{"0":{"name":"useContainerSelection","decl":{"start":{"line":3,"column":16},"end":{"line":3,"column":37}},"loc":{"start":{"line":3,"column":45},"end":{"line":28,"column":1}},"line":3},"1":{"name":"(anonymous_1)","decl":{"start":{"line":7,"column":4},"end":{"line":7,"column":5}},"loc":{"start":{"line":7,"column":20},"end":{"line":23,"column":5}},"line":7},"2":{"name":"(anonymous_2)","decl":{"start":{"line":13,"column":20},"end":{"line":13,"column":21}},"loc":{"start":{"line":13,"column":28},"end":{"line":13,"column":55}},"line":13},"3":{"name":"(anonymous_3)","decl":{"start":{"line":18,"column":20},"end":{"line":18,"column":21}},"loc":{"start":{"line":18,"column":28},"end":{"line":18,"column":55}},"line":18}},"branchMap":{"0":{"loc":{"start":{"line":8,"column":6},"end":{"line":10,"column":7}},"type":"if","locations":[{"start":{"line":8,"column":6},"end":{"line":10,"column":7}},{"start":{},"end":{}}],"line":8},"1":{"loc":{"start":{"line":12,"column":6},"end":{"line":15,"column":7}},"type":"if","locations":[{"start":{"line":12,"column":6},"end":{"line":15,"column":7}},{"start":{},"end":{}}],"line":12},"2":{"loc":{"start":{"line":13,"column":28},"end":{"line":13,"column":55}},"type":"cond-expr","locations":[{"start":{"line":13,"column":38},"end":{"line":13,"column":47}},{"start":{"line":13,"column":50},"end":{"line":13,"column":55}}],"line":13},"3":{"loc":{"start":{"line":17,"column":6},"end":{"line":20,"column":7}},"type":"if","locations":[{"start":{"line":17,"column":6},"end":{"line":20,"column":7}},{"start":{},"end":{}}],"line":17},"4":{"loc":{"start":{"line":18,"column":28},"end":{"line":18,"column":55}},"type":"cond-expr","locations":[{"start":{"line":18,"column":46},"end":{"line":18,"column":47}},{"start":{"line":18,"column":50},"end":{"line":18,"column":55}}],"line":18}},"s":{"0":96,"1":96,"2":12,"3":12,"4":0,"5":0,"6":0,"7":0,"8":0,"9":0,"10":0,"11":0,"12":0,"13":96},"f":{"0":96,"1":12,"2":0,"3":0},"b":{"0":[12,0],"1":[0,0],"2":[0,0],"3":[0,0],"4":[0,0]},"_coverageSchema":"1a1c01bbd47fc00a2c39e90264f33305004495a9","hash":"993dc5bf8953646470c427cbe8c5e4f31a1c4e94"}
}
