{"/mnt/Secondary/Proyectos/Personal/JavaScript/ProyectosWeb/CLI/CDD/src/components/ContainerCreationPrompt.jsx": {"path":"/mnt/Secondary/Proyectos/Personal/JavaScript/ProyectosWeb/CLI/CDD/src/components/ContainerCreationPrompt.jsx","statementMap":{"0":{"start":{"line":39,"column":6},"end":{"line":39,"column":11}},"1":{"start":{"line":40,"column":18},"end":{"line":61,"column":3}},"2":{"start":{"line":62,"column":37},"end":{"line":62,"column":56}},"3":{"start":{"line":63,"column":22},"end":{"line":63,"column":47}},"4":{"start":{"line":64,"column":26},"end":{"line":64,"column":82}},"5":{"start":{"line":65,"column":2},"end":{"line":84,"column":4}},"6":{"start":{"line":87,"column":0},"end":{"line":100,"column":2}}},"fnMap":{"0":{"name":"ContainerCreationPrompt","decl":{"start":{"line":25,"column":24},"end":{"line":25,"column":47}},"loc":{"start":{"line":25,"column":55},"end":{"line":85,"column":1}},"line":25}},"branchMap":{"0":{"loc":{"start":{"line":34,"column":4},"end":{"line":34,"column":20}},"type":"default-arg","locations":[{"start":{"line":34,"column":18},"end":{"line":34,"column":20}}],"line":34},"1":{"loc":{"start":{"line":35,"column":4},"end":{"line":35,"column":32}},"type":"default-arg","locations":[{"start":{"line":35,"column":30},"end":{"line":35,"column":32}}],"line":35},"2":{"loc":{"start":{"line":36,"column":4},"end":{"line":36,"column":21}},"type":"default-arg","locations":[{"start":{"line":36,"column":20},"end":{"line":36,"column":21}}],"line":36},"3":{"loc":{"start":{"line":37,"column":4},"end":{"line":37,"column":21}},"type":"default-arg","locations":[{"start":{"line":37,"column":17},"end":{"line":37,"column":21}}],"line":37},"4":{"loc":{"start":{"line":38,"column":4},"end":{"line":38,"column":26}},"type":"default-arg","locations":[{"start":{"line":38,"column":21},"end":{"line":38,"column":26}}],"line":38},"5":{"loc":{"start":{"line":62,"column":37},"end":{"line":62,"column":56}},"type":"binary-expr","locations":[{"start":{"line":62,"column":37},"end":{"line":62,"column":50}},{"start":{"line":62,"column":54},"end":{"line":62,"column":56}}],"line":62},"6":{"loc":{"start":{"line":63,"column":22},"end":{"line":63,"column":47}},"type":"binary-expr","locations":[{"start":{"line":63,"column":22},"end":{"line":63,"column":32}},{"start":{"line":63,"column":36},"end":{"line":63,"column":47}}],"line":63},"7":{"loc":{"start":{"line":64,"column":26},"end":{"line":64,"column":82}},"type":"binary-expr","locations":[{"start":{"line":64,"column":26},"end":{"line":64,"column":36}},{"start":{"line":64,"column":41},"end":{"line":64,"column":55}},{"start":{"line":64,"column":59},"end":{"line":64,"column":81}}],"line":64},"8":{"loc":{"start":{"line":73,"column":7},"end":{"line":80,"column":7}},"type":"binary-expr","locations":[{"start":{"line":73,"column":7},"end":{"line":73,"column":22}},{"start":{"line":74,"column":8},"end":{"line":79,"column":10}}],"line":73}},"s":{"0":8,"1":8,"2":8,"3":8,"4":8,"5":8,"6":1},"f":{"0":8},"b":{"0":[0],"1":[0],"2":[0],"3":[3],"4":[5],"5":[8,0],"6":[8,7],"7":[8,7,5],"8":[8,5]},"_coverageSchema":"1a1c01bbd47fc00a2c39e90264f33305004495a9","hash":"72aabbc0c7191ede3c5841c405f5f8d39b8e19e9"}
,"/mnt/Secondary/Proyectos/Personal/JavaScript/ProyectosWeb/CLI/CDD/src/components/PromptField.jsx": {"path":"/mnt/Secondary/Proyectos/Personal/JavaScript/ProyectosWeb/CLI/CDD/src/components/PromptField.jsx","statementMap":{"0":{"start":{"line":17,"column":18},"end":{"line":17,"column":43}},"1":{"start":{"line":18,"column":2},"end":{"line":23,"column":4}},"2":{"start":{"line":35,"column":2},"end":{"line":35,"column":28}},"3":{"start":{"line":35,"column":16},"end":{"line":35,"column":28}},"4":{"start":{"line":36,"column":2},"end":{"line":36,"column":58}},"5":{"start":{"line":39,"column":0},"end":{"line":43,"column":2}},"6":{"start":{"line":45,"column":0},"end":{"line":48,"column":2}}},"fnMap":{"0":{"name":"PromptField","decl":{"start":{"line":15,"column":16},"end":{"line":15,"column":27}},"loc":{"start":{"line":15,"column":56},"end":{"line":24,"column":1}},"line":15},"1":{"name":"PromptMessage","decl":{"start":{"line":34,"column":16},"end":{"line":34,"column":29}},"loc":{"start":{"line":34,"column":50},"end":{"line":37,"column":1}},"line":34}},"branchMap":{"0":{"loc":{"start":{"line":17,"column":18},"end":{"line":17,"column":43}},"type":"binary-expr","locations":[{"start":{"line":17,"column":18},"end":{"line":17,"column":26}},{"start":{"line":17,"column":30},"end":{"line":17,"column":43}}],"line":17},"1":{"loc":{"start":{"line":21,"column":19},"end":{"line":21,"column":43}},"type":"cond-expr","locations":[{"start":{"line":21,"column":29},"end":{"line":21,"column":34}},{"start":{"line":21,"column":37},"end":{"line":21,"column":43}}],"line":21},"2":{"loc":{"start":{"line":35,"column":2},"end":{"line":35,"column":28}},"type":"if","locations":[{"start":{"line":35,"column":2},"end":{"line":35,"column":28}},{"start":{},"end":{}}],"line":35},"3":{"loc":{"start":{"line":36,"column":22},"end":{"line":36,"column":39}},"type":"binary-expr","locations":[{"start":{"line":36,"column":22},"end":{"line":36,"column":27}},{"start":{"line":36,"column":31},"end":{"line":36,"column":39}}],"line":36}},"s":{"0":8,"1":8,"2":8,"3":8,"4":0,"5":1,"6":1},"f":{"0":8,"1":8},"b":{"0":[8,7],"1":[0,8],"2":[8,0],"3":[0,0]},"_coverageSchema":"1a1c01bbd47fc00a2c39e90264f33305004495a9","hash":"f06d5a1bff541a64d6f1e3d9fe14227bc1bdd192"}
,"/mnt/Secondary/Proyectos/Personal/JavaScript/ProyectosWeb/CLI/CDD/src/components/SuggestionPanel.jsx": {"path":"/mnt/Secondary/Proyectos/Personal/JavaScript/ProyectosWeb/CLI/CDD/src/components/SuggestionPanel.jsx","statementMap":{"0":{"start":{"line":24,"column":19},"end":{"line":24,"column":44}},"1":{"start":{"line":25,"column":2},"end":{"line":25,"column":43}},"2":{"start":{"line":25,"column":31},"end":{"line":25,"column":43}},"3":{"start":{"line":27,"column":18},"end":{"line":27,"column":88}},"4":{"start":{"line":29,"column":2},"end":{"line":52,"column":4}},"5":{"start":{"line":38,"column":26},"end":{"line":38,"column":50}},"6":{"start":{"line":39,"column":26},"end":{"line":39,"column":53}},"7":{"start":{"line":40,"column":8},"end":{"line":44,"column":10}},"8":{"start":{"line":55,"column":0},"end":{"line":61,"column":2}}},"fnMap":{"0":{"name":"SuggestionPanel","decl":{"start":{"line":17,"column":16},"end":{"line":17,"column":31}},"loc":{"start":{"line":23,"column":3},"end":{"line":53,"column":1}},"line":23},"1":{"name":"(anonymous_1)","decl":{"start":{"line":37,"column":19},"end":{"line":37,"column":20}},"loc":{"start":{"line":37,"column":39},"end":{"line":45,"column":7}},"line":37}},"branchMap":{"0":{"loc":{"start":{"line":21,"column":2},"end":{"line":21,"column":16}},"type":"default-arg","locations":[{"start":{"line":21,"column":15},"end":{"line":21,"column":16}}],"line":21},"1":{"loc":{"start":{"line":22,"column":2},"end":{"line":22,"column":19}},"type":"default-arg","locations":[{"start":{"line":22,"column":14},"end":{"line":22,"column":19}}],"line":22},"2":{"loc":{"start":{"line":24,"column":19},"end":{"line":24,"column":44}},"type":"binary-expr","locations":[{"start":{"line":24,"column":19},"end":{"line":24,"column":24}},{"start":{"line":24,"column":28},"end":{"line":24,"column":44}}],"line":24},"3":{"loc":{"start":{"line":25,"column":2},"end":{"line":25,"column":43}},"type":"if","locations":[{"start":{"line":25,"column":2},"end":{"line":25,"column":43}},{"start":{},"end":{}}],"line":25},"4":{"loc":{"start":{"line":25,"column":6},"end":{"line":25,"column":29}},"type":"binary-expr","locations":[{"start":{"line":25,"column":6},"end":{"line":25,"column":15}},{"start":{"line":25,"column":19},"end":{"line":25,"column":29}}],"line":25},"5":{"loc":{"start":{"line":27,"column":18},"end":{"line":27,"column":88}},"type":"cond-expr","locations":[{"start":{"line":27,"column":29},"end":{"line":27,"column":83}},{"start":{"line":27,"column":86},"end":{"line":27,"column":88}}],"line":27},"6":{"loc":{"start":{"line":41,"column":34},"end":{"line":41,"column":64}},"type":"cond-expr","locations":[{"start":{"line":41,"column":46},"end":{"line":41,"column":52}},{"start":{"line":41,"column":55},"end":{"line":41,"column":64}}],"line":41},"7":{"loc":{"start":{"line":42,"column":13},"end":{"line":42,"column":50}},"type":"cond-expr","locations":[{"start":{"line":42,"column":25},"end":{"line":42,"column":36}},{"start":{"line":42,"column":39},"end":{"line":42,"column":50}}],"line":42},"8":{"loc":{"start":{"line":46,"column":7},"end":{"line":50,"column":7}},"type":"binary-expr","locations":[{"start":{"line":46,"column":7},"end":{"line":46,"column":16}},{"start":{"line":47,"column":8},"end":{"line":49,"column":15}}],"line":46}},"s":{"0":14,"1":14,"2":1,"3":13,"4":13,"5":35,"6":35,"7":35,"8":2},"f":{"0":14,"1":35},"b":{"0":[7],"1":[5],"2":[14,14],"3":[1,13],"4":[14,4],"5":[10,3],"6":[2,33],"7":[2,33],"8":[13,5]},"_coverageSchema":"1a1c01bbd47fc00a2c39e90264f33305004495a9","hash":"07ba67fa864010c49dee83489c20a9eaf3dcc225"}
,"/mnt/Secondary/Proyectos/Personal/JavaScript/ProyectosWeb/CLI/CDD/src/helpers/constants.js": {"path":"/mnt/Secondary/Proyectos/Personal/JavaScript/ProyectosWeb/CLI/CDD/src/helpers/constants.js","statementMap":{"0":{"start":{"line":6,"column":33},"end":{"line":9,"column":1}},"1":{"start":{"line":14,"column":32},"end":{"line":17,"column":1}},"2":{"start":{"line":22,"column":26},"end":{"line":22,"column":29}},"3":{"start":{"line":27,"column":24},"end":{"line":30,"column":1}},"4":{"start":{"line":35,"column":25},"end":{"line":42,"column":1}},"5":{"start":{"line":50,"column":30},"end":{"line":71,"column":1}}},"fnMap":{},"branchMap":{},"s":{"0":12,"1":12,"2":12,"3":12,"4":12,"5":12},"f":{},"b":{},"_coverageSchema":"1a1c01bbd47fc00a2c39e90264f33305004495a9","hash":"68bfc9b7e72669da718f17bd2a5d00cfb813c5ba"}
,"/mnt/Secondary/Proyectos/Personal/JavaScript/ProyectosWeb/CLI/CDD/src/helpers/containerOptionsBuilder.js": {"path":"/mnt/Secondary/Proyectos/Personal/JavaScript/ProyectosWeb/CLI/CDD/src/helpers/containerOptionsBuilder.js","statementMap":{"0":{"start":{"line":22,"column":14},"end":{"line":25,"column":20}},"1":{"start":{"line":24,"column":16},"end":{"line":24,"column":24}},"2":{"start":{"line":26,"column":16},"end":{"line":29,"column":20}},"3":{"start":{"line":28,"column":16},"end":{"line":28,"column":24}},"4":{"start":{"line":31,"column":23},"end":{"line":31,"column":25}},"5":{"start":{"line":32,"column":23},"end":{"line":32,"column":25}},"6":{"start":{"line":34,"column":2},"end":{"line":41,"column":5}},"7":{"start":{"line":35,"column":25},"end":{"line":35,"column":40}},"8":{"start":{"line":36,"column":4},"end":{"line":36,"column":31}},"9":{"start":{"line":36,"column":24},"end":{"line":36,"column":31}},"10":{"start":{"line":37,"column":16},"end":{"line":37,"column":29}},"11":{"start":{"line":38,"column":4},"end":{"line":38,"column":27}},"12":{"start":{"line":39,"column":4},"end":{"line":39,"column":48}},"13":{"start":{"line":40,"column":4},"end":{"line":40,"column":52}},"14":{"start":{"line":43,"column":18},"end":{"line":45,"column":3}},"15":{"start":{"line":47,"column":2},"end":{"line":47,"column":76}},"16":{"start":{"line":47,"column":40},"end":{"line":47,"column":76}},"17":{"start":{"line":48,"column":2},"end":{"line":48,"column":78}},"18":{"start":{"line":48,"column":40},"end":{"line":48,"column":78}},"19":{"start":{"line":49,"column":2},"end":{"line":49,"column":36}},"20":{"start":{"line":49,"column":18},"end":{"line":49,"column":36}},"21":{"start":{"line":50,"column":2},"end":{"line":50,"column":50}},"22":{"start":{"line":50,"column":21},"end":{"line":50,"column":50}},"23":{"start":{"line":52,"column":2},"end":{"line":52,"column":17}}},"fnMap":{"0":{"name":"buildContainerOptions","decl":{"start":{"line":16,"column":16},"end":{"line":16,"column":37}},"loc":{"start":{"line":21,"column":3},"end":{"line":53,"column":1}},"line":21},"1":{"name":"(anonymous_1)","decl":{"start":{"line":24,"column":9},"end":{"line":24,"column":10}},"loc":{"start":{"line":24,"column":16},"end":{"line":24,"column":24}},"line":24},"2":{"name":"(anonymous_2)","decl":{"start":{"line":28,"column":9},"end":{"line":28,"column":10}},"loc":{"start":{"line":28,"column":16},"end":{"line":28,"column":24}},"line":28},"3":{"name":"(anonymous_3)","decl":{"start":{"line":34,"column":16},"end":{"line":34,"column":17}},"loc":{"start":{"line":34,"column":26},"end":{"line":41,"column":3}},"line":34}},"branchMap":{"0":{"loc":{"start":{"line":22,"column":15},"end":{"line":22,"column":29}},"type":"binary-expr","locations":[{"start":{"line":22,"column":15},"end":{"line":22,"column":23}},{"start":{"line":22,"column":27},"end":{"line":22,"column":29}}],"line":22},"1":{"loc":{"start":{"line":26,"column":17},"end":{"line":26,"column":32}},"type":"binary-expr","locations":[{"start":{"line":26,"column":17},"end":{"line":26,"column":26}},{"start":{"line":26,"column":30},"end":{"line":26,"column":32}}],"line":26},"2":{"loc":{"start":{"line":36,"column":4},"end":{"line":36,"column":31}},"type":"if","locations":[{"start":{"line":36,"column":4},"end":{"line":36,"column":31}},{"start":{},"end":{}}],"line":36},"3":{"loc":{"start":{"line":36,"column":8},"end":{"line":36,"column":22}},"type":"binary-expr","locations":[{"start":{"line":36,"column":8},"end":{"line":36,"column":13}},{"start":{"line":36,"column":17},"end":{"line":36,"column":22}}],"line":36},"4":{"loc":{"start":{"line":39,"column":24},"end":{"line":39,"column":47}},"type":"binary-expr","locations":[{"start":{"line":39,"column":24},"end":{"line":39,"column":41}},{"start":{"line":39,"column":45},"end":{"line":39,"column":47}}],"line":39},"5":{"loc":{"start":{"line":47,"column":2},"end":{"line":47,"column":76}},"type":"if","locations":[{"start":{"line":47,"column":2},"end":{"line":47,"column":76}},{"start":{},"end":{}}],"line":47},"6":{"loc":{"start":{"line":48,"column":2},"end":{"line":48,"column":78}},"type":"if","locations":[{"start":{"line":48,"column":2},"end":{"line":48,"column":78}},{"start":{},"end":{}}],"line":48},"7":{"loc":{"start":{"line":49,"column":2},"end":{"line":49,"column":36}},"type":"if","locations":[{"start":{"line":49,"column":2},"end":{"line":49,"column":36}},{"start":{},"end":{}}],"line":49},"8":{"loc":{"start":{"line":50,"column":2},"end":{"line":50,"column":50}},"type":"if","locations":[{"start":{"line":50,"column":2},"end":{"line":50,"column":50}},{"start":{},"end":{}}],"line":50}},"s":{"0":9,"1":10,"2":9,"3":9,"4":9,"5":9,"6":9,"7":1,"8":1,"9":0,"10":1,"11":1,"12":1,"13":1,"14":9,"15":9,"16":1,"17":9,"18":1,"19":9,"20":2,"21":9,"22":1,"23":9},"f":{"0":9,"1":10,"2":9,"3":1},"b":{"0":[9,7],"1":[9,8],"2":[0,1],"3":[1,1],"4":[1,1],"5":[1,8],"6":[1,8],"7":[2,7],"8":[1,8]},"_coverageSchema":"1a1c01bbd47fc00a2c39e90264f33305004495a9","hash":"d5f7490c5b90789ffdc63f4881fdd4d51123dc4c"}
,"/mnt/Secondary/Proyectos/Personal/JavaScript/ProyectosWeb/CLI/CDD/src/helpers/dockerHubService.js": {"path":"/mnt/Secondary/Proyectos/Personal/JavaScript/ProyectosWeb/CLI/CDD/src/helpers/dockerHubService.js","statementMap":{"0":{"start":{"line":8,"column":2},"end":{"line":8,"column":50}},"1":{"start":{"line":20,"column":12},"end":{"line":20,"column":24}},"2":{"start":{"line":21,"column":2},"end":{"line":21,"column":20}},"3":{"start":{"line":21,"column":10},"end":{"line":21,"column":20}},"4":{"start":{"line":23,"column":14},"end":{"line":23,"column":84}},"5":{"start":{"line":24,"column":17},"end":{"line":24,"column":60}},"6":{"start":{"line":26,"column":19},"end":{"line":26,"column":47}},"7":{"start":{"line":28,"column":2},"end":{"line":30,"column":3}},"8":{"start":{"line":29,"column":4},"end":{"line":29,"column":68}},"9":{"start":{"line":32,"column":15},"end":{"line":32,"column":36}},"10":{"start":{"line":33,"column":18},"end":{"line":33,"column":36}},"11":{"start":{"line":35,"column":2},"end":{"line":40,"column":6}},"12":{"start":{"line":35,"column":32},"end":{"line":40,"column":3}}},"fnMap":{"0":{"name":"searchDockerHub","decl":{"start":{"line":19,"column":22},"end":{"line":19,"column":37}},"loc":{"start":{"line":19,"column":59},"end":{"line":41,"column":1}},"line":19},"1":{"name":"(anonymous_1)","decl":{"start":{"line":35,"column":21},"end":{"line":35,"column":22}},"loc":{"start":{"line":35,"column":32},"end":{"line":40,"column":3}},"line":35}},"branchMap":{"0":{"loc":{"start":{"line":19,"column":45},"end":{"line":19,"column":57}},"type":"default-arg","locations":[{"start":{"line":19,"column":55},"end":{"line":19,"column":57}}],"line":19},"1":{"loc":{"start":{"line":21,"column":2},"end":{"line":21,"column":20}},"type":"if","locations":[{"start":{"line":21,"column":2},"end":{"line":21,"column":20}},{"start":{},"end":{}}],"line":21},"2":{"loc":{"start":{"line":24,"column":17},"end":{"line":24,"column":60}},"type":"binary-expr","locations":[{"start":{"line":24,"column":17},"end":{"line":24,"column":31}},{"start":{"line":24,"column":35},"end":{"line":24,"column":60}}],"line":24},"3":{"loc":{"start":{"line":28,"column":2},"end":{"line":30,"column":3}},"type":"if","locations":[{"start":{"line":28,"column":2},"end":{"line":30,"column":3}},{"start":{},"end":{}}],"line":28},"4":{"loc":{"start":{"line":33,"column":18},"end":{"line":33,"column":36}},"type":"binary-expr","locations":[{"start":{"line":33,"column":18},"end":{"line":33,"column":30}},{"start":{"line":33,"column":34},"end":{"line":33,"column":36}}],"line":33}},"s":{"0":11,"1":10,"2":10,"3":1,"4":9,"5":9,"6":9,"7":8,"8":1,"9":7,"10":7,"11":7,"12":2},"f":{"0":10,"1":2},"b":{"0":[8],"1":[1,9],"2":[9,7],"3":[1,7],"4":[7,1]},"_coverageSchema":"1a1c01bbd47fc00a2c39e90264f33305004495a9","hash":"39abd20984bbc3dd65a93ed0392ff667a14c2296"}
,"/mnt/Secondary/Proyectos/Personal/JavaScript/ProyectosWeb/CLI/CDD/src/helpers/imageNameUtils.js": {"path":"/mnt/Secondary/Proyectos/Personal/JavaScript/ProyectosWeb/CLI/CDD/src/helpers/imageNameUtils.js","statementMap":{"0":{"start":{"line":19,"column":2},"end":{"line":19,"column":28}},"1":{"start":{"line":19,"column":18},"end":{"line":19,"column":28}},"2":{"start":{"line":21,"column":13},"end":{"line":21,"column":22}},"3":{"start":{"line":22,"column":19},"end":{"line":22,"column":40}},"4":{"start":{"line":23,"column":2},"end":{"line":25,"column":3}},"5":{"start":{"line":24,"column":4},"end":{"line":24,"column":36}},"6":{"start":{"line":27,"column":19},"end":{"line":27,"column":36}},"7":{"start":{"line":28,"column":2},"end":{"line":30,"column":3}},"8":{"start":{"line":29,"column":4},"end":{"line":29,"column":35}},"9":{"start":{"line":31,"column":2},"end":{"line":31,"column":28}}},"fnMap":{"0":{"name":"normalizeImageName","decl":{"start":{"line":18,"column":16},"end":{"line":18,"column":34}},"loc":{"start":{"line":18,"column":46},"end":{"line":32,"column":1}},"line":18}},"branchMap":{"0":{"loc":{"start":{"line":19,"column":2},"end":{"line":19,"column":28}},"type":"if","locations":[{"start":{"line":19,"column":2},"end":{"line":19,"column":28}},{"start":{},"end":{}}],"line":19},"1":{"loc":{"start":{"line":23,"column":2},"end":{"line":25,"column":3}},"type":"if","locations":[{"start":{"line":23,"column":2},"end":{"line":25,"column":3}},{"start":{},"end":{}}],"line":23},"2":{"loc":{"start":{"line":28,"column":2},"end":{"line":30,"column":3}},"type":"if","locations":[{"start":{"line":28,"column":2},"end":{"line":30,"column":3}},{"start":{},"end":{}}],"line":28}},"s":{"0":18,"1":0,"2":18,"3":18,"4":18,"5":2,"6":18,"7":18,"8":9,"9":18},"f":{"0":18},"b":{"0":[0,18],"1":[2,16],"2":[9,9]},"_coverageSchema":"1a1c01bbd47fc00a2c39e90264f33305004495a9","hash":"1cb882de8c1a226520607cb39aef9994771fb360"}
,"/mnt/Secondary/Proyectos/Personal/JavaScript/ProyectosWeb/CLI/CDD/src/helpers/logger.js": {"path":"/mnt/Secondary/Proyectos/Personal/JavaScript/ProyectosWeb/CLI/CDD/src/helpers/logger.js","statementMap":{"0":{"start":{"line":5,"column":19},"end":{"line":10,"column":1}},"1":{"start":{"line":27,"column":2},"end":{"line":29,"column":3}},"2":{"start":{"line":28,"column":4},"end":{"line":28,"column":16}},"3":{"start":{"line":30,"column":21},"end":{"line":30,"column":47}},"4":{"start":{"line":31,"column":2},"end":{"line":33,"column":3}},"5":{"start":{"line":32,"column":4},"end":{"line":32,"column":34}},"6":{"start":{"line":34,"column":2},"end":{"line":34,"column":14}},"7":{"start":{"line":38,"column":2},"end":{"line":40,"column":17}},"8":{"start":{"line":42,"column":21},"end":{"line":42,"column":78}},"9":{"start":{"line":44,"column":18},"end":{"line":44,"column":27}},"10":{"start":{"line":47,"column":17},"end":{"line":47,"column":34}},"11":{"start":{"line":48,"column":2},"end":{"line":48,"column":62}},"12":{"start":{"line":52,"column":2},"end":{"line":54,"column":3}},"13":{"start":{"line":53,"column":4},"end":{"line":53,"column":11}},"14":{"start":{"line":56,"column":20},"end":{"line":56,"column":44}},"15":{"start":{"line":57,"column":21},"end":{"line":57,"column":40}},"16":{"start":{"line":58,"column":20},"end":{"line":58,"column":63}},"17":{"start":{"line":59,"column":16},"end":{"line":59,"column":62}},"18":{"start":{"line":62,"column":4},"end":{"line":62,"column":65}},"19":{"start":{"line":64,"column":2},"end":{"line":71,"column":3}},"20":{"start":{"line":65,"column":19},"end":{"line":65,"column":52}},"21":{"start":{"line":66,"column":4},"end":{"line":70,"column":5}},"22":{"start":{"line":67,"column":6},"end":{"line":67,"column":42}},"23":{"start":{"line":69,"column":6},"end":{"line":69,"column":38}},"24":{"start":{"line":73,"column":2},"end":{"line":79,"column":5}},"25":{"start":{"line":74,"column":4},"end":{"line":78,"column":5}},"26":{"start":{"line":75,"column":6},"end":{"line":75,"column":22}},"27":{"start":{"line":87,"column":22},"end":{"line":113,"column":1}},"28":{"start":{"line":89,"column":4},"end":{"line":89,"column":35}},"29":{"start":{"line":92,"column":4},"end":{"line":92,"column":34}},"30":{"start":{"line":95,"column":4},"end":{"line":95,"column":34}},"31":{"start":{"line":98,"column":4},"end":{"line":98,"column":35}},"32":{"start":{"line":107,"column":4},"end":{"line":109,"column":5}},"33":{"start":{"line":108,"column":6},"end":{"line":108,"column":22}},"34":{"start":{"line":110,"column":4},"end":{"line":110,"column":28}},"35":{"start":{"line":111,"column":4},"end":{"line":111,"column":44}},"36":{"start":{"line":111,"column":17},"end":{"line":111,"column":43}}},"fnMap":{"0":{"name":"parseLevel","decl":{"start":{"line":26,"column":9},"end":{"line":26,"column":19}},"loc":{"start":{"line":26,"column":27},"end":{"line":35,"column":1}},"line":26},"1":{"name":"shouldLog","decl":{"start":{"line":46,"column":9},"end":{"line":46,"column":18}},"loc":{"start":{"line":46,"column":26},"end":{"line":49,"column":1}},"line":46},"2":{"name":"log","decl":{"start":{"line":51,"column":9},"end":{"line":51,"column":12}},"loc":{"start":{"line":51,"column":38},"end":{"line":80,"column":1}},"line":51},"3":{"name":"(anonymous_3)","decl":{"start":{"line":73,"column":20},"end":{"line":73,"column":21}},"loc":{"start":{"line":73,"column":34},"end":{"line":79,"column":3}},"line":73},"4":{"name":"(anonymous_4)","decl":{"start":{"line":88,"column":2},"end":{"line":88,"column":3}},"loc":{"start":{"line":88,"column":26},"end":{"line":90,"column":3}},"line":88},"5":{"name":"(anonymous_5)","decl":{"start":{"line":91,"column":2},"end":{"line":91,"column":3}},"loc":{"start":{"line":91,"column":25},"end":{"line":93,"column":3}},"line":91},"6":{"name":"(anonymous_6)","decl":{"start":{"line":94,"column":2},"end":{"line":94,"column":3}},"loc":{"start":{"line":94,"column":25},"end":{"line":96,"column":3}},"line":94},"7":{"name":"(anonymous_7)","decl":{"start":{"line":97,"column":2},"end":{"line":97,"column":3}},"loc":{"start":{"line":97,"column":26},"end":{"line":99,"column":3}},"line":97},"8":{"name":"(anonymous_8)","decl":{"start":{"line":106,"column":2},"end":{"line":106,"column":3}},"loc":{"start":{"line":106,"column":22},"end":{"line":112,"column":3}},"line":106},"9":{"name":"(anonymous_9)","decl":{"start":{"line":108,"column":13},"end":{"line":108,"column":14}},"loc":{"start":{"line":108,"column":19},"end":{"line":108,"column":21}},"line":108},"10":{"name":"(anonymous_10)","decl":{"start":{"line":111,"column":11},"end":{"line":111,"column":12}},"loc":{"start":{"line":111,"column":17},"end":{"line":111,"column":43}},"line":111}},"branchMap":{"0":{"loc":{"start":{"line":27,"column":2},"end":{"line":29,"column":3}},"type":"if","locations":[{"start":{"line":27,"column":2},"end":{"line":29,"column":3}},{"start":{},"end":{}}],"line":27},"1":{"loc":{"start":{"line":31,"column":2},"end":{"line":33,"column":3}},"type":"if","locations":[{"start":{"line":31,"column":2},"end":{"line":33,"column":3}},{"start":{},"end":{}}],"line":31},"2":{"loc":{"start":{"line":38,"column":2},"end":{"line":40,"column":17}},"type":"binary-expr","locations":[{"start":{"line":38,"column":2},"end":{"line":38,"column":39}},{"start":{"line":39,"column":2},"end":{"line":39,"column":35}},{"start":{"line":40,"column":2},"end":{"line":40,"column":17}}],"line":38},"3":{"loc":{"start":{"line":42,"column":21},"end":{"line":42,"column":78}},"type":"cond-expr","locations":[{"start":{"line":42,"column":52},"end":{"line":42,"column":60}},{"start":{"line":42,"column":63},"end":{"line":42,"column":78}}],"line":42},"4":{"loc":{"start":{"line":48,"column":9},"end":{"line":48,"column":61}},"type":"binary-expr","locations":[{"start":{"line":48,"column":9},"end":{"line":48,"column":35}},{"start":{"line":48,"column":39},"end":{"line":48,"column":61}}],"line":48},"5":{"loc":{"start":{"line":52,"column":2},"end":{"line":54,"column":3}},"type":"if","locations":[{"start":{"line":52,"column":2},"end":{"line":54,"column":3}},{"start":{},"end":{}}],"line":52},"6":{"loc":{"start":{"line":62,"column":4},"end":{"line":62,"column":65}},"type":"binary-expr","locations":[{"start":{"line":62,"column":4},"end":{"line":62,"column":24}},{"start":{"line":62,"column":28},"end":{"line":62,"column":45}},{"start":{"line":62,"column":49},"end":{"line":62,"column":65}}],"line":62},"7":{"loc":{"start":{"line":64,"column":2},"end":{"line":71,"column":3}},"type":"if","locations":[{"start":{"line":64,"column":2},"end":{"line":71,"column":3}},{"start":{},"end":{}}],"line":64},"8":{"loc":{"start":{"line":65,"column":19},"end":{"line":65,"column":52}},"type":"cond-expr","locations":[{"start":{"line":65,"column":39},"end":{"line":65,"column":44}},{"start":{"line":65,"column":47},"end":{"line":65,"column":52}}],"line":65},"9":{"loc":{"start":{"line":66,"column":4},"end":{"line":70,"column":5}},"type":"if","locations":[{"start":{"line":66,"column":4},"end":{"line":70,"column":5}},{"start":{"line":68,"column":11},"end":{"line":70,"column":5}}],"line":66},"10":{"loc":{"start":{"line":107,"column":4},"end":{"line":109,"column":5}},"type":"if","locations":[{"start":{"line":107,"column":4},"end":{"line":109,"column":5}},{"start":{},"end":{}}],"line":107}},"s":{"0":14,"1":28,"2":28,"3":0,"4":0,"5":0,"6":0,"7":14,"8":14,"9":14,"10":29,"11":29,"12":29,"13":10,"14":19,"15":19,"16":19,"17":19,"18":19,"19":19,"20":19,"21":19,"22":19,"23":0,"24":19,"25":0,"26":0,"27":14,"28":10,"29":18,"30":0,"31":1,"32":20,"33":0,"34":20,"35":20,"36":20},"f":{"0":28,"1":29,"2":29,"3":0,"4":10,"5":18,"6":0,"7":1,"8":20,"9":0,"10":20},"b":{"0":[28,0],"1":[0,0],"2":[14,14,14],"3":[14,0],"4":[29,29],"5":[10,19],"6":[19,0,0],"7":[19,0],"8":[0,19],"9":[19,0],"10":[0,20]},"_coverageSchema":"1a1c01bbd47fc00a2c39e90264f33305004495a9","hash":"30e7efb2fc3683e463ac400bc3c719802b4dfea8"}
,"/mnt/Secondary/Proyectos/Personal/JavaScript/ProyectosWeb/CLI/CDD/src/helpers/safeCall.js": {"path":"/mnt/Secondary/Proyectos/Personal/JavaScript/ProyectosWeb/CLI/CDD/src/helpers/safeCall.js","statementMap":{"0":{"start":{"line":11,"column":2},"end":{"line":17,"column":3}},"1":{"start":{"line":12,"column":4},"end":{"line":16,"column":5}},"2":{"start":{"line":13,"column":6},"end":{"line":13,"column":25}},"3":{"start":{"line":15,"column":6},"end":{"line":15,"column":47}}},"fnMap":{"0":{"name":"safeCall","decl":{"start":{"line":10,"column":16},"end":{"line":10,"column":24}},"loc":{"start":{"line":10,"column":38},"end":{"line":18,"column":1}},"line":10}},"branchMap":{"0":{"loc":{"start":{"line":11,"column":2},"end":{"line":17,"column":3}},"type":"if","locations":[{"start":{"line":11,"column":2},"end":{"line":17,"column":3}},{"start":{},"end":{}}],"line":11}},"s":{"0":9,"1":8,"2":8,"3":1},"f":{"0":9},"b":{"0":[8,1]},"_coverageSchema":"1a1c01bbd47fc00a2c39e90264f33305004495a9","hash":"03b3b96e36bd29b63546bde026f64fdef8a1f0b8"}
,"/mnt/Secondary/Proyectos/Personal/JavaScript/ProyectosWeb/CLI/CDD/src/helpers/validationHelpers.js": {"path":"/mnt/Secondary/Proyectos/Personal/JavaScript/ProyectosWeb/CLI/CDD/src/helpers/validationHelpers.js","statementMap":{"0":{"start":{"line":13,"column":2},"end":{"line":13,"column":51}},"1":{"start":{"line":13,"column":39},"end":{"line":13,"column":51}},"2":{"start":{"line":14,"column":16},"end":{"line":17,"column":20}},"3":{"start":{"line":16,"column":16},"end":{"line":16,"column":24}},"4":{"start":{"line":18,"column":2},"end":{"line":18,"column":38}},"5":{"start":{"line":18,"column":26},"end":{"line":18,"column":38}},"6":{"start":{"line":19,"column":18},"end":{"line":22,"column":4}},"7":{"start":{"line":20,"column":25},"end":{"line":20,"column":40}},"8":{"start":{"line":21,"column":4},"end":{"line":21,"column":72}},"9":{"start":{"line":23,"column":2},"end":{"line":23,"column":18}},"10":{"start":{"line":41,"column":21},"end":{"line":41,"column":75}},"11":{"start":{"line":44,"column":20},"end":{"line":44,"column":22}},"12":{"start":{"line":45,"column":23},"end":{"line":45,"column":25}},"13":{"start":{"line":47,"column":2},"end":{"line":66,"column":3}},"14":{"start":{"line":48,"column":17},"end":{"line":51,"column":22}},"15":{"start":{"line":50,"column":18},"end":{"line":50,"column":26}},"16":{"start":{"line":52,"column":4},"end":{"line":65,"column":5}},"17":{"start":{"line":53,"column":20},"end":{"line":53,"column":34}},"18":{"start":{"line":54,"column":6},"end":{"line":57,"column":7}},"19":{"start":{"line":55,"column":8},"end":{"line":55,"column":59}},"20":{"start":{"line":56,"column":8},"end":{"line":56,"column":17}},"21":{"start":{"line":58,"column":22},"end":{"line":58,"column":46}},"22":{"start":{"line":59,"column":23},"end":{"line":59,"column":41}},"23":{"start":{"line":60,"column":6},"end":{"line":63,"column":7}},"24":{"start":{"line":61,"column":8},"end":{"line":61,"column":71}},"25":{"start":{"line":62,"column":8},"end":{"line":62,"column":17}},"26":{"start":{"line":64,"column":6},"end":{"line":64,"column":36}},"27":{"start":{"line":68,"column":2},"end":{"line":71,"column":3}},"28":{"start":{"line":70,"column":4},"end":{"line":70,"column":37}},"29":{"start":{"line":74,"column":17},"end":{"line":74,"column":34}},"30":{"start":{"line":75,"column":19},"end":{"line":75,"column":48}},"31":{"start":{"line":76,"column":18},"end":{"line":76,"column":41}},"32":{"start":{"line":78,"column":2},"end":{"line":84,"column":3}},"33":{"start":{"line":79,"column":4},"end":{"line":83,"column":5}},"34":{"start":{"line":80,"column":6},"end":{"line":82,"column":7}},"35":{"start":{"line":81,"column":8},"end":{"line":81,"column":61}},"36":{"start":{"line":86,"column":2},"end":{"line":86,"column":59}}},"fnMap":{"0":{"name":"validatePorts","decl":{"start":{"line":11,"column":16},"end":{"line":11,"column":29}},"loc":{"start":{"line":11,"column":41},"end":{"line":24,"column":1}},"line":11},"1":{"name":"(anonymous_1)","decl":{"start":{"line":16,"column":9},"end":{"line":16,"column":10}},"loc":{"start":{"line":16,"column":16},"end":{"line":16,"column":24}},"line":16},"2":{"name":"(anonymous_2)","decl":{"start":{"line":19,"column":29},"end":{"line":19,"column":30}},"loc":{"start":{"line":19,"column":39},"end":{"line":22,"column":3}},"line":19},"3":{"name":"validateEnvVars","decl":{"start":{"line":40,"column":16},"end":{"line":40,"column":31}},"loc":{"start":{"line":40,"column":68},"end":{"line":87,"column":1}},"line":40},"4":{"name":"(anonymous_4)","decl":{"start":{"line":50,"column":11},"end":{"line":50,"column":12}},"loc":{"start":{"line":50,"column":18},"end":{"line":50,"column":26}},"line":50}},"branchMap":{"0":{"loc":{"start":{"line":13,"column":2},"end":{"line":13,"column":51}},"type":"if","locations":[{"start":{"line":13,"column":2},"end":{"line":13,"column":51}},{"start":{},"end":{}}],"line":13},"1":{"loc":{"start":{"line":13,"column":6},"end":{"line":13,"column":37}},"type":"binary-expr","locations":[{"start":{"line":13,"column":6},"end":{"line":13,"column":16}},{"start":{"line":13,"column":20},"end":{"line":13,"column":37}}],"line":13},"2":{"loc":{"start":{"line":18,"column":2},"end":{"line":18,"column":38}},"type":"if","locations":[{"start":{"line":18,"column":2},"end":{"line":18,"column":38}},{"start":{},"end":{}}],"line":18},"3":{"loc":{"start":{"line":21,"column":11},"end":{"line":21,"column":71}},"type":"binary-expr","locations":[{"start":{"line":21,"column":11},"end":{"line":21,"column":16}},{"start":{"line":21,"column":20},"end":{"line":21,"column":25}},{"start":{"line":21,"column":29},"end":{"line":21,"column":48}},{"start":{"line":21,"column":52},"end":{"line":21,"column":71}}],"line":21},"4":{"loc":{"start":{"line":41,"column":21},"end":{"line":41,"column":75}},"type":"binary-expr","locations":[{"start":{"line":41,"column":21},"end":{"line":41,"column":44}},{"start":{"line":41,"column":48},"end":{"line":41,"column":75}}],"line":41},"5":{"loc":{"start":{"line":47,"column":2},"end":{"line":66,"column":3}},"type":"if","locations":[{"start":{"line":47,"column":2},"end":{"line":66,"column":3}},{"start":{},"end":{}}],"line":47},"6":{"loc":{"start":{"line":47,"column":6},"end":{"line":47,"column":33}},"type":"binary-expr","locations":[{"start":{"line":47,"column":6},"end":{"line":47,"column":14}},{"start":{"line":47,"column":18},"end":{"line":47,"column":33}}],"line":47},"7":{"loc":{"start":{"line":54,"column":6},"end":{"line":57,"column":7}},"type":"if","locations":[{"start":{"line":54,"column":6},"end":{"line":57,"column":7}},{"start":{},"end":{}}],"line":54},"8":{"loc":{"start":{"line":60,"column":6},"end":{"line":63,"column":7}},"type":"if","locations":[{"start":{"line":60,"column":6},"end":{"line":63,"column":7}},{"start":{},"end":{}}],"line":60},"9":{"loc":{"start":{"line":68,"column":2},"end":{"line":71,"column":3}},"type":"if","locations":[{"start":{"line":68,"column":2},"end":{"line":71,"column":3}},{"start":{},"end":{}}],"line":68},"10":{"loc":{"start":{"line":78,"column":2},"end":{"line":84,"column":3}},"type":"if","locations":[{"start":{"line":78,"column":2},"end":{"line":84,"column":3}},{"start":{},"end":{}}],"line":78},"11":{"loc":{"start":{"line":78,"column":6},"end":{"line":78,"column":66}},"type":"binary-expr","locations":[{"start":{"line":78,"column":6},"end":{"line":78,"column":13}},{"start":{"line":78,"column":17},"end":{"line":78,"column":36}},{"start":{"line":78,"column":40},"end":{"line":78,"column":66}}],"line":78},"12":{"loc":{"start":{"line":80,"column":6},"end":{"line":82,"column":7}},"type":"if","locations":[{"start":{"line":80,"column":6},"end":{"line":82,"column":7}},{"start":{},"end":{}}],"line":80},"13":{"loc":{"start":{"line":80,"column":10},"end":{"line":80,"column":67}},"type":"binary-expr","locations":[{"start":{"line":80,"column":10},"end":{"line":80,"column":30}},{"start":{"line":80,"column":34},"end":{"line":80,"column":67}}],"line":80}},"s":{"0":6,"1":1,"2":5,"3":6,"4":5,"5":0,"6":5,"7":6,"8":6,"9":5,"10":22,"11":22,"12":22,"13":22,"14":14,"15":15,"16":14,"17":15,"18":15,"19":1,"20":1,"21":14,"22":14,"23":14,"24":3,"25":3,"26":11,"27":22,"28":7,"29":15,"30":15,"31":15,"32":15,"33":6,"34":6,"35":3,"36":15},"f":{"0":6,"1":6,"2":6,"3":22,"4":15},"b":{"0":[1,5],"1":[6,5],"2":[0,5],"3":[6,5,4,3],"4":[22,15],"5":[14,8],"6":[22,14],"7":[1,14],"8":[3,11],"9":[7,15],"10":[6,9],"11":[15,13,13],"12":[3,3],"13":[6,3]},"_coverageSchema":"1a1c01bbd47fc00a2c39e90264f33305004495a9","hash":"2d9fbaaea9d938145c3b535b9f8d70ecb22d5b3e"}
,"/mnt/Secondary/Proyectos/Personal/JavaScript/ProyectosWeb/CLI/CDD/src/helpers/dockerService/serviceComponents/containerActions.js": {"path":"/mnt/Secondary/Proyectos/Personal/JavaScript/ProyectosWeb/CLI/CDD/src/helpers/dockerService/serviceComponents/containerActions.js","statementMap":{"0":{"start":{"line":17,"column":2},"end":{"line":22,"column":5}},"1":{"start":{"line":20,"column":6},"end":{"line":20,"column":68}},"2":{"start":{"line":20,"column":23},"end":{"line":20,"column":63}},"3":{"start":{"line":33,"column":2},"end":{"line":33,"column":53}},"4":{"start":{"line":34,"column":20},"end":{"line":34,"column":52}},"5":{"start":{"line":35,"column":2},"end":{"line":41,"column":3}},"6":{"start":{"line":36,"column":4},"end":{"line":36,"column":80}},"7":{"start":{"line":37,"column":4},"end":{"line":37,"column":53}},"8":{"start":{"line":39,"column":4},"end":{"line":39,"column":68}},"9":{"start":{"line":40,"column":4},"end":{"line":40,"column":64}},"10":{"start":{"line":58,"column":2},"end":{"line":58,"column":61}},"11":{"start":{"line":60,"column":2},"end":{"line":65,"column":3}},"12":{"start":{"line":61,"column":4},"end":{"line":61,"column":62}},"13":{"start":{"line":63,"column":4},"end":{"line":63,"column":72}},"14":{"start":{"line":64,"column":4},"end":{"line":64,"column":66}},"15":{"start":{"line":66,"column":2},"end":{"line":75,"column":3}},"16":{"start":{"line":67,"column":4},"end":{"line":67,"column":66}},"17":{"start":{"line":68,"column":4},"end":{"line":74,"column":5}},"18":{"start":{"line":69,"column":6},"end":{"line":69,"column":67}},"19":{"start":{"line":70,"column":6},"end":{"line":70,"column":48}},"20":{"start":{"line":72,"column":6},"end":{"line":72,"column":62}},"21":{"start":{"line":73,"column":6},"end":{"line":73,"column":62}},"22":{"start":{"line":76,"column":21},"end":{"line":80,"column":3}},"23":{"start":{"line":82,"column":30},"end":{"line":84,"column":3}},"24":{"start":{"line":87,"column":24},"end":{"line":87,"column":26}},"25":{"start":{"line":89,"column":2},"end":{"line":217,"column":3}},"26":{"start":{"line":90,"column":4},"end":{"line":200,"column":5}},"27":{"start":{"line":91,"column":20},"end":{"line":91,"column":46}},"28":{"start":{"line":92,"column":6},"end":{"line":193,"column":7}},"29":{"start":{"line":93,"column":28},"end":{"line":93,"column":37}},"30":{"start":{"line":94,"column":8},"end":{"line":113,"column":9}},"31":{"start":{"line":95,"column":10},"end":{"line":112,"column":11}},"32":{"start":{"line":96,"column":31},"end":{"line":99,"column":13}},"33":{"start":{"line":100,"column":12},"end":{"line":106,"column":15}},"34":{"start":{"line":101,"column":14},"end":{"line":105,"column":17}},"35":{"start":{"line":102,"column":16},"end":{"line":104,"column":17}},"36":{"start":{"line":103,"column":18},"end":{"line":103,"column":65}},"37":{"start":{"line":108,"column":12},"end":{"line":111,"column":14}},"38":{"start":{"line":114,"column":28},"end":{"line":117,"column":9}},"39":{"start":{"line":115,"column":26},"end":{"line":115,"column":38}},"40":{"start":{"line":116,"column":10},"end":{"line":116,"column":37}},"41":{"start":{"line":118,"column":38},"end":{"line":140,"column":9}},"42":{"start":{"line":119,"column":30},"end":{"line":119,"column":55}},"43":{"start":{"line":120,"column":10},"end":{"line":133,"column":11}},"44":{"start":{"line":121,"column":12},"end":{"line":124,"column":13}},"45":{"start":{"line":122,"column":14},"end":{"line":122,"column":38}},"46":{"start":{"line":123,"column":14},"end":{"line":123,"column":26}},"47":{"start":{"line":125,"column":26},"end":{"line":125,"column":27}},"48":{"start":{"line":126,"column":28},"end":{"line":126,"column":48}},"49":{"start":{"line":127,"column":12},"end":{"line":130,"column":13}},"50":{"start":{"line":128,"column":14},"end":{"line":128,"column":27}},"51":{"start":{"line":129,"column":14},"end":{"line":129,"column":47}},"52":{"start":{"line":131,"column":12},"end":{"line":131,"column":41}},"53":{"start":{"line":132,"column":12},"end":{"line":132,"column":29}},"54":{"start":{"line":134,"column":26},"end":{"line":134,"column":37}},"55":{"start":{"line":135,"column":10},"end":{"line":137,"column":11}},"56":{"start":{"line":136,"column":12},"end":{"line":136,"column":27}},"57":{"start":{"line":138,"column":10},"end":{"line":138,"column":33}},"58":{"start":{"line":139,"column":10},"end":{"line":139,"column":35}},"59":{"start":{"line":142,"column":28},"end":{"line":145,"column":9}},"60":{"start":{"line":147,"column":10},"end":{"line":149,"column":12}},"61":{"start":{"line":150,"column":26},"end":{"line":150,"column":52}},"62":{"start":{"line":153,"column":8},"end":{"line":161,"column":9}},"63":{"start":{"line":154,"column":27},"end":{"line":154,"column":56}},"64":{"start":{"line":155,"column":26},"end":{"line":155,"column":49}},"65":{"start":{"line":156,"column":10},"end":{"line":160,"column":11}},"66":{"start":{"line":157,"column":32},"end":{"line":157,"column":60}},"67":{"start":{"line":158,"column":12},"end":{"line":158,"column":44}},"68":{"start":{"line":159,"column":12},"end":{"line":159,"column":40}},"69":{"start":{"line":163,"column":8},"end":{"line":192,"column":9}},"70":{"start":{"line":164,"column":10},"end":{"line":164,"column":66}},"71":{"start":{"line":165,"column":10},"end":{"line":165,"column":71}},"72":{"start":{"line":166,"column":10},"end":{"line":168,"column":12}},"73":{"start":{"line":169,"column":10},"end":{"line":191,"column":13}},"74":{"start":{"line":170,"column":12},"end":{"line":172,"column":13}},"75":{"start":{"line":171,"column":14},"end":{"line":171,"column":72}},"76":{"start":{"line":173,"column":12},"end":{"line":190,"column":13}},"77":{"start":{"line":177,"column":28},"end":{"line":177,"column":46}},"78":{"start":{"line":178,"column":36},"end":{"line":178,"column":44}},"79":{"start":{"line":179,"column":31},"end":{"line":179,"column":48}},"80":{"start":{"line":180,"column":31},"end":{"line":180,"column":67}},"81":{"start":{"line":181,"column":14},"end":{"line":183,"column":16}},"82":{"start":{"line":184,"column":14},"end":{"line":189,"column":17}},"83":{"start":{"line":195,"column":6},"end":{"line":199,"column":8}},"84":{"start":{"line":203,"column":25},"end":{"line":203,"column":66}},"85":{"start":{"line":204,"column":4},"end":{"line":216,"column":7}},"86":{"start":{"line":205,"column":20},"end":{"line":205,"column":38}},"87":{"start":{"line":206,"column":28},"end":{"line":206,"column":36}},"88":{"start":{"line":207,"column":23},"end":{"line":207,"column":40}},"89":{"start":{"line":208,"column":6},"end":{"line":215,"column":9}},"90":{"start":{"line":209,"column":8},"end":{"line":214,"column":11}},"91":{"start":{"line":219,"column":2},"end":{"line":230,"column":3}},"92":{"start":{"line":220,"column":22},"end":{"line":223,"column":5}},"93":{"start":{"line":224,"column":24},"end":{"line":224,"column":52}},"94":{"start":{"line":225,"column":4},"end":{"line":225,"column":78}},"95":{"start":{"line":226,"column":4},"end":{"line":226,"column":53}},"96":{"start":{"line":228,"column":4},"end":{"line":228,"column":77}},"97":{"start":{"line":229,"column":4},"end":{"line":229,"column":64}},"98":{"start":{"line":239,"column":20},"end":{"line":239,"column":52}},"99":{"start":{"line":240,"column":2},"end":{"line":240,"column":53}},"100":{"start":{"line":241,"column":2},"end":{"line":247,"column":3}},"101":{"start":{"line":242,"column":4},"end":{"line":242,"column":64}},"102":{"start":{"line":243,"column":4},"end":{"line":243,"column":53}},"103":{"start":{"line":245,"column":4},"end":{"line":245,"column":67}},"104":{"start":{"line":246,"column":4},"end":{"line":246,"column":14}},"105":{"start":{"line":256,"column":20},"end":{"line":256,"column":52}},"106":{"start":{"line":257,"column":2},"end":{"line":257,"column":53}},"107":{"start":{"line":258,"column":2},"end":{"line":264,"column":3}},"108":{"start":{"line":259,"column":4},"end":{"line":259,"column":63}},"109":{"start":{"line":260,"column":4},"end":{"line":260,"column":53}},"110":{"start":{"line":262,"column":4},"end":{"line":262,"column":66}},"111":{"start":{"line":263,"column":4},"end":{"line":263,"column":14}},"112":{"start":{"line":273,"column":20},"end":{"line":273,"column":52}},"113":{"start":{"line":274,"column":2},"end":{"line":274,"column":55}},"114":{"start":{"line":275,"column":2},"end":{"line":281,"column":3}},"115":{"start":{"line":276,"column":4},"end":{"line":276,"column":66}},"116":{"start":{"line":277,"column":4},"end":{"line":277,"column":55}},"117":{"start":{"line":279,"column":4},"end":{"line":279,"column":69}},"118":{"start":{"line":280,"column":4},"end":{"line":280,"column":14}}},"fnMap":{"0":{"name":"withTimeout","decl":{"start":{"line":16,"column":9},"end":{"line":16,"column":20}},"loc":{"start":{"line":16,"column":58},"end":{"line":23,"column":1}},"line":16},"1":{"name":"(anonymous_1)","decl":{"start":{"line":19,"column":16},"end":{"line":19,"column":17}},"loc":{"start":{"line":20,"column":6},"end":{"line":20,"column":68}},"line":20},"2":{"name":"(anonymous_2)","decl":{"start":{"line":20,"column":17},"end":{"line":20,"column":18}},"loc":{"start":{"line":20,"column":23},"end":{"line":20,"column":63}},"line":20},"3":{"name":"removeContainer","decl":{"start":{"line":32,"column":22},"end":{"line":32,"column":37}},"loc":{"start":{"line":32,"column":51},"end":{"line":42,"column":1}},"line":32},"4":{"name":"createContainer","decl":{"start":{"line":53,"column":22},"end":{"line":53,"column":37}},"loc":{"start":{"line":57,"column":2},"end":{"line":231,"column":1}},"line":57},"5":{"name":"(anonymous_5)","decl":{"start":{"line":100,"column":31},"end":{"line":100,"column":32}},"loc":{"start":{"line":100,"column":46},"end":{"line":106,"column":13}},"line":100},"6":{"name":"(anonymous_6)","decl":{"start":{"line":101,"column":46},"end":{"line":101,"column":47}},"loc":{"start":{"line":101,"column":60},"end":{"line":105,"column":15}},"line":101},"7":{"name":"(anonymous_7)","decl":{"start":{"line":114,"column":28},"end":{"line":114,"column":29}},"loc":{"start":{"line":114,"column":38},"end":{"line":117,"column":9}},"line":114},"8":{"name":"(anonymous_8)","decl":{"start":{"line":118,"column":38},"end":{"line":118,"column":39}},"loc":{"start":{"line":118,"column":48},"end":{"line":140,"column":9}},"line":118},"9":{"name":"(anonymous_9)","decl":{"start":{"line":169,"column":30},"end":{"line":169,"column":31}},"loc":{"start":{"line":169,"column":43},"end":{"line":191,"column":11}},"line":169},"10":{"name":"(anonymous_10)","decl":{"start":{"line":204,"column":41},"end":{"line":204,"column":42}},"loc":{"start":{"line":204,"column":66},"end":{"line":216,"column":5}},"line":204},"11":{"name":"(anonymous_11)","decl":{"start":{"line":208,"column":31},"end":{"line":208,"column":32}},"loc":{"start":{"line":208,"column":38},"end":{"line":215,"column":7}},"line":208},"12":{"name":"startContainer","decl":{"start":{"line":238,"column":22},"end":{"line":238,"column":36}},"loc":{"start":{"line":238,"column":50},"end":{"line":248,"column":1}},"line":238},"13":{"name":"stopContainer","decl":{"start":{"line":255,"column":22},"end":{"line":255,"column":35}},"loc":{"start":{"line":255,"column":49},"end":{"line":265,"column":1}},"line":255},"14":{"name":"restartContainer","decl":{"start":{"line":272,"column":22},"end":{"line":272,"column":38}},"loc":{"start":{"line":272,"column":52},"end":{"line":282,"column":1}},"line":272}},"branchMap":{"0":{"loc":{"start":{"line":16,"column":30},"end":{"line":16,"column":56}},"type":"default-arg","locations":[{"start":{"line":16,"column":35},"end":{"line":16,"column":56}}],"line":16},"1":{"loc":{"start":{"line":55,"column":2},"end":{"line":55,"column":14}},"type":"default-arg","locations":[{"start":{"line":55,"column":12},"end":{"line":55,"column":14}}],"line":55},"2":{"loc":{"start":{"line":56,"column":2},"end":{"line":56,"column":32}},"type":"default-arg","locations":[{"start":{"line":56,"column":18},"end":{"line":56,"column":32}}],"line":56},"3":{"loc":{"start":{"line":66,"column":2},"end":{"line":75,"column":3}},"type":"if","locations":[{"start":{"line":66,"column":2},"end":{"line":75,"column":3}},{"start":{},"end":{}}],"line":66},"4":{"loc":{"start":{"line":83,"column":4},"end":{"line":83,"column":74}},"type":"binary-expr","locations":[{"start":{"line":83,"column":4},"end":{"line":83,"column":27}},{"start":{"line":83,"column":31},"end":{"line":83,"column":74}}],"line":83},"5":{"loc":{"start":{"line":89,"column":2},"end":{"line":217,"column":3}},"type":"if","locations":[{"start":{"line":89,"column":2},"end":{"line":217,"column":3}},{"start":{"line":201,"column":9},"end":{"line":217,"column":3}}],"line":89},"6":{"loc":{"start":{"line":92,"column":6},"end":{"line":193,"column":7}},"type":"if","locations":[{"start":{"line":92,"column":6},"end":{"line":193,"column":7}},{"start":{},"end":{}}],"line":92},"7":{"loc":{"start":{"line":92,"column":10},"end":{"line":92,"column":54}},"type":"binary-expr","locations":[{"start":{"line":92,"column":10},"end":{"line":92,"column":15}},{"start":{"line":92,"column":19},"end":{"line":92,"column":54}}],"line":92},"8":{"loc":{"start":{"line":94,"column":8},"end":{"line":113,"column":9}},"type":"if","locations":[{"start":{"line":94,"column":8},"end":{"line":113,"column":9}},{"start":{},"end":{}}],"line":94},"9":{"loc":{"start":{"line":101,"column":15},"end":{"line":101,"column":36}},"type":"binary-expr","locations":[{"start":{"line":101,"column":15},"end":{"line":101,"column":30}},{"start":{"line":101,"column":34},"end":{"line":101,"column":36}}],"line":101},"10":{"loc":{"start":{"line":102,"column":16},"end":{"line":104,"column":17}},"type":"if","locations":[{"start":{"line":102,"column":16},"end":{"line":104,"column":17}},{"start":{},"end":{}}],"line":102},"11":{"loc":{"start":{"line":102,"column":20},"end":{"line":102,"column":51}},"type":"binary-expr","locations":[{"start":{"line":102,"column":20},"end":{"line":102,"column":28}},{"start":{"line":102,"column":32},"end":{"line":102,"column":51}}],"line":102},"12":{"loc":{"start":{"line":120,"column":10},"end":{"line":133,"column":11}},"type":"if","locations":[{"start":{"line":120,"column":10},"end":{"line":133,"column":11}},{"start":{},"end":{}}],"line":120},"13":{"loc":{"start":{"line":121,"column":12},"end":{"line":124,"column":13}},"type":"if","locations":[{"start":{"line":121,"column":12},"end":{"line":124,"column":13}},{"start":{},"end":{}}],"line":121},"14":{"loc":{"start":{"line":147,"column":10},"end":{"line":149,"column":12}},"type":"binary-expr","locations":[{"start":{"line":147,"column":10},"end":{"line":147,"column":43}},{"start":{"line":148,"column":10},"end":{"line":148,"column":52}},{"start":{"line":149,"column":10},"end":{"line":149,"column":12}}],"line":147},"15":{"loc":{"start":{"line":150,"column":38},"end":{"line":150,"column":51}},"type":"binary-expr","locations":[{"start":{"line":150,"column":38},"end":{"line":150,"column":45}},{"start":{"line":150,"column":49},"end":{"line":150,"column":51}}],"line":150},"16":{"loc":{"start":{"line":153,"column":8},"end":{"line":161,"column":9}},"type":"if","locations":[{"start":{"line":153,"column":8},"end":{"line":161,"column":9}},{"start":{},"end":{}}],"line":153},"17":{"loc":{"start":{"line":156,"column":10},"end":{"line":160,"column":11}},"type":"if","locations":[{"start":{"line":156,"column":10},"end":{"line":160,"column":11}},{"start":{},"end":{}}],"line":156},"18":{"loc":{"start":{"line":156,"column":14},"end":{"line":156,"column":44}},"type":"binary-expr","locations":[{"start":{"line":156,"column":14},"end":{"line":156,"column":21}},{"start":{"line":156,"column":25},"end":{"line":156,"column":44}}],"line":156},"19":{"loc":{"start":{"line":163,"column":8},"end":{"line":192,"column":9}},"type":"if","locations":[{"start":{"line":163,"column":8},"end":{"line":192,"column":9}},{"start":{},"end":{}}],"line":163},"20":{"loc":{"start":{"line":164,"column":36},"end":{"line":164,"column":65}},"type":"binary-expr","locations":[{"start":{"line":164,"column":36},"end":{"line":164,"column":59}},{"start":{"line":164,"column":63},"end":{"line":164,"column":65}}],"line":164},"21":{"loc":{"start":{"line":165,"column":40},"end":{"line":165,"column":67}},"type":"binary-expr","locations":[{"start":{"line":165,"column":40},"end":{"line":165,"column":61}},{"start":{"line":165,"column":65},"end":{"line":165,"column":67}}],"line":165},"22":{"loc":{"start":{"line":167,"column":16},"end":{"line":167,"column":56}},"type":"binary-expr","locations":[{"start":{"line":167,"column":16},"end":{"line":167,"column":50}},{"start":{"line":167,"column":54},"end":{"line":167,"column":56}}],"line":167},"23":{"loc":{"start":{"line":170,"column":12},"end":{"line":172,"column":13}},"type":"if","locations":[{"start":{"line":170,"column":12},"end":{"line":172,"column":13}},{"start":{},"end":{}}],"line":170},"24":{"loc":{"start":{"line":171,"column":49},"end":{"line":171,"column":71}},"type":"binary-expr","locations":[{"start":{"line":171,"column":49},"end":{"line":171,"column":65}},{"start":{"line":171,"column":69},"end":{"line":171,"column":71}}],"line":171},"25":{"loc":{"start":{"line":173,"column":12},"end":{"line":190,"column":13}},"type":"if","locations":[{"start":{"line":173,"column":12},"end":{"line":190,"column":13}},{"start":{},"end":{}}],"line":173},"26":{"loc":{"start":{"line":174,"column":14},"end":{"line":175,"column":65}},"type":"binary-expr","locations":[{"start":{"line":174,"column":14},"end":{"line":174,"column":58}},{"start":{"line":175,"column":14},"end":{"line":175,"column":65}}],"line":174},"27":{"loc":{"start":{"line":179,"column":31},"end":{"line":179,"column":48}},"type":"binary-expr","locations":[{"start":{"line":179,"column":31},"end":{"line":179,"column":39}},{"start":{"line":179,"column":43},"end":{"line":179,"column":48}}],"line":179},"28":{"loc":{"start":{"line":203,"column":25},"end":{"line":203,"column":66}},"type":"binary-expr","locations":[{"start":{"line":203,"column":25},"end":{"line":203,"column":60}},{"start":{"line":203,"column":64},"end":{"line":203,"column":66}}],"line":203},"29":{"loc":{"start":{"line":207,"column":23},"end":{"line":207,"column":40}},"type":"binary-expr","locations":[{"start":{"line":207,"column":23},"end":{"line":207,"column":31}},{"start":{"line":207,"column":35},"end":{"line":207,"column":40}}],"line":207},"30":{"loc":{"start":{"line":208,"column":7},"end":{"line":208,"column":21}},"type":"binary-expr","locations":[{"start":{"line":208,"column":7},"end":{"line":208,"column":15}},{"start":{"line":208,"column":19},"end":{"line":208,"column":21}}],"line":208},"31":{"loc":{"start":{"line":224,"column":24},"end":{"line":224,"column":52}},"type":"binary-expr","locations":[{"start":{"line":224,"column":24},"end":{"line":224,"column":36}},{"start":{"line":224,"column":40},"end":{"line":224,"column":52}}],"line":224}},"s":{"0":29,"1":29,"2":0,"3":1,"4":1,"5":1,"6":1,"7":1,"8":0,"9":0,"10":6,"11":6,"12":6,"13":0,"14":0,"15":6,"16":1,"17":1,"18":1,"19":1,"20":0,"21":0,"22":6,"23":6,"24":6,"25":6,"26":6,"27":6,"28":6,"29":6,"30":6,"31":6,"32":6,"33":6,"34":1,"35":1,"36":1,"37":0,"38":6,"39":4,"40":4,"41":6,"42":4,"43":4,"44":0,"45":0,"46":0,"47":0,"48":0,"49":0,"50":0,"51":0,"52":0,"53":0,"54":4,"55":4,"56":1,"57":4,"58":4,"59":6,"60":6,"61":6,"62":6,"63":3,"64":3,"65":3,"66":1,"67":1,"68":1,"69":6,"70":4,"71":4,"72":4,"73":4,"74":4,"75":4,"76":4,"77":4,"78":4,"79":4,"80":4,"81":4,"82":4,"83":0,"84":0,"85":0,"86":0,"87":0,"88":0,"89":0,"90":0,"91":6,"92":6,"93":6,"94":6,"95":6,"96":0,"97":0,"98":1,"99":1,"100":1,"101":1,"102":1,"103":0,"104":0,"105":1,"106":1,"107":1,"108":1,"109":1,"110":0,"111":0,"112":1,"113":1,"114":1,"115":1,"116":1,"117":0,"118":0},"f":{"0":29,"1":29,"2":0,"3":1,"4":6,"5":1,"6":1,"7":4,"8":4,"9":4,"10":0,"11":0,"12":1,"13":1,"14":1},"b":{"0":[0],"1":[2],"2":[4],"3":[1,5],"4":[6,0],"5":[6,0],"6":[6,0],"7":[6,6],"8":[6,0],"9":[1,0],"10":[1,0],"11":[1,1],"12":[0,4],"13":[0,0],"14":[6,0,0],"15":[6,0],"16":[3,3],"17":[1,2],"18":[3,1],"19":[4,2],"20":[4,4],"21":[4,4],"22":[4,4],"23":[4,0],"24":[4,0],"25":[4,0],"26":[4,0],"27":[4,0],"28":[0,0],"29":[0,0],"30":[0,0],"31":[6,1]},"_coverageSchema":"1a1c01bbd47fc00a2c39e90264f33305004495a9","hash":"aa2311fc4a0d5e98eb52a194d2709d0c4319462d"}
,"/mnt/Secondary/Proyectos/Personal/JavaScript/ProyectosWeb/CLI/CDD/src/helpers/dockerService/serviceComponents/containerList.js": {"path":"/mnt/Secondary/Proyectos/Personal/JavaScript/ProyectosWeb/CLI/CDD/src/helpers/dockerService/serviceComponents/containerList.js","statementMap":{"0":{"start":{"line":4,"column":31},"end":{"line":4,"column":40}},"1":{"start":{"line":13,"column":16},"end":{"line":13,"column":32}},"2":{"start":{"line":16,"column":2},"end":{"line":31,"column":3}},"3":{"start":{"line":21,"column":4},"end":{"line":21,"column":23}},"4":{"start":{"line":22,"column":9},"end":{"line":31,"column":3}},"5":{"start":{"line":23,"column":4},"end":{"line":23,"column":20}},"6":{"start":{"line":24,"column":9},"end":{"line":31,"column":3}},"7":{"start":{"line":28,"column":4},"end":{"line":28,"column":29}},"8":{"start":{"line":30,"column":4},"end":{"line":30,"column":37}},"9":{"start":{"line":33,"column":2},"end":{"line":35,"column":3}},"10":{"start":{"line":34,"column":4},"end":{"line":34,"column":34}},"11":{"start":{"line":37,"column":22},"end":{"line":37,"column":57}},"12":{"start":{"line":38,"column":2},"end":{"line":38,"column":71}},"13":{"start":{"line":46,"column":2},"end":{"line":46,"column":37}},"14":{"start":{"line":47,"column":2},"end":{"line":73,"column":3}},"15":{"start":{"line":48,"column":23},"end":{"line":48,"column":65}},"16":{"start":{"line":49,"column":4},"end":{"line":49,"column":63}},"17":{"start":{"line":50,"column":4},"end":{"line":69,"column":8}},"18":{"start":{"line":50,"column":42},"end":{"line":69,"column":5}},"19":{"start":{"line":57,"column":28},"end":{"line":59,"column":65}},"20":{"start":{"line":58,"column":20},"end":{"line":58,"column":35}},"21":{"start":{"line":59,"column":24},"end":{"line":59,"column":64}},"22":{"start":{"line":60,"column":8},"end":{"line":62,"column":9}},"23":{"start":{"line":61,"column":10},"end":{"line":61,"column":43}},"24":{"start":{"line":64,"column":29},"end":{"line":66,"column":46}},"25":{"start":{"line":65,"column":20},"end":{"line":65,"column":36}},"26":{"start":{"line":66,"column":24},"end":{"line":66,"column":45}},"27":{"start":{"line":67,"column":8},"end":{"line":67,"column":42}},"28":{"start":{"line":71,"column":4},"end":{"line":71,"column":51}},"29":{"start":{"line":72,"column":4},"end":{"line":72,"column":14}}},"fnMap":{"0":{"name":"normalizeContainerName","decl":{"start":{"line":12,"column":9},"end":{"line":12,"column":31}},"loc":{"start":{"line":12,"column":43},"end":{"line":39,"column":1}},"line":12},"1":{"name":"getContainers","decl":{"start":{"line":45,"column":22},"end":{"line":45,"column":35}},"loc":{"start":{"line":45,"column":38},"end":{"line":74,"column":1}},"line":45},"2":{"name":"(anonymous_2)","decl":{"start":{"line":50,"column":26},"end":{"line":50,"column":27}},"loc":{"start":{"line":50,"column":42},"end":{"line":69,"column":5}},"line":50},"3":{"name":"(anonymous_3)","decl":{"start":{"line":56,"column":14},"end":{"line":56,"column":15}},"loc":{"start":{"line":56,"column":20},"end":{"line":68,"column":7}},"line":56},"4":{"name":"(anonymous_4)","decl":{"start":{"line":58,"column":10},"end":{"line":58,"column":11}},"loc":{"start":{"line":58,"column":20},"end":{"line":58,"column":35}},"line":58},"5":{"name":"(anonymous_5)","decl":{"start":{"line":59,"column":14},"end":{"line":59,"column":15}},"loc":{"start":{"line":59,"column":24},"end":{"line":59,"column":64}},"line":59},"6":{"name":"(anonymous_6)","decl":{"start":{"line":65,"column":10},"end":{"line":65,"column":11}},"loc":{"start":{"line":65,"column":20},"end":{"line":65,"column":36}},"line":65},"7":{"name":"(anonymous_7)","decl":{"start":{"line":66,"column":14},"end":{"line":66,"column":15}},"loc":{"start":{"line":66,"column":24},"end":{"line":66,"column":45}},"line":66}},"branchMap":{"0":{"loc":{"start":{"line":16,"column":2},"end":{"line":31,"column":3}},"type":"if","locations":[{"start":{"line":16,"column":2},"end":{"line":31,"column":3}},{"start":{"line":22,"column":9},"end":{"line":31,"column":3}}],"line":16},"1":{"loc":{"start":{"line":17,"column":4},"end":{"line":19,"column":32}},"type":"binary-expr","locations":[{"start":{"line":17,"column":4},"end":{"line":17,"column":24}},{"start":{"line":18,"column":4},"end":{"line":18,"column":20}},{"start":{"line":19,"column":4},"end":{"line":19,"column":32}}],"line":17},"2":{"loc":{"start":{"line":22,"column":9},"end":{"line":31,"column":3}},"type":"if","locations":[{"start":{"line":22,"column":9},"end":{"line":31,"column":3}},{"start":{"line":24,"column":9},"end":{"line":31,"column":3}}],"line":22},"3":{"loc":{"start":{"line":22,"column":13},"end":{"line":22,"column":65}},"type":"binary-expr","locations":[{"start":{"line":22,"column":13},"end":{"line":22,"column":38}},{"start":{"line":22,"column":42},"end":{"line":22,"column":65}}],"line":22},"4":{"loc":{"start":{"line":24,"column":9},"end":{"line":31,"column":3}},"type":"if","locations":[{"start":{"line":24,"column":9},"end":{"line":31,"column":3}},{"start":{"line":29,"column":9},"end":{"line":31,"column":3}}],"line":24},"5":{"loc":{"start":{"line":25,"column":4},"end":{"line":26,"column":36}},"type":"binary-expr","locations":[{"start":{"line":25,"column":4},"end":{"line":25,"column":39}},{"start":{"line":26,"column":4},"end":{"line":26,"column":36}}],"line":25},"6":{"loc":{"start":{"line":33,"column":2},"end":{"line":35,"column":3}},"type":"if","locations":[{"start":{"line":33,"column":2},"end":{"line":35,"column":3}},{"start":{},"end":{}}],"line":33},"7":{"loc":{"start":{"line":38,"column":9},"end":{"line":38,"column":70}},"type":"cond-expr","locations":[{"start":{"line":38,"column":34},"end":{"line":38,"column":45}},{"start":{"line":38,"column":48},"end":{"line":38,"column":70}}],"line":38},"8":{"loc":{"start":{"line":60,"column":8},"end":{"line":62,"column":9}},"type":"if","locations":[{"start":{"line":60,"column":8},"end":{"line":62,"column":9}},{"start":{},"end":{}}],"line":60}},"s":{"0":3,"1":3,"2":3,"3":1,"4":2,"5":0,"6":2,"7":1,"8":1,"9":3,"10":0,"11":3,"12":3,"13":3,"14":3,"15":3,"16":3,"17":3,"18":3,"19":3,"20":0,"21":0,"22":3,"23":0,"24":3,"25":0,"26":0,"27":3,"28":0,"29":0},"f":{"0":3,"1":3,"2":3,"3":3,"4":0,"5":0,"6":0,"7":0},"b":{"0":[1,2],"1":[3,2,1],"2":[0,2],"3":[2,0],"4":[1,1],"5":[2,2],"6":[0,3],"7":[3,0],"8":[0,3]},"_coverageSchema":"1a1c01bbd47fc00a2c39e90264f33305004495a9","hash":"85147ea4a03989ce6727086227cf6df46500b3e7"}
,"/mnt/Secondary/Proyectos/Personal/JavaScript/ProyectosWeb/CLI/CDD/src/hooks/useContainerCommandRouter.js": {"path":"/mnt/Secondary/Proyectos/Personal/JavaScript/ProyectosWeb/CLI/CDD/src/hooks/useContainerCommandRouter.js","statementMap":{"0":{"start":{"line":39,"column":31},"end":{"line":120,"column":3}},"1":{"start":{"line":41,"column":24},"end":{"line":41,"column":44}},"2":{"start":{"line":43,"column":6},"end":{"line":53,"column":7}},"3":{"start":{"line":44,"column":8},"end":{"line":51,"column":11}},"4":{"start":{"line":45,"column":34},"end":{"line":45,"column":66}},"5":{"start":{"line":49,"column":12},"end":{"line":50,"column":43}},"6":{"start":{"line":52,"column":8},"end":{"line":52,"column":20}},"7":{"start":{"line":55,"column":6},"end":{"line":68,"column":7}},"8":{"start":{"line":56,"column":8},"end":{"line":66,"column":11}},"9":{"start":{"line":57,"column":34},"end":{"line":57,"column":65}},"10":{"start":{"line":61,"column":12},"end":{"line":65,"column":43}},"11":{"start":{"line":67,"column":8},"end":{"line":67,"column":20}},"12":{"start":{"line":70,"column":6},"end":{"line":77,"column":7}},"13":{"start":{"line":71,"column":8},"end":{"line":75,"column":11}},"14":{"start":{"line":72,"column":34},"end":{"line":72,"column":68}},"15":{"start":{"line":76,"column":8},"end":{"line":76,"column":20}},"16":{"start":{"line":79,"column":6},"end":{"line":85,"column":7}},"17":{"start":{"line":80,"column":8},"end":{"line":82,"column":9}},"18":{"start":{"line":81,"column":10},"end":{"line":81,"column":22}},"19":{"start":{"line":83,"column":8},"end":{"line":83,"column":23}},"20":{"start":{"line":84,"column":8},"end":{"line":84,"column":20}},"21":{"start":{"line":87,"column":6},"end":{"line":94,"column":7}},"22":{"start":{"line":88,"column":8},"end":{"line":90,"column":9}},"23":{"start":{"line":89,"column":10},"end":{"line":89,"column":22}},"24":{"start":{"line":91,"column":8},"end":{"line":91,"column":30}},"25":{"start":{"line":92,"column":8},"end":{"line":92,"column":38}},"26":{"start":{"line":93,"column":8},"end":{"line":93,"column":20}},"27":{"start":{"line":96,"column":6},"end":{"line":100,"column":7}},"28":{"start":{"line":97,"column":8},"end":{"line":97,"column":24}},"29":{"start":{"line":98,"column":8},"end":{"line":98,"column":33}},"30":{"start":{"line":99,"column":8},"end":{"line":99,"column":20}},"31":{"start":{"line":102,"column":6},"end":{"line":105,"column":7}},"32":{"start":{"line":103,"column":8},"end":{"line":103,"column":24}},"33":{"start":{"line":104,"column":8},"end":{"line":104,"column":20}},"34":{"start":{"line":107,"column":6},"end":{"line":107,"column":19}},"35":{"start":{"line":122,"column":2},"end":{"line":122,"column":34}}},"fnMap":{"0":{"name":"useContainerCommandRouter","decl":{"start":{"line":28,"column":16},"end":{"line":28,"column":41}},"loc":{"start":{"line":38,"column":3},"end":{"line":123,"column":1}},"line":38},"1":{"name":"(anonymous_1)","decl":{"start":{"line":40,"column":4},"end":{"line":40,"column":5}},"loc":{"start":{"line":40,"column":15},"end":{"line":108,"column":5}},"line":40},"2":{"name":"(anonymous_2)","decl":{"start":{"line":45,"column":20},"end":{"line":45,"column":21}},"loc":{"start":{"line":45,"column":34},"end":{"line":45,"column":66}},"line":45},"3":{"name":"(anonymous_3)","decl":{"start":{"line":48,"column":22},"end":{"line":48,"column":23}},"loc":{"start":{"line":49,"column":12},"end":{"line":50,"column":43}},"line":49},"4":{"name":"(anonymous_4)","decl":{"start":{"line":57,"column":20},"end":{"line":57,"column":21}},"loc":{"start":{"line":57,"column":34},"end":{"line":57,"column":65}},"line":57},"5":{"name":"(anonymous_5)","decl":{"start":{"line":60,"column":22},"end":{"line":60,"column":23}},"loc":{"start":{"line":61,"column":12},"end":{"line":65,"column":43}},"line":61},"6":{"name":"(anonymous_6)","decl":{"start":{"line":72,"column":20},"end":{"line":72,"column":21}},"loc":{"start":{"line":72,"column":34},"end":{"line":72,"column":68}},"line":72}},"branchMap":{"0":{"loc":{"start":{"line":43,"column":6},"end":{"line":53,"column":7}},"type":"if","locations":[{"start":{"line":43,"column":6},"end":{"line":53,"column":7}},{"start":{},"end":{}}],"line":43},"1":{"loc":{"start":{"line":49,"column":12},"end":{"line":50,"column":43}},"type":"binary-expr","locations":[{"start":{"line":49,"column":13},"end":{"line":49,"column":34}},{"start":{"line":49,"column":38},"end":{"line":49,"column":60}},{"start":{"line":50,"column":12},"end":{"line":50,"column":43}}],"line":49},"2":{"loc":{"start":{"line":55,"column":6},"end":{"line":68,"column":7}},"type":"if","locations":[{"start":{"line":55,"column":6},"end":{"line":68,"column":7}},{"start":{},"end":{}}],"line":55},"3":{"loc":{"start":{"line":61,"column":12},"end":{"line":65,"column":43}},"type":"binary-expr","locations":[{"start":{"line":61,"column":13},"end":{"line":61,"column":33}},{"start":{"line":62,"column":14},"end":{"line":62,"column":35}},{"start":{"line":63,"column":14},"end":{"line":63,"column":35}},{"start":{"line":64,"column":14},"end":{"line":64,"column":36}},{"start":{"line":65,"column":12},"end":{"line":65,"column":43}}],"line":61},"4":{"loc":{"start":{"line":70,"column":6},"end":{"line":77,"column":7}},"type":"if","locations":[{"start":{"line":70,"column":6},"end":{"line":77,"column":7}},{"start":{},"end":{}}],"line":70},"5":{"loc":{"start":{"line":79,"column":6},"end":{"line":85,"column":7}},"type":"if","locations":[{"start":{"line":79,"column":6},"end":{"line":85,"column":7}},{"start":{},"end":{}}],"line":79},"6":{"loc":{"start":{"line":80,"column":8},"end":{"line":82,"column":9}},"type":"if","locations":[{"start":{"line":80,"column":8},"end":{"line":82,"column":9}},{"start":{},"end":{}}],"line":80},"7":{"loc":{"start":{"line":87,"column":6},"end":{"line":94,"column":7}},"type":"if","locations":[{"start":{"line":87,"column":6},"end":{"line":94,"column":7}},{"start":{},"end":{}}],"line":87},"8":{"loc":{"start":{"line":88,"column":8},"end":{"line":90,"column":9}},"type":"if","locations":[{"start":{"line":88,"column":8},"end":{"line":90,"column":9}},{"start":{},"end":{}}],"line":88},"9":{"loc":{"start":{"line":96,"column":6},"end":{"line":100,"column":7}},"type":"if","locations":[{"start":{"line":96,"column":6},"end":{"line":100,"column":7}},{"start":{},"end":{}}],"line":96},"10":{"loc":{"start":{"line":102,"column":6},"end":{"line":105,"column":7}},"type":"if","locations":[{"start":{"line":102,"column":6},"end":{"line":105,"column":7}},{"start":{},"end":{}}],"line":102}},"s":{"0":96,"1":12,"2":12,"3":0,"4":0,"5":0,"6":0,"7":12,"8":0,"9":0,"10":0,"11":0,"12":12,"13":0,"14":0,"15":0,"16":12,"17":0,"18":0,"19":0,"20":0,"21":12,"22":0,"23":0,"24":0,"25":0,"26":0,"27":12,"28":12,"29":12,"30":12,"31":0,"32":0,"33":0,"34":0,"35":96},"f":{"0":96,"1":12,"2":0,"3":0,"4":0,"5":0,"6":0},"b":{"0":[0,12],"1":[0,0,0],"2":[0,12],"3":[0,0,0,0,0],"4":[0,12],"5":[0,12],"6":[0,0],"7":[0,12],"8":[0,0],"9":[12,0],"10":[0,0]},"_coverageSchema":"1a1c01bbd47fc00a2c39e90264f33305004495a9","hash":"0243b3e7bd5dec61d19144c0ddb2d1d3d019c100"}
,"/mnt/Secondary/Proyectos/Personal/JavaScript/ProyectosWeb/CLI/CDD/src/hooks/useControls.js": {"path":"/mnt/Secondary/Proyectos/Personal/JavaScript/ProyectosWeb/CLI/CDD/src/hooks/useControls.js","statementMap":{"0":{"start":{"line":25,"column":52},"end":{"line":25,"column":73}},"1":{"start":{"line":28,"column":18},"end":{"line":28,"column":53}},"2":{"start":{"line":30,"column":19},"end":{"line":61,"column":4}},"3":{"start":{"line":32,"column":22},"end":{"line":37,"column":8}},"4":{"start":{"line":38,"column":6},"end":{"line":38,"column":63}},"5":{"start":{"line":39,"column":6},"end":{"line":39,"column":40}},"6":{"start":{"line":40,"column":6},"end":{"line":57,"column":7}},"7":{"start":{"line":41,"column":30},"end":{"line":41,"column":74}},"8":{"start":{"line":42,"column":22},"end":{"line":42,"column":24}},"9":{"start":{"line":43,"column":8},"end":{"line":49,"column":9}},"10":{"start":{"line":44,"column":10},"end":{"line":48,"column":26}},"11":{"start":{"line":47,"column":26},"end":{"line":47,"column":74}},"12":{"start":{"line":50,"column":8},"end":{"line":50,"column":64}},"13":{"start":{"line":51,"column":8},"end":{"line":51,"column":41}},"14":{"start":{"line":53,"column":8},"end":{"line":53,"column":71}},"15":{"start":{"line":54,"column":8},"end":{"line":54,"column":39}},"16":{"start":{"line":56,"column":8},"end":{"line":56,"column":36}},"17":{"start":{"line":59,"column":20},"end":{"line":59,"column":47}},"18":{"start":{"line":63,"column":21},"end":{"line":63,"column":36}},"19":{"start":{"line":64,"column":20},"end":{"line":64,"column":60}},"20":{"start":{"line":65,"column":20},"end":{"line":65,"column":34}},"21":{"start":{"line":68,"column":27},"end":{"line":68,"column":82}},"22":{"start":{"line":69,"column":25},"end":{"line":69,"column":76}},"23":{"start":{"line":71,"column":28},"end":{"line":84,"column":4}},"24":{"start":{"line":73,"column":6},"end":{"line":77,"column":9}},"25":{"start":{"line":74,"column":32},"end":{"line":74,"column":65}},"26":{"start":{"line":78,"column":6},"end":{"line":78,"column":40}},"27":{"start":{"line":81,"column":6},"end":{"line":81,"column":29}},"28":{"start":{"line":82,"column":6},"end":{"line":82,"column":34}},"29":{"start":{"line":90,"column":26},"end":{"line":105,"column":3}},"30":{"start":{"line":92,"column":6},"end":{"line":102,"column":8}},"31":{"start":{"line":95,"column":10},"end":{"line":98,"column":12}},"32":{"start":{"line":96,"column":28},"end":{"line":96,"column":74}},"33":{"start":{"line":97,"column":12},"end":{"line":97,"column":40}},"34":{"start":{"line":101,"column":10},"end":{"line":101,"column":74}},"35":{"start":{"line":101,"column":39},"end":{"line":101,"column":73}},"36":{"start":{"line":107,"column":24},"end":{"line":123,"column":4}},"37":{"start":{"line":115,"column":6},"end":{"line":115,"column":37}},"38":{"start":{"line":116,"column":6},"end":{"line":118,"column":8}},"39":{"start":{"line":119,"column":6},"end":{"line":119,"column":40}},"40":{"start":{"line":121,"column":25},"end":{"line":121,"column":68}},"41":{"start":{"line":121,"column":62},"end":{"line":121,"column":67}},"42":{"start":{"line":122,"column":25},"end":{"line":122,"column":51}},"43":{"start":{"line":125,"column":22},"end":{"line":132,"column":4}},"44":{"start":{"line":127,"column":6},"end":{"line":127,"column":39}},"45":{"start":{"line":128,"column":6},"end":{"line":128,"column":40}},"46":{"start":{"line":129,"column":6},"end":{"line":129,"column":29}},"47":{"start":{"line":130,"column":6},"end":{"line":130,"column":40}},"48":{"start":{"line":137,"column":31},"end":{"line":207,"column":3}},"49":{"start":{"line":139,"column":19},"end":{"line":139,"column":32}},"50":{"start":{"line":141,"column":29},"end":{"line":142,"column":53}},"51":{"start":{"line":142,"column":8},"end":{"line":142,"column":53}},"52":{"start":{"line":142,"column":26},"end":{"line":142,"column":52}},"53":{"start":{"line":143,"column":25},"end":{"line":143,"column":78}},"54":{"start":{"line":143,"column":50},"end":{"line":143,"column":78}},"55":{"start":{"line":145,"column":6},"end":{"line":149,"column":7}},"56":{"start":{"line":146,"column":8},"end":{"line":146,"column":34}},"57":{"start":{"line":147,"column":8},"end":{"line":147,"column":36}},"58":{"start":{"line":148,"column":8},"end":{"line":148,"column":15}},"59":{"start":{"line":151,"column":6},"end":{"line":159,"column":7}},"60":{"start":{"line":153,"column":8},"end":{"line":156,"column":9}},"61":{"start":{"line":154,"column":10},"end":{"line":154,"column":44}},"62":{"start":{"line":155,"column":10},"end":{"line":155,"column":17}},"63":{"start":{"line":157,"column":8},"end":{"line":157,"column":28}},"64":{"start":{"line":158,"column":8},"end":{"line":158,"column":15}},"65":{"start":{"line":162,"column":6},"end":{"line":169,"column":7}},"66":{"start":{"line":163,"column":8},"end":{"line":167,"column":9}},"67":{"start":{"line":164,"column":10},"end":{"line":166,"column":11}},"68":{"start":{"line":165,"column":12},"end":{"line":165,"column":31}},"69":{"start":{"line":168,"column":8},"end":{"line":168,"column":15}},"70":{"start":{"line":172,"column":6},"end":{"line":181,"column":7}},"71":{"start":{"line":173,"column":8},"end":{"line":176,"column":9}},"72":{"start":{"line":174,"column":10},"end":{"line":174,"column":47}},"73":{"start":{"line":175,"column":10},"end":{"line":175,"column":17}},"74":{"start":{"line":177,"column":8},"end":{"line":180,"column":9}},"75":{"start":{"line":178,"column":10},"end":{"line":178,"column":46}},"76":{"start":{"line":179,"column":10},"end":{"line":179,"column":17}},"77":{"start":{"line":183,"column":6},"end":{"line":192,"column":7}},"78":{"start":{"line":184,"column":8},"end":{"line":187,"column":9}},"79":{"start":{"line":185,"column":27},"end":{"line":185,"column":66}},"80":{"start":{"line":186,"column":10},"end":{"line":186,"column":46}},"81":{"start":{"line":188,"column":8},"end":{"line":188,"column":66}},"82":{"start":{"line":188,"column":24},"end":{"line":188,"column":66}},"83":{"start":{"line":189,"column":8},"end":{"line":189,"column":62}},"84":{"start":{"line":189,"column":24},"end":{"line":189,"column":62}},"85":{"start":{"line":190,"column":8},"end":{"line":190,"column":61}},"86":{"start":{"line":190,"column":24},"end":{"line":190,"column":61}},"87":{"start":{"line":191,"column":8},"end":{"line":191,"column":15}},"88":{"start":{"line":194,"column":6},"end":{"line":204,"column":7}},"89":{"start":{"line":195,"column":8},"end":{"line":197,"column":9}},"90":{"start":{"line":196,"column":10},"end":{"line":196,"column":72}},"91":{"start":{"line":198,"column":8},"end":{"line":199,"column":79}},"92":{"start":{"line":199,"column":10},"end":{"line":199,"column":79}},"93":{"start":{"line":200,"column":8},"end":{"line":201,"column":71}},"94":{"start":{"line":201,"column":10},"end":{"line":201,"column":71}},"95":{"start":{"line":202,"column":8},"end":{"line":203,"column":69}},"96":{"start":{"line":203,"column":10},"end":{"line":203,"column":69}},"97":{"start":{"line":210,"column":2},"end":{"line":236,"column":5}},"98":{"start":{"line":211,"column":4},"end":{"line":214,"column":5}},"99":{"start":{"line":212,"column":6},"end":{"line":212,"column":61}},"100":{"start":{"line":213,"column":6},"end":{"line":213,"column":13}},"101":{"start":{"line":216,"column":4},"end":{"line":221,"column":5}},"102":{"start":{"line":217,"column":6},"end":{"line":219,"column":7}},"103":{"start":{"line":218,"column":8},"end":{"line":218,"column":31}},"104":{"start":{"line":220,"column":6},"end":{"line":220,"column":13}},"105":{"start":{"line":223,"column":4},"end":{"line":226,"column":5}},"106":{"start":{"line":224,"column":6},"end":{"line":224,"column":39}},"107":{"start":{"line":225,"column":6},"end":{"line":225,"column":13}},"108":{"start":{"line":228,"column":4},"end":{"line":231,"column":5}},"109":{"start":{"line":229,"column":6},"end":{"line":229,"column":40}},"110":{"start":{"line":230,"column":6},"end":{"line":230,"column":13}},"111":{"start":{"line":233,"column":4},"end":{"line":233,"column":46}},"112":{"start":{"line":234,"column":4},"end":{"line":234,"column":41}},"113":{"start":{"line":235,"column":4},"end":{"line":235,"column":43}},"114":{"start":{"line":238,"column":2},"end":{"line":260,"column":4}}},"fnMap":{"0":{"name":"useControls","decl":{"start":{"line":24,"column":16},"end":{"line":24,"column":27}},"loc":{"start":{"line":24,"column":61},"end":{"line":261,"column":1}},"line":24},"1":{"name":"(anonymous_1)","decl":{"start":{"line":31,"column":14},"end":{"line":31,"column":15}},"loc":{"start":{"line":31,"column":75},"end":{"line":58,"column":5}},"line":31},"2":{"name":"(anonymous_2)","decl":{"start":{"line":47,"column":19},"end":{"line":47,"column":20}},"loc":{"start":{"line":47,"column":26},"end":{"line":47,"column":74}},"line":47},"3":{"name":"(anonymous_3)","decl":{"start":{"line":59,"column":14},"end":{"line":59,"column":15}},"loc":{"start":{"line":59,"column":20},"end":{"line":59,"column":47}},"line":59},"4":{"name":"(anonymous_4)","decl":{"start":{"line":72,"column":15},"end":{"line":72,"column":16}},"loc":{"start":{"line":72,"column":21},"end":{"line":79,"column":5}},"line":72},"5":{"name":"(anonymous_5)","decl":{"start":{"line":74,"column":18},"end":{"line":74,"column":19}},"loc":{"start":{"line":74,"column":32},"end":{"line":74,"column":65}},"line":74},"6":{"name":"(anonymous_6)","decl":{"start":{"line":80,"column":14},"end":{"line":80,"column":15}},"loc":{"start":{"line":80,"column":20},"end":{"line":83,"column":5}},"line":80},"7":{"name":"(anonymous_7)","decl":{"start":{"line":91,"column":4},"end":{"line":91,"column":5}},"loc":{"start":{"line":91,"column":21},"end":{"line":103,"column":5}},"line":91},"8":{"name":"(anonymous_8)","decl":{"start":{"line":94,"column":8},"end":{"line":94,"column":9}},"loc":{"start":{"line":95,"column":10},"end":{"line":98,"column":12}},"line":95},"9":{"name":"(anonymous_9)","decl":{"start":{"line":95,"column":29},"end":{"line":95,"column":30}},"loc":{"start":{"line":95,"column":39},"end":{"line":98,"column":11}},"line":95},"10":{"name":"(anonymous_10)","decl":{"start":{"line":99,"column":8},"end":{"line":99,"column":9}},"loc":{"start":{"line":99,"column":14},"end":{"line":99,"column":16}},"line":99},"11":{"name":"(anonymous_11)","decl":{"start":{"line":100,"column":8},"end":{"line":100,"column":9}},"loc":{"start":{"line":101,"column":10},"end":{"line":101,"column":74}},"line":
[...]
"column":4},"end":{"line":244,"column":19}},"117":{"start":{"line":245,"column":4},"end":{"line":245,"column":30}},"118":{"start":{"line":246,"column":4},"end":{"line":246,"column":23}},"119":{"start":{"line":247,"column":4},"end":{"line":247,"column":35}},"120":{"start":{"line":248,"column":4},"end":{"line":248,"column":24}},"121":{"start":{"line":249,"column":4},"end":{"line":249,"column":23}},"122":{"start":{"line":257,"column":4},"end":{"line":257,"column":15}},"123":{"start":{"line":258,"column":4},"end":{"line":258,"column":21}},"124":{"start":{"line":259,"column":4},"end":{"line":259,"column":25}},"125":{"start":{"line":260,"column":4},"end":{"line":260,"column":21}},"126":{"start":{"line":261,"column":4},"end":{"line":261,"column":20}},"127":{"start":{"line":262,"column":4},"end":{"line":262,"column":59}},"128":{"start":{"line":263,"column":4},"end":{"line":263,"column":30}},"129":{"start":{"line":264,"column":4},"end":{"line":264,"column":23}},"130":{"start":{"line":265,"column":4},"end":{"line":265,"column":35}},"131":{"start":{"line":266,"column":4},"end":{"line":266,"column":24}},"132":{"start":{"line":269,"column":2},"end":{"line":296,"column":4}}},"fnMap":{"0":{"name":"useContainerCreation","decl":{"start":{"line":23,"column":16},"end":{"line":23,"column":36}},"loc":{"start":{"line":28,"column":3},"end":{"line":297,"column":1}},"line":28},"1":{"name":"updateImageInput","decl":{"start":{"line":55,"column":11},"end":{"line":55,"column":27}},"loc":{"start":{"line":55,"column":35},"end":{"line":74,"column":3}},"line":55},"2":{"name":"(anonymous_2)","decl":{"start":{"line":70,"column":54},"end":{"line":70,"column":55}},"loc":{"start":{"line":71,"column":6},"end":{"line":71,"column":25}},"line":71},"3":{"name":"triggerHubSearch","decl":{"start":{"line":81,"column":17},"end":{"line":81,"column":33}},"loc":{"start":{"line":81,"column":36},"end":{"line":114,"column":3}},"line":81},"4":{"name":"moveSuggestionSelection","decl":{"start":{"line":123,"column":11},"end":{"line":123,"column":34}},"loc":{"start":{"line":123,"column":46},"end":{"line":134,"column":3}},"line":123},"5":{"name":"(anonymous_5)","decl":{"start":{"line":124,"column":31},"end":{"line":124,"column":32}},"loc":{"start":{"line":124,"column":41},"end":{"line":133,"column":5}},"line":124},"6":{"name":"(anonymous_6)","decl":{"start":{"line":127,"column":23},"end":{"line":127,"column":24}},"loc":{"start":{"line":127,"column":35},"end":{"line":131,"column":7}},"line":127},"7":{"name":"applyFocusedSuggestion","decl":{"start":{"line":140,"column":11},"end":{"line":140,"column":33}},"loc":{"start":{"line":140,"column":36},"end":{"line":147,"column":3}},"line":140},"8":{"name":"nextStep","decl":{"start":{"line":152,"column":11},"end":{"line":152,"column":19}},"loc":{"start":{"line":152,"column":22},"end":{"line":233,"column":3}},"line":152},"9":{"name":"(anonymous_9)","decl":{"start":{"line":184,"column":33},"end":{"line":184,"column":34}},"loc":{"start":{"line":185,"column":8},"end":{"line":185,"column":51}},"line":185},"10":{"name":"cancelCreation","decl":{"start":{"line":238,"column":11},"end":{"line":238,"column":25}},"loc":{"start":{"line":238,"column":28},"end":{"line":250,"column":3}},"line":238},"11":{"name":"resetCreation","decl":{"start":{"line":256,"column":11},"end":{"line":256,"column":24}},"loc":{"start":{"line":256,"column":27},"end":{"line":267,"column":3}},"line":256}},"branchMap":{"0":{"loc":{"start":{"line":26,"column":2},"end":{"line":26,"column":15}},"type":"default-arg","locations":[{"start":{"line":26,"column":13},"end":{"line":26,"column":15}}],"line":26},"1":{"loc":{"start":{"line":27,"column":2},"end":{"line":27,"column":32}},"type":"default-arg","locations":[{"start":{"line":27,"column":18},"end":{"line":27,"column":32}}],"line":27},"2":{"loc":{"start":{"line":65,"column":4},"end":{"line":68,"column":5}},"type":"if","locations":[{"start":{"line":65,"column":4},"end":{"line":68,"column":5}},{"start":{},"end":{}}],"line":65},"3":{"loc":{"start":{"line":83,"column":4},"end":{"line":83,"column":23}},"type":"if","locations":[{"start":{"line":83,"column":4},"end":{"line":83,"column":23}},{"start":{},"end":{}}],"line":83},"4":{"loc":{"start":{"line":84,"column":4},"end":{"line":84,"column":31}},"type":"if","locations":[{"start":{"line":84,"column":4},"end":{"line":84,"column":31}},{"start":{},"end":{}}],"line":84},"5":{"loc":{"start":{"line":103,"column":6},"end":{"line":103,"column":70}},"type":"if","locations":[{"start":{"line":103,"column":6},"end":{"line":103,"column":70}},{"start":{},"end":{}}],"line":103},"6":{"loc":{"start":{"line":106,"column":6},"end":{"line":106,"column":70}},"type":"if","locations":[{"start":{"line":106,"column":6},"end":{"line":106,"column":70}},{"start":{},"end":{}}],"line":106},"7":{"loc":{"start":{"line":110,"column":6},"end":{"line":112,"column":7}},"type":"if","locations":[{"start":{"line":110,"column":6},"end":{"line":112,"column":7}},{"start":{},"end":{}}],"line":110},"8":{"loc":{"start":{"line":128,"column":8},"end":{"line":128,"column":52}},"type":"if","locations":[{"start":{"line":128,"column":8},"end":{"line":128,"column":52}},{"start":{},"end":{}}],"line":128},"9":{"loc":{"start":{"line":129,"column":8},"end":{"line":129,"column":72}},"type":"if","locations":[{"start":{"line":129,"column":8},"end":{"line":129,"column":72}},{"start":{},"end":{}}],"line":129},"10":{"loc":{"start":{"line":141,"column":4},"end":{"line":141,"column":93}},"type":"if","locations":[{"start":{"line":141,"column":4},"end":{"line":141,"column":93}},{"start":{},"end":{}}],"line":141},"11":{"loc":{"start":{"line":141,"column":8},"end":{"line":141,"column":84}},"type":"binary-expr","locations":[{"start":{"line":141,"column":8},"end":{"line":141,"column":35}},{"start":{"line":141,"column":39},"end":{"line":141,"column":84}}],"line":141},"12":{"loc":{"start":{"line":153,"column":4},"end":{"line":165,"column":5}},"type":"if","locations":[{"start":{"line":153,"column":4},"end":{"line":165,"column":5}},{"start":{},"end":{}}],"line":153},"13":{"loc":{"start":{"line":154,"column":6},"end":{"line":158,"column":7}},"type":"if","locations":[{"start":{"line":154,"column":6},"end":{"line":158,"column":7}},{"start":{},"end":{}}],"line":154},"14":{"loc":{"start":{"line":166,"column":4},"end":{"line":173,"column":5}},"type":"if","locations":[{"start":{"line":166,"column":4},"end":{"line":173,"column":5}},{"start":{},"end":{}}],"line":166},"15":{"loc":{"start":{"line":174,"column":4},"end":{"line":221,"column":5}},"type":"if","locations":[{"start":{"line":174,"column":4},"end":{"line":221,"column":5}},{"start":{},"end":{}}],"line":174},"16":{"loc":{"start":{"line":176,"column":6},"end":{"line":182,"column":7}},"type":"if","locations":[{"start":{"line":176,"column":6},"end":{"line":182,"column":7}},{"start":{},"end":{}}],"line":176},"17":{"loc":{"start":{"line":176,"column":10},"end":{"line":176,"column":55}},"type":"binary-expr","locations":[{"start":{"line":176,"column":10},"end":{"line":176,"column":26}},{"start":{"line":176,"column":30},"end":{"line":176,"column":55}}],"line":176},"18":{"loc":{"start":{"line":195,"column":6},"end":{"line":219,"column":7}},"type":"if","locations":[{"start":{"line":195,"column":6},"end":{"line":219,"column":7}},{"start":{"line":204,"column":13},"end":{"line":219,"column":7}}],"line":195},"19":{"loc":{"start":{"line":195,"column":10},"end":{"line":195,"column":70}},"type":"binary-expr","locations":[{"start":{"line":195,"column":10},"end":{"line":195,"column":17}},{"start":{"line":195,"column":21},"end":{"line":195,"column":40}},{"start":{"line":195,"column":44},"end":{"line":195,"column":70}}],"line":195},"20":{"loc":{"start":{"line":197,"column":10},"end":{"line":199,"column":16}},"type":"cond-expr","locations":[{"start":{"line":198,"column":14},"end":{"line":198,"column":64}},{"start":{"line":199,"column":14},"end":{"line":199,"column":16}}],"line":197},"21":{"loc":{"start":{"line":197,"column":10},"end":{"line":197,"column":61}},"type":"binary-expr","locations":[{"start":{"line":197,"column":10},"end":{"line":197,"column":30}},{"start":{"line":197,"column":34},"end":{"line":197,"column":61}}],"line":197},"22":{"loc":{"start":{"line":204,"column":13},"end":{"line":219,"column":7}},"type":"if","locations":[{"start":{"line":204,"column":13},"end":{"line":219,"column":7}},{"start":{"line":209,"column":13},"end":{"line":219,"column":7}}],"line":204},"23":{"loc":{"start":{"line":204,"column":17},"end":{"line":204,"column":79}},"type":"binary-expr","locations":[{"start":{"line":204,"column":17},"end":{"line":204,"column":24}},{"start":{"line":204,"column":28},"end":{"line":204,"column":48}},{"start":{"line":204,"column":52},"end":{"line":204,"column":79}}],"line":204},"24":{"loc":{"start":{"line":209,"column":13},"end":{"line":219,"column":7}},"type":"if","locations":[{"start":{"line":209,"column":13},"end":{"line":219,"column":7}},{"start":{"line":214,"column":13},"end":{"line":219,"column":7}}],"line":209},"25":{"loc":{"start":{"line":222,"column":4},"end":{"line":232,"column":5}},"type":"if","locations":[{"start":{"line":222,"column":4},"end":{"line":232,"column":5}},{"start":{},"end":{}}],"line":222},"26":{"loc":{"start":{"line":225,"column":6},"end":{"line":229,"column":7}},"type":"if","locations":[{"start":{"line":225,"column":6},"end":{"line":229,"column":7}},{"start":{},"end":{}}],"line":225}},"s":{"0":2,"1":194,"2":194,"3":194,"4":194,"5":194,"6":194,"7":194,"8":194,"9":194,"10":194,"11":194,"12":194,"13":194,"14":27,"15":27,"16":27,"17":27,"18":27,"19":27,"20":27,"21":27,"22":1,"23":1,"24":26,"25":26,"26":520,"27":26,"28":6,"29":6,"30":1,"31":5,"32":1,"33":4,"34":4,"35":4,"36":4,"37":4,"38":4,"39":4,"40":4,"41":4,"42":4,"43":4,"44":1,"45":3,"46":0,"47":0,"48":0,"49":4,"50":3,"51":23,"52":23,"53":23,"54":23,"55":1,"56":22,"57":1,"58":21,"59":23,"60":7,"61":0,"62":7,"63":7,"64":7,"65":7,"66":7,"67":40,"68":15,"69":1,"70":1,"71":1,"72":14,"73":14,"74":14,"75":14,"76":25,"77":9,"78":9,"79":9,"80":9,"81":16,"82":9,"83":1,"84":1,"85":1,"86":8,"87":8,"88":24,"89":8,"90":8,"91":8,"92":3,"93":3,"94":3,"95":5,"96":1,"97":1,"98":4,"99":0,"100":0,"101":4,"102":4,"103":8,"104":7,"105":7,"106":7,"107":1,"108":1,"109":1,"110":6,"111":0,"112":0,"113":0,"114":0,"115":0,"116":0,"117":0,"118":0,"119":0,"120":0,"121":0,"122":12,"123":12,"124":12,"125":12,"126":12,"127":12,"128":12,"129":12,"130":12,"131":12,"132":194},"f":{"0":194,"1":27,"2":520,"3":6,"4":23,"5":23,"6":23,"7":7,"8":40,"9":24,"10":0,"11":12},"b":{"0":[0],"1":[111],"2":[1,26],"3":[1,5],"4":[1,4],"5":[1,3],"6":[0,0],"7":[3,1],"8":[1,22],"9":[1,21],"10":[0,7],"11":[7,7],"12":[15,25],"13":[1,14],"14":[9,16],"15":[9,7],"16":[1,8],"17":[9,1],"18":[3,5],"19":[8,6,6],"20":[3,0],"21":[3,3],"22":[1,4],"23":[5,3,3],"24":[0,4],"25":[7,0],"26":[1,6]},"_coverageSchema":"1a1c01bbd47fc00a2c39e90264f33305004495a9","hash":"a42e2b0cedc2dff8e09a83114df692faa5de08d3"}
,"/mnt/Secondary/Proyectos/Personal/JavaScript/ProyectosWeb/CLI/CDD/src/hooks/creation/useLogsViewer.js": {"path":"/mnt/Secondary/Proyectos/Personal/JavaScript/ProyectosWeb/CLI/CDD/src/hooks/creation/useLogsViewer.js","statementMap":{"0":{"start":{"line":18,"column":34},"end":{"line":18,"column":49}},"1":{"start":{"line":19,"column":26},"end":{"line":19,"column":38}},"2":{"start":{"line":20,"column":24},"end":{"line":20,"column":36}},"3":{"start":{"line":26,"column":4},"end":{"line":26,"column":22}},"4":{"start":{"line":27,"column":4},"end":{"line":27,"column":16}},"5":{"start":{"line":34,"column":4},"end":{"line":34,"column":23}},"6":{"start":{"line":35,"column":4},"end":{"line":35,"column":16}},"7":{"start":{"line":36,"column":4},"end":{"line":39,"column":5}},"8":{"start":{"line":37,"column":6},"end":{"line":37,"column":75}},"9":{"start":{"line":38,"column":6},"end":{"line":38,"column":35}},"10":{"start":{"line":42,"column":2},"end":{"line":50,"column":4}}},"fnMap":{"0":{"name":"useLogsViewer","decl":{"start":{"line":17,"column":16},"end":{"line":17,"column":29}},"loc":{"start":{"line":17,"column":32},"end":{"line":51,"column":1}},"line":17},"1":{"name":"openLogs","decl":{"start":{"line":25,"column":11},"end":{"line":25,"column":19}},"loc":{"start":{"line":25,"column":22},"end":{"line":28,"column":3}},"line":25},"2":{"name":"closeLogs","decl":{"start":{"line":33,"column":11},"end":{"line":33,"column":20}},"loc":{"start":{"line":33,"column":23},"end":{"line":40,"column":3}},"line":33}},"branchMap":{"0":{"loc":{"start":{"line":36,"column":4},"end":{"line":39,"column":5}},"type":"if","locations":[{"start":{"line":36,"column":4},"end":{"line":39,"column":5}},{"start":{},"end":{}}],"line":36}},"s":{"0":96,"1":96,"2":96,"3":0,"4":0,"5":0,"6":0,"7":0,"8":0,"9":0,"10":96},"f":{"0":96,"1":0,"2":0},"b":{"0":[0,0]},"_coverageSchema":"1a1c01bbd47fc00a2c39e90264f33305004495a9","hash":"09fbe4123e125b8b8c46e3ca58196d513a0a9b12"}
,"/mnt/Secondary/Proyectos/Personal/JavaScript/ProyectosWeb/CLI/CDD/src/hooks/debug/useDebugLogs.js": {"path":"/mnt/Secondary/Proyectos/Personal/JavaScript/ProyectosWeb/CLI/CDD/src/hooks/debug/useDebugLogs.js","statementMap":{"0":{"start":{"line":5,"column":44},"end":{"line":5,"column":59}},"1":{"start":{"line":6,"column":36},"end":{"line":6,"column":48}},"2":{"start":{"line":8,"column":2},"end":{"line":31,"column":9}},"3":{"start":{"line":9,"column":24},"end":{"line":29,"column":6}},"4":{"start":{"line":10,"column":6},"end":{"line":28,"column":9}},"5":{"start":{"line":11,"column":23},"end":{"line":22,"column":26}},"6":{"start":{"line":13,"column":12},"end":{"line":13,"column":52}},"7":{"start":{"line":13,"column":41},"end":{"line":13,"column":52}},"8":{"start":{"line":14,"column":12},"end":{"line":15,"column":33}},"9":{"start":{"line":15,"column":14},"end":{"line":15,"column":33}},"10":{"start":{"line":16,"column":12},"end":{"line":20,"column":13}},"11":{"start":{"line":17,"column":14},"end":{"line":17,"column":41}},"12":{"start":{"line":19,"column":14},"end":{"line":19,"column":40}},"13":{"start":{"line":23,"column":21},"end":{"line":25,"column":27}},"14":{"start":{"line":26,"column":21},"end":{"line":26,"column":36}},"15":{"start":{"line":27,"column":8},"end":{"line":27,"column":32}},"16":{"start":{"line":30,"column":4},"end":{"line":30,"column":23}},"17":{"start":{"line":33,"column":2},"end":{"line":33,"column":56}}},"fnMap":{"0":{"name":"useDebugLogs","decl":{"start":{"line":4,"column":16},"end":{"line":4,"column":28}},"loc":{"start":{"line":4,"column":31},"end":{"line":34,"column":1}},"line":4},"1":{"name":"(anonymous_1)","decl":{"start":{"line":8,"column":12},"end":{"line":8,"column":13}},"loc":{"start":{"line":8,"column":18},"end":{"line":31,"column":3}},"line":8},"2":{"name":"(anonymous_2)","decl":{"start":{"line":9,"column":41},"end":{"line":9,"column":42}},"loc":{"start":{"line":9,"column":52},"end":{"line":29,"column":5}},"line":9},"3":{"name":"(anonymous_3)","decl":{"start":{"line":10,"column":19},"end":{"line":10,"column":20}},"loc":{"start":{"line":10,"column":29},"end":{"line":28,"column":7}},"line":10},"4":{"name":"(anonymous_4)","decl":{"start":{"line":12,"column":15},"end":{"line":12,"column":16}},"loc":{"start":{"line":12,"column":24},"end":{"line":21,"column":11}},"line":12}},"branchMap":{"0":{"loc":{"start":{"line":11,"column":24},"end":{"line":11,"column":40}},"type":"binary-expr","locations":[{"start":{"line":11,"column":24},"end":{"line":11,"column":34}},{"start":{"line":11,"column":38},"end":{"line":11,"column":40}}],"line":11},"1":{"loc":{"start":{"line":13,"column":12},"end":{"line":13,"column":52}},"type":"if","locations":[{"start":{"line":13,"column":12},"end":{"line":13,"column":52}},{"start":{},"end":{}}],"line":13},"2":{"loc":{"start":{"line":14,"column":12},"end":{"line":15,"column":33}},"type":"if","locations":[{"start":{"line":14,"column":12},"end":{"line":15,"column":33}},{"start":{},"end":{}}],"line":14},"3":{"loc":{"start":{"line":14,"column":16},"end":{"line":14,"column":67}},"type":"binary-expr","locations":[{"start":{"line":14,"column":16},"end":{"line":14,"column":39}},{"start":{"line":14,"column":43},"end":{"line":14,"column":67}}],"line":14},"4":{"loc":{"start":{"line":23,"column":21},"end":{"line":25,"column":27}},"type":"cond-expr","locations":[{"start":{"line":24,"column":12},"end":{"line":24,"column":52}},{"start":{"line":25,"column":12},"end":{"line":25,"column":27}}],"line":23}},"s":{"0":96,"1":96,"2":96,"3":20,"4":0,"5":0,"6":0,"7":0,"8":0,"9":0,"10":0,"11":0,"12":0,"13":0,"14":0,"15":0,"16":20,"17":96},"f":{"0":96,"1":20,"2":0,"3":0,"4":0},"b":{"0":[0,0],"1":[0,0],"2":[0,0],"3":[0,0],"4":[0,0]},"_coverageSchema":"1a1c01bbd47fc00a2c39e90264f33305004495a9","hash":"e3187970fbf39310bbf5bf49ed07d70b775e44c2"}
,"/mnt/Secondary/Proyectos/Personal/JavaScript/ProyectosWeb/CLI/CDD/src/hooks/navigation/useContainerSelection.js": {"path":"/mnt/Secondary/Proyectos/Personal/JavaScript/ProyectosWeb/CLI/CDD/src/hooks/navigation/useContainerSelection.js","statementMap":{"0":{"start":{"line":4,"column":34},"end":{"line":4,"column":45}},"1":{"start":{"line":6,"column":27},"end":{"line":25,"column":3}},"2":{"start":{"line":8,"column":6},"end":{"line":10,"column":7}},"3":{"start":{"line":9,"column":8},"end":{"line":9,"column":21}},"4":{"start":{"line":12,"column":6},"end":{"line":15,"column":7}},"5":{"start":{"line":13,"column":8},"end":{"line":13,"column":58}},"6":{"start":{"line":13,"column":28},"end":{"line":13,"column":55}},"7":{"start":{"line":14,"column":8},"end":{"line":14,"column":20}},"8":{"start":{"line":17,"column":6},"end":{"line":20,"column":7}},"9":{"start":{"line":18,"column":8},"end":{"line":18,"column":58}},"10":{"start":{"line":18,"column":28},"end":{"line":18,"column":55}},"11":{"start":{"line":19,"column":8},"end":{"line":19,"column":20}},"12":{"start":{"line":22,"column":6},"end":{"line":22,"column":19}},"13":{"start":{"line":27,"column":2},"end":{"line":27,"column":53}}},"fnMap":{"0":{"name":"useContainerSelection","decl":{"start":{"line":3,"column":16},"end":{"line":3,"column":37}},"loc":{"start":{"line":3,"column":45},"end":{"line":28,"column":1}},"line":3},"1":{"name":"(anonymous_1)","decl":{"start":{"line":7,"column":4},"end":{"line":7,"column":5}},"loc":{"start":{"line":7,"column":20},"end":{"line":23,"column":5}},"line":7},"2":{"name":"(anonymous_2)","decl":{"start":{"line":13,"column":20},"end":{"line":13,"column":21}},"loc":{"start":{"line":13,"column":28},"end":{"line":13,"column":55}},"line":13},"3":{"name":"(anonymous_3)","decl":{"start":{"line":18,"column":20},"end":{"line":18,"column":21}},"loc":{"start":{"line":18,"column":28},"end":{"line":18,"column":55}},"line":18}},"branchMap":{"0":{"loc":{"start":{"line":8,"column":6},"end":{"line":10,"column":7}},"type":"if","locations":[{"start":{"line":8,"column":6},"end":{"line":10,"column":7}},{"start":{},"end":{}}],"line":8},"1":{"loc":{"start":{"line":12,"column":6},"end":{"line":15,"column":7}},"type":"if","locations":[{"start":{"line":12,"column":6},"end":{"line":15,"column":7}},{"start":{},"end":{}}],"line":12},"2":{"loc":{"start":{"line":13,"column":28},"end":{"line":13,"column":55}},"type":"cond-expr","locations":[{"start":{"line":13,"column":38},"end":{"line":13,"column":47}},{"start":{"line":13,"column":50},"end":{"line":13,"column":55}}],"line":13},"3":{"loc":{"start":{"line":17,"column":6},"end":{"line":20,"column":7}},"type":"if","locations":[{"start":{"line":17,"column":6},"end":{"line":20,"column":7}},{"start":{},"end":{}}],"line":17},"4":{"loc":{"start":{"line":18,"column":28},"end":{"line":18,"column":55}},"type":"cond-expr","locations":[{"start":{"line":18,"column":46},"end":{"line":18,"column":47}},{"start":{"line":18,"column":50},"end":{"line":18,"column":55}}],"line":18}},"s":{"0":96,"1":96,"2":12,"3":12,"4":0,"5":0,"6":0,"7":0,"8":0,"9":0,"10":0,"11":0,"12":0,"13":96},"f":{"0":96,"1":12,"2":0,"3":0},"b":{"0":[12,0],"1":[0,0],"2":[0,0],"3":[0,0],"4":[0,0]},"_coverageSchema":"1a1c01bbd47fc00a2c39e90264f33305004495a9","hash":"993dc5bf8953646470c427cbe8c5e4f31a1c4e94"}
}
