TN:
SF:src/helpers/constants.js
FN:82,resolveImageTag
FNF:1
FNH:1
FNDA:29,resolveImageTag
DA:6,4
DA:14,4
DA:22,4
DA:27,4
DA:35,4
DA:50,4
DA:83,29
DA:84,28
DA:85,23
DA:86,23
DA:87,23
DA:88,20
LF:12
LH:12
BRDA:82,0,0,0
BRDA:83,1,0,1
BRDA:83,1,1,28
BRDA:84,2,0,5
BRDA:84,2,1,23
BRDA:87,3,0,3
BRDA:87,3,1,20
BRF:7
BRH:6
end_of_record
TN:
SF:src/helpers/containerOptionsBuilder.js
FN:16,buildContainerOptions
FN:24,(anonymous_1)
FN:28,(anonymous_2)
FN:34,(anonymous_3)
FNF:4
FNH:3
FNDA:4,buildContainerOptions
FNDA:4,(anonymous_1)
FNDA:4,(anonymous_2)
FNDA:0,(anonymous_3)
DA:22,4
DA:24,4
DA:26,4
DA:28,4
DA:31,4
DA:32,4
DA:34,4
DA:35,0
DA:36,0
DA:37,0
DA:38,0
DA:39,0
DA:40,0
DA:43,4
DA:47,4
DA:48,4
DA:49,4
DA:50,4
DA:52,4
LF:19
LH:13
BRDA:22,0,0,4
BRDA:22,0,1,4
BRDA:26,1,0,4
BRDA:26,1,1,4
BRDA:36,2,0,0
BRDA:36,2,1,0
BRDA:36,3,0,0
BRDA:36,3,1,0
BRDA:39,4,0,0
BRDA:39,4,1,0
BRDA:47,5,0,0
BRDA:47,5,1,4
BRDA:48,6,0,0
BRDA:48,6,1,4
BRDA:49,7,0,0
BRDA:49,7,1,4
BRDA:50,8,0,0
BRDA:50,8,1,4
BRF:18
BRH:8
end_of_record
TN:
SF:src/helpers/dockerHubService.js
FN:23,formatHubResult
FN:53,searchDockerHub
FN:69,(anonymous_2)
FNF:3
FNH:0
FNDA:0,formatHubResult
FNDA:0,searchDockerHub
FNDA:0,(anonymous_2)
DA:8,1
DA:24,0
DA:26,0
DA:27,0
DA:28,0
DA:29,0
DA:30,0
DA:31,0
DA:32,0
DA:33,0
DA:34,0
DA:37,0
DA:38,0
DA:41,0
DA:54,0
DA:55,0
DA:57,0
DA:58,0
DA:60,0
DA:62,0
DA:63,0
DA:66,0
DA:67,0
DA:69,0
LF:24
LH:1
BRDA:27,0,0,0
BRDA:27,0,1,0
BRDA:29,1,0,0
BRDA:29,1,1,0
BRDA:31,2,0,0
BRDA:31,2,1,0
BRDA:33,3,0,0
BRDA:33,3,1,0
BRDA:37,4,0,0
BRDA:37,4,1,0
BRDA:53,5,0,0
BRDA:55,6,0,0
BRDA:55,6,1,0
BRDA:58,7,0,0
BRDA:58,7,1,0
BRDA:62,8,0,0
BRDA:62,8,1,0
BRDA:67,9,0,0
BRDA:67,9,1,0
BRF:19
BRH:0
end_of_record
TN:
SF:src/helpers/imageNameUtils.js
FN:18,normalizeImageName
FNF:1
FNH:1
FNDA:7,normalizeImageName
DA:19,7
DA:21,7
DA:22,7
DA:23,7
DA:24,0
DA:27,7
DA:28,7
DA:29,5
DA:31,7
LF:9
LH:8
BRDA:19,0,0,0
BRDA:19,0,1,7
BRDA:23,1,0,0
BRDA:23,1,1,7
BRDA:28,2,0,5
BRDA:28,2,1,2
BRF:6
BRH:4
end_of_record
TN:
SF:src/helpers/logger.js
FN:26,parseLevel
FN:46,shouldLog
FN:51,log
FN:73,(anonymous_3)
FN:88,(anonymous_4)
FN:91,(anonymous_5)
FN:94,(anonymous_6)
FN:97,(anonymous_7)
FN:106,(anonymous_8)
FN:108,(anonymous_9)
FN:111,(anonymous_10)
FNF:11
FNH:3
FNDA:4,parseLevel
FNDA:0,shouldLog
FNDA:0,log
FNDA:0,(anonymous_3)
FNDA:0,(anonymous_4)
FNDA:0,(anonymous_5)
FNDA:0,(anonymous_6)
FNDA:0,(anonymous_7)
FNDA:20,(anonymous_8)
FNDA:0,(anonymous_9)
FNDA:20,(anonymous_10)
DA:5,2
DA:27,4
DA:28,4
DA:30,0
DA:31,0
DA:32,0
DA:34,0
DA:38,2
DA:42,2
DA:44,2
DA:47,0
DA:48,0
DA:52,0
DA:53,0
DA:56,0
DA:57,0
DA:58,0
DA:59,0
DA:62,0
DA:64,0
DA:65,0
DA:66,0
DA:67,0
DA:69,0
DA:73,0
DA:74,0
DA:75,0
DA:87,2
DA:89,0
DA:92,0
DA:95,0
DA:98,0
DA:107,20
DA:108,0
DA:110,20
DA:111,20
LF:36
LH:10
BRDA:27,0,0,4
BRDA:27,0,1,0
BRDA:31,1,0,0
BRDA:31,1,1,0
BRDA:38,2,0,2
BRDA:38,2,1,2
BRDA:38,2,2,2
BRDA:42,3,0,2
BRDA:42,3,1,0
BRDA:48,4,0,0
BRDA:48,4,1,0
BRDA:52,5,0,0
BRDA:52,5,1,0
BRDA:62,6,0,0
BRDA:62,6,1,0
BRDA:62,6,2,0
BRDA:64,7,0,0
BRDA:64,7,1,0
BRDA:65,8,0,0
BRDA:65,8,1,0
BRDA:66,9,0,0
BRDA:66,9,1,0
BRDA:107,10,0,0
BRDA:107,10,1,20
BRF:24
BRH:6
end_of_record
TN:
SF:src/helpers/safeCall.js
FN:10,safeCall
FNF:1
FNH:1
FNDA:6,safeCall
DA:11,6
DA:12,6
DA:13,6
DA:15,0
LF:4
LH:3
BRDA:11,0,0,6
BRDA:11,0,1,0
BRF:2
BRH:1
end_of_record
TN:
SF:src/helpers/validationHelpers.js
FN:11,validatePorts
FN:16,(anonymous_1)
FN:19,(anonymous_2)
FN:40,validateEnvVars
FN:50,(anonymous_4)
FNF:5
FNH:5
FNDA:1,validatePorts
FNDA:1,(anonymous_1)
FNDA:1,(anonymous_2)
FNDA:7,validateEnvVars
FNDA:2,(anonymous_4)
DA:13,1
DA:14,1
DA:16,1
DA:18,1
DA:19,1
DA:20,1
DA:21,1
DA:23,1
DA:41,7
DA:44,7
DA:45,7
DA:47,7
DA:48,2
DA:50,2
DA:52,2
DA:53,2
DA:54,2
DA:55,0
DA:56,0
DA:58,2
DA:59,2
DA:60,2
DA:61,0
DA:62,0
DA:64,2
DA:68,7
DA:70,0
DA:74,7
DA:75,7
DA:76,7
DA:78,7
DA:79,2
DA:80,2
DA:81,1
DA:86,7
LF:35
LH:30
BRDA:13,0,0,0
BRDA:13,0,1,1
BRDA:13,1,0,1
BRDA:13,1,1,1
BRDA:18,2,0,0
BRDA:18,2,1,1
BRDA:21,3,0,1
BRDA:21,3,1,1
BRDA:21,3,2,0
BRDA:21,3,3,0
BRDA:41,4,0,7
BRDA:41,4,1,7
BRDA:47,5,0,2
BRDA:47,5,1,5
BRDA:47,6,0,7
BRDA:47,6,1,2
BRDA:54,7,0,0
BRDA:54,7,1,2
BRDA:60,8,0,0
BRDA:60,8,1,2
BRDA:68,9,0,0
BRDA:68,9,1,7
BRDA:78,10,0,2
BRDA:78,10,1,5
BRDA:78,11,0,7
BRDA:78,11,1,5
BRDA:78,11,2,5
BRDA:80,12,0,1
BRDA:80,12,1,1
BRDA:80,13,0,2
BRDA:80,13,1,1
BRF:31
BRH:24
end_of_record
TN:
SF:src/hooks/useContainerCommandRouter.js
FN:28,useContainerCommandRouter
FN:40,(anonymous_1)
FN:45,(anonymous_2)
FN:48,(anonymous_3)
FN:57,(anonymous_4)
FN:60,(anonymous_5)
FN:72,(anonymous_6)
FNF:7
FNH:2
FNDA:96,useContainerCommandRouter
FNDA:12,(anonymous_1)
FNDA:0,(anonymous_2)
FNDA:0,(anonymous_3)
FNDA:0,(anonymous_4)
FNDA:0,(anonymous_5)
FNDA:0,(anonymous_6)
DA:39,96
DA:41,12
DA:43,12
DA:44,0
DA:45,0
DA:49,0
DA:52,0
DA:55,12
DA:56,0
DA:57,0
DA:61,0
DA:67,0
DA:70,12
DA:71,0
DA:72,0
DA:76,0
DA:79,12
DA:80,0
DA:81,0
DA:83,0
DA:84,0
DA:87,12
DA:88,0
DA:89,0
DA:91,0
DA:92,0
DA:93,0
DA:96,12
DA:97,12
DA:98,12
DA:99,12
DA:102,0
DA:103,0
DA:104,0
DA:107,0
DA:122,96
LF:36
LH:12
BRDA:43,0,0,0
BRDA:43,0,1,12
BRDA:49,1,0,0
BRDA:49,1,1,0
BRDA:49,1,2,0
BRDA:55,2,0,0
BRDA:55,2,1,12
BRDA:61,3,0,0
BRDA:61,3,1,0
BRDA:61,3,2,0
BRDA:61,3,3,0
BRDA:61,3,4,0
BRDA:70,4,0,0
BRDA:70,4,1,12
BRDA:79,5,0,0
BRDA:79,5,1,12
BRDA:80,6,0,0
BRDA:80,6,1,0
BRDA:87,7,0,0
BRDA:87,7,1,12
BRDA:88,8,0,0
BRDA:88,8,1,0
BRDA:96,9,0,12
BRDA:96,9,1,0
BRDA:102,10,0,0
BRDA:102,10,1,0
BRF:26
BRH:6
end_of_record
TN:
SF:src/hooks/useControls.js
FN:24,useControls
FN:31,(anonymous_1)
FN:47,(anonymous_2)
FN:59,(anonymous_3)
FN:72,(anonymous_4)
FN:74,(anonymous_5)
FN:80,(anonymous_6)
FN:91,(anonymous_7)
FN:94,(anonymous_8)
FN:95,(anonymous_9)
FN:99,(anonymous_10)
FN:100,(anonymous_11)
FN:101,(anonymous_12)
FN:114,(anonymous_13)
FN:121,(anonymous_14)
FN:121,(anonymous_15)
FN:122,(anonymous_16)
FN:126,(anonymous_17)
FN:138,(anonymous_18)
FN:141,(anonymous_19)
FN:142,(anonymous_20)
FN:143,(anonymous_21)
FN:210,(anonymous_22)
FNF:23
FNH:6
FNDA:96,useControls
FNDA:4,(anonymous_1)
FNDA:3,(anonymous_2)
FNDA:0,(anonymous_3)
FNDA:0,(anonymous_4)
FNDA:0,(anonymous_5)
FNDA:0,(anonymous_6)
FNDA:0,(anonymous_7)
FNDA:0,(anonymous_8)
FNDA:0,(anonymous_9)
FNDA:0,(anonymous_10)
FNDA:0,(anonymous_11)
FNDA:0,(anonymous_12)
FNDA:0,(anonymous_13)
FNDA:0,(anonymous_14)
FNDA:0,(anonymous_15)
FNDA:12,(anonymous_16)
FNDA:0,(anonymous_17)
FNDA:27,(anonymous_18)
FNDA:0,(anonymous_19)
FNDA:0,(anonymous_20)
FNDA:0,(anonymous_21)
FNDA:39,(anonymous_22)
DA:25,96
DA:28,96
DA:30,96
DA:32,4
DA:38,4
DA:39,4
DA:40,4
DA:41,4
DA:42,3
DA:43,3
DA:44,2
DA:47,3
DA:50,3
DA:51,3
DA:53,1
DA:54,1
DA:56,4
DA:59,0
DA:63,96
DA:64,96
DA:65,96
DA:68,96
DA:69,96
DA:71,96
DA:73,0
DA:74,0
DA:78,0
DA:81,0
DA:82,0
DA:90,96
DA:92,0
DA:95,0
DA:96,0
DA:97,0
DA:101,0
DA:107,96
DA:115,0
DA:116,0
DA:119,0
DA:121,0
DA:122,12
DA:125,96
DA:127,0
DA:128,0
DA:129,0
DA:130,0
DA:137,96
DA:139,27
DA:141,27
DA:142,0
DA:143,27
DA:145,27
DA:146,0
DA:147,0
DA:148,0
DA:151,27
DA:153,6
DA:154,2
DA:155,2
DA:157,4
DA:158,4
DA:162,21
DA:163,4
DA:164,3
DA:165,1
DA:168,4
DA:172,17
DA:173,8
DA:174,1
DA:175,1
DA:177,7
DA:178,5
DA:179,5
DA:183,11
DA:184,0
DA:185,0
DA:186,0
DA:188,0
DA:189,0
DA:190,0
DA:191,0
DA:194,11
DA:195,9
DA:196,9
DA:198,9
DA:199,0
DA:200,9
DA:201,0
DA:202,9
DA:203,0
DA:210,96
DA:211,39
DA:212,0
DA:213,0
DA:216,39
DA:217,0
DA:218,0
DA:220,0
DA:223,39
DA:224,27
DA:225,27
DA:228,12
DA:229,0
DA:230,0
DA:233,12
DA:234,12
DA:235,12
DA:238,96
LF:108
LH:68
BRDA:24,0,0,0
BRDA:24,1,0,84
BRDA:43,2,0,2
BRDA:43,2,1,1
BRDA:43,3,0,3
BRDA:43,3,1,3
BRDA:68,4,0,96
BRDA:68,4,1,84
BRDA:69,5,0,96
BRDA:69,5,1,84
BRDA:142,6,0,0
BRDA:142,6,1,0
BRDA:143,7,0,0
BRDA:143,7,1,0
BRDA:145,8,0,0
BRDA:145,8,1,27
BRDA:151,9,0,6
BRDA:151,9,1,21
BRDA:151,10,0,27
BRDA:151,10,1,21
BRDA:153,11,0,2
BRDA:153,11,1,4
BRDA:153,12,0,6
BRDA:153,12,1,6
BRDA:162,13,0,4
BRDA:162,13,1,17
BRDA:163,14,0,3
BRDA:163,14,1,1
BRDA:164,15,0,1
BRDA:164,15,1,2
BRDA:164,16,0,3
BRDA:164,16,1,2
BRDA:164,17,0,2
BRDA:164,17,1,1
BRDA:172,18,0,8
BRDA:172,18,1,9
BRDA:172,19,0,17
BRDA:172,19,1,16
BRDA:173,20,0,1
BRDA:173,20,1,7
BRDA:177,21,0,5
BRDA:177,21,1,2
BRDA:183,22,0,0
BRDA:183,22,1,11
BRDA:183,23,0,11
BRDA:183,23,1,11
BRDA:184,24,0,0
BRDA:184,24,1,0
BRDA:185,25,0,0
BRDA:185,25,1,0
BRDA:188,26,0,0
BRDA:188,26,1,0
BRDA:189,27,0,0
BRDA:189,27,1,0
BRDA:190,28,0,0
BRDA:190,28,1,0
BRDA:194,29,0,9
BRDA:194,29,1,2
BRDA:194,30,0,11
BRDA:194,30,1,9
BRDA:194,30,2,9
BRDA:194,30,3,9
BRDA:195,31,0,9
BRDA:195,31,1,0
BRDA:196,32,0,9
BRDA:196,32,1,6
BRDA:198,33,0,0
BRDA:198,33,1,9
BRDA:200,34,0,0
BRDA:200,34,1,9
BRDA:202,35,0,0
BRDA:202,35,1,9
BRDA:211,36,0,0
BRDA:211,36,1,39
BRDA:216,37,0,0
BRDA:216,37,1,39
BRDA:217,38,0,0
BRDA:217,38,1,0
BRDA:217,39,0,0
BRDA:217,39,1,0
BRDA:223,40,0,27
BRDA:223,40,1,12
BRDA:228,41,0,0
BRDA:228,41,1,12
BRDA:228,42,0,12
BRDA:228,42,1,0
BRDA:241,43,0,45
BRDA:241,43,1,51
BRDA:242,44,0,45
BRDA:242,44,1,51
BRF:90
BRH:61
end_of_record
TN:
SF:src/hooks/useEraseConfirmation.js
FN:14,useEraseConfirmation
FN:17,(anonymous_1)
FN:22,(anonymous_2)
FNF:3
FNH:1
FNDA:96,useEraseConfirmation
FNDA:0,(anonymous_1)
FNDA:0,(anonymous_2)
DA:15,96
DA:17,96
DA:18,0
DA:21,96
DA:23,0
DA:24,0
DA:25,0
DA:26,0
DA:29,0
DA:30,0
DA:31,0
DA:32,0
DA:38,96
LF:13
LH:4
BRDA:23,0,0,0
BRDA:23,0,1,0
BRDA:23,1,0,0
BRDA:23,1,1,0
BRDA:29,2,0,0
BRDA:29,2,1,0
BRDA:29,3,0,0
BRDA:29,3,1,0
BRDA:29,3,2,0
BRF:9
BRH:0
end_of_record
TN:
SF:src/hooks/useExitHandler.js
FN:19,useExitHandler
FN:34,(anonymous_1)
FN:43,(anonymous_2)
FN:55,(anonymous_3)
FN:59,(anonymous_4)
FNF:5
FNH:2
FNDA:96,useExitHandler
FNDA:12,(anonymous_1)
FNDA:0,(anonymous_2)
FNDA:0,(anonymous_3)
FNDA:0,(anonymous_4)
DA:20,96
DA:33,96
DA:35,12
DA:36,12
DA:39,0
DA:40,0
DA:43,0
DA:44,0
DA:45,0
DA:46,0
DA:48,0
DA:55,0
DA:56,0
DA:57,0
DA:58,0
DA:59,0
DA:63,0
DA:68,96
LF:18
LH:5
BRDA:19,0,0,0
BRDA:35,1,0,12
BRDA:35,1,1,0
BRDA:39,2,0,0
BRDA:39,2,1,0
BRDA:45,3,0,0
BRDA:45,3,1,0
BRDA:45,4,0,0
BRDA:45,4,1,0
BRDA:58,5,0,0
BRDA:58,5,1,0
BRF:11
BRH:1
end_of_record
TN:
SF:src/hooks/creation/useContainerActions.js
FN:19,useContainerActions
FN:30,handleAction
FN:63,(anonymous_2)
FN:66,(anonymous_3)
FN:69,(anonymous_4)
FN:72,(anonymous_5)
FNF:6
FNH:1
FNDA:96,useContainerActions
FNDA:0,handleAction
FNDA:0,(anonymous_2)
FNDA:0,(anonymous_3)
FNDA:0,(anonymous_4)
FNDA:0,(anonymous_5)
DA:20,96
DA:21,96
DA:31,0
DA:32,0
DA:33,0
DA:34,0
DA:35,0
DA:36,0
DA:37,0
DA:38,0
DA:41,0
DA:42,0
DA:43,0
DA:44,0
DA:45,0
DA:46,0
DA:47,0
DA:49,0
DA:52,0
DA:56,96
DA:64,0
DA:67,0
DA:70,0
DA:73,0
LF:24
LH:3
BRDA:32,0,0,0
BRDA:32,0,1,0
BRDA:33,1,0,0
BRDA:33,1,1,0
BRDA:35,2,0,0
BRDA:35,2,1,0
BRF:6
BRH:0
end_of_record
TN:
SF:src/hooks/creation/useContainerCreation.js
FN:23,useContainerCreation
FN:55,updateImageInput
FN:70,(anonymous_2)
FN:81,triggerHubSearch
FN:123,moveSuggestionSelection
FN:124,(anonymous_5)
FN:127,(anonymous_6)
FN:140,applyFocusedSuggestion
FN:152,nextStep
FN:186,(anonymous_9)
FN:240,cancelCreation
FN:258,resetCreation
FNF:12
FNH:11
FNDA:204,useContainerCreation
FNDA:28,updateImageInput
FNDA:540,(anonymous_2)
FNDA:6,triggerHubSearch
FNDA:23,moveSuggestionSelection
FNDA:23,(anonymous_5)
FNDA:23,(anonymous_6)
FNDA:7,applyFocusedSuggestion
FNDA:43,nextStep
FNDA:24,(anonymous_9)
FNDA:0,cancelCreation
FNDA:12,resetCreation
DA:10,2
DA:29,204
DA:30,204
DA:31,204
DA:32,204
DA:33,204
DA:34,204
DA:35,204
DA:38,204
DA:39,204
DA:40,204
DA:43,204
DA:44,204
DA:46,204
DA:57,28
DA:58,28
DA:59,28
DA:60,28
DA:62,28
DA:63,28
DA:64,28
DA:65,28
DA:66,1
DA:67,1
DA:69,27
DA:70,27
DA:71,540
DA:73,27
DA:82,6
DA:83,6
DA:84,5
DA:88,4
DA:90,4
DA:91,4
DA:93,4
DA:94,4
DA:96,4
DA:97,4
DA:98,4
DA:100,4
DA:101,4
DA:103,4
DA:104,3
DA:106,0
DA:108,0
DA:110,4
DA:111,3
DA:124,23
DA:125,23
DA:127,23
DA:128,23
DA:129,22
DA:130,21
DA:132,23
DA:141,7
DA:142,7
DA:143,7
DA:144,7
DA:145,7
DA:146,7
DA:153,43
DA:154,18
DA:155,1
DA:156,1
DA:157,1
DA:159,17
DA:160,17
DA:161,17
DA:162,17
DA:165,17
DA:166,17
DA:168,25
DA:169,9
DA:170,9
DA:173,9
DA:174,9
DA:176,16
DA:178,9
DA:179,1
DA:182,1
DA:183,1
DA:185,8
DA:186,8
DA:187,24
DA:190,8
DA:196,8
DA:197,8
DA:199,3
DA:202,3
DA:205,3
DA:206,5
DA:207,1
DA:210,1
DA:211,4
DA:212,0
DA:215,0
DA:217,4
DA:220,4
DA:222,8
DA:224,7
DA:226,7
DA:227,7
DA:228,1
DA:229,1
DA:230,1
DA:233,6
DA:241,0
DA:242,0
DA:243,0
DA:244,0
DA:245,0
DA:246,0
DA:247,0
DA:248,0
DA:249,0
DA:250,0
DA:251,0
DA:259,12
DA:260,12
DA:261,12
DA:262,12
DA:263,12
DA:264,12
DA:265,12
DA:266,12
DA:267,12
DA:268,12
DA:271,204
LF:128
LH:113
BRDA:26,0,0,0
BRDA:27,1,0,111
BRDA:65,2,0,1
BRDA:65,2,1,27
BRDA:83,3,0,1
BRDA:83,3,1,5
BRDA:84,4,0,1
BRDA:84,4,1,4
BRDA:103,5,0,1
BRDA:103,5,1,3
BRDA:106,6,0,0
BRDA:106,6,1,0
BRDA:110,7,0,3
BRDA:110,7,1,1
BRDA:128,8,0,1
BRDA:128,8,1,22
BRDA:129,9,0,1
BRDA:129,9,1,21
BRDA:141,10,0,0
BRDA:141,10,1,7
BRDA:141,11,0,7
BRDA:141,11,1,7
BRDA:153,12,0,18
BRDA:153,12,1,25
BRDA:154,13,0,1
BRDA:154,13,1,17
BRDA:168,14,0,9
BRDA:168,14,1,16
BRDA:176,15,0,9
BRDA:176,15,1,7
BRDA:178,16,0,1
BRDA:178,16,1,8
BRDA:178,17,0,9
BRDA:178,17,1,1
BRDA:197,18,0,3
BRDA:197,18,1,5
BRDA:197,19,0,8
BRDA:197,19,1,6
BRDA:197,19,2,6
BRDA:199,20,0,3
BRDA:199,20,1,0
BRDA:199,21,0,3
BRDA:199,21,1,3
BRDA:206,22,0,1
BRDA:206,22,1,4
BRDA:206,23,0,5
BRDA:206,23,1,3
BRDA:206,23,2,3
BRDA:211,24,0,0
BRDA:211,24,1,4
BRDA:224,25,0,7
BRDA:224,25,1,0
BRDA:227,26,0,1
BRDA:227,26,1,6
BRF:54
BRH:47
end_of_record
TN:
SF:src/hooks/creation/useLogsViewer.js
FN:17,useLogsViewer
FN:25,openLogs
FN:33,closeLogs
FNF:3
FNH:1
FNDA:96,useLogsViewer
FNDA:0,openLogs
FNDA:0,closeLogs
DA:18,96
DA:19,96
DA:20,96
DA:26,0
DA:27,0
DA:34,0
DA:35,0
DA:36,0
DA:37,0
DA:38,0
DA:42,96
LF:11
LH:4
BRDA:36,0,0,0
BRDA:36,0,1,0
BRF:2
BRH:0
end_of_record
TN:
SF:src/hooks/debug/useDebugLogs.js
FN:4,useDebugLogs
FN:8,(anonymous_1)
FN:9,(anonymous_2)
FN:10,(anonymous_3)
FN:12,(anonymous_4)
FNF:5
FNH:2
FNDA:96,useDebugLogs
FNDA:20,(anonymous_1)
FNDA:0,(anonymous_2)
FNDA:0,(anonymous_3)
FNDA:0,(anonymous_4)
DA:5,96
DA:6,96
DA:8,96
DA:9,20
DA:10,0
DA:11,0
DA:13,0
DA:14,0
DA:15,0
DA:16,0
DA:17,0
DA:19,0
DA:23,0
DA:26,0
DA:27,0
DA:30,20
DA:33,96
LF:17
LH:6
BRDA:11,0,0,0
BRDA:11,0,1,0
BRDA:13,1,0,0
BRDA:13,1,1,0
BRDA:14,2,0,0
BRDA:14,2,1,0
BRDA:14,3,0,0
BRDA:14,3,1,0
BRDA:23,4,0,0
BRDA:23,4,1,0
BRF:10
BRH:0
end_of_record
TN:
SF:src/hooks/navigation/useContainerSelection.js
FN:3,useContainerSelection
FN:7,(anonymous_1)
FN:13,(anonymous_2)
FN:18,(anonymous_3)
FNF:4
FNH:2
FNDA:96,useContainerSelection
FNDA:12,(anonymous_1)
FNDA:0,(anonymous_2)
FNDA:0,(anonymous_3)
DA:4,96
DA:6,96
DA:8,12
DA:9,12
DA:12,0
DA:13,0
DA:14,0
DA:17,0
DA:18,0
DA:19,0
DA:22,0
DA:27,96
LF:12
LH:5
BRDA:8,0,0,12
BRDA:8,0,1,0
BRDA:12,1,0,0
BRDA:12,1,1,0
BRDA:13,2,0,0
BRDA:13,2,1,0
BRDA:17,3,0,0
BRDA:17,3,1,0
BRDA:18,4,0,0
BRDA:18,4,1,0
BRF:10
BRH:1
end_of_record
