TN:
SF:src/components/ContainerCreationPrompt.jsx
FN:25,ContainerCreationPrompt
FNF:1
FNH:1
FNDA:8,ContainerCreationPrompt
DA:39,8
DA:40,8
DA:62,8
DA:63,8
DA:64,8
DA:65,8
DA:87,1
LF:7
LH:7
BRDA:34,0,0,0
BRDA:35,1,0,0
BRDA:36,2,0,0
BRDA:37,3,0,3
BRDA:38,4,0,5
BRDA:62,5,0,8
BRDA:62,5,1,0
BRDA:63,6,0,8
BRDA:63,6,1,7
BRDA:64,7,0,8
BRDA:64,7,1,7
BRDA:64,7,2,5
BRDA:73,8,0,8
BRDA:73,8,1,5
BRF:14
BRH:10
end_of_record
TN:
SF:src/components/PromptField.jsx
FN:15,PromptField
FN:34,PromptMessage
FNF:2
FNH:2
FNDA:8,PromptField
FNDA:8,PromptMessage
DA:17,8
DA:18,8
DA:35,8
DA:36,0
DA:39,1
DA:45,1
LF:6
LH:5
BRDA:17,0,0,8
BRDA:17,0,1,7
BRDA:21,1,0,0
BRDA:21,1,1,8
BRDA:35,2,0,8
BRDA:35,2,1,0
BRDA:36,3,0,0
BRDA:36,3,1,0
BRF:8
BRH:4
end_of_record
TN:
SF:src/components/SuggestionPanel.jsx
FN:17,SuggestionPanel
FN:37,(anonymous_1)
FNF:2
FNH:2
FNDA:14,SuggestionPanel
FNDA:35,(anonymous_1)
DA:24,14
DA:25,14
DA:27,13
DA:29,13
DA:38,35
DA:39,35
DA:40,35
DA:55,2
LF:8
LH:8
BRDA:21,0,0,7
BRDA:22,1,0,5
BRDA:24,2,0,14
BRDA:24,2,1,14
BRDA:25,3,0,1
BRDA:25,3,1,13
BRDA:25,4,0,14
BRDA:25,4,1,4
BRDA:27,5,0,10
BRDA:27,5,1,3
BRDA:41,6,0,2
BRDA:41,6,1,33
BRDA:42,7,0,2
BRDA:42,7,1,33
BRDA:46,8,0,13
BRDA:46,8,1,5
BRF:16
BRH:16
end_of_record
TN:
SF:src/helpers/constants.js
FNF:0
FNH:0
DA:6,12
DA:14,12
DA:22,12
DA:27,12
DA:35,12
DA:50,12
LF:6
LH:6
BRF:0
BRH:0
end_of_record
TN:
SF:src/helpers/containerOptionsBuilder.js
FN:16,buildContainerOptions
FN:24,(anonymous_1)
FN:28,(anonymous_2)
FN:34,(anonymous_3)
FNF:4
FNH:4
FNDA:9,buildContainerOptions
FNDA:10,(anonymous_1)
FNDA:9,(anonymous_2)
FNDA:1,(anonymous_3)
DA:22,9
DA:24,10
DA:26,9
DA:28,9
DA:31,9
DA:32,9
DA:34,9
DA:35,1
DA:36,1
DA:37,1
DA:38,1
DA:39,1
DA:40,1
DA:43,9
DA:47,9
DA:48,9
DA:49,9
DA:50,9
DA:52,9
LF:19
LH:19
BRDA:22,0,0,9
BRDA:22,0,1,7
BRDA:26,1,0,9
BRDA:26,1,1,8
BRDA:36,2,0,0
BRDA:36,2,1,1
BRDA:36,3,0,1
BRDA:36,3,1,1
BRDA:39,4,0,1
BRDA:39,4,1,1
BRDA:47,5,0,1
BRDA:47,5,1,8
BRDA:48,6,0,1
BRDA:48,6,1,8
BRDA:49,7,0,2
BRDA:49,7,1,7
BRDA:50,8,0,1
BRDA:50,8,1,8
BRF:18
BRH:17
end_of_record
TN:
SF:src/helpers/dockerHubService.js
FN:19,searchDockerHub
FN:35,(anonymous_1)
FNF:2
FNH:2
FNDA:10,searchDockerHub
FNDA:2,(anonymous_1)
DA:8,11
DA:20,10
DA:21,10
DA:23,9
DA:24,9
DA:26,9
DA:28,8
DA:29,1
DA:32,7
DA:33,7
DA:35,7
LF:11
LH:11
BRDA:19,0,0,8
BRDA:21,1,0,1
BRDA:21,1,1,9
BRDA:24,2,0,9
BRDA:24,2,1,7
BRDA:28,3,0,1
BRDA:28,3,1,7
BRDA:33,4,0,7
BRDA:33,4,1,1
BRF:9
BRH:9
end_of_record
TN:
SF:src/helpers/imageNameUtils.js
FN:18,normalizeImageName
FNF:1
FNH:1
FNDA:18,normalizeImageName
DA:19,18
DA:21,18
DA:22,18
DA:23,18
DA:24,2
DA:27,18
DA:28,18
DA:29,9
DA:31,18
LF:9
LH:9
BRDA:19,0,0,0
BRDA:19,0,1,18
BRDA:23,1,0,2
BRDA:23,1,1,16
BRDA:28,2,0,9
BRDA:28,2,1,9
BRF:6
BRH:5
end_of_record
TN:
SF:src/helpers/logger.js
FN:26,parseLevel
FN:46,shouldLog
FN:51,log
FN:73,(anonymous_3)
FN:88,(anonymous_4)
FN:91,(anonymous_5)
FN:94,(anonymous_6)
FN:97,(anonymous_7)
FN:106,(anonymous_8)
FN:108,(anonymous_9)
FN:111,(anonymous_10)
FNF:11
FNH:8
FNDA:28,parseLevel
FNDA:29,shouldLog
FNDA:29,log
FNDA:0,(anonymous_3)
FNDA:10,(anonymous_4)
FNDA:18,(anonymous_5)
FNDA:0,(anonymous_6)
FNDA:1,(anonymous_7)
FNDA:20,(anonymous_8)
FNDA:0,(anonymous_9)
FNDA:20,(anonymous_10)
DA:5,14
DA:27,28
DA:28,28
DA:30,0
DA:31,0
DA:32,0
DA:34,0
DA:38,14
DA:42,14
DA:44,14
DA:47,29
DA:48,29
DA:52,29
DA:53,10
DA:56,19
DA:57,19
DA:58,19
DA:59,19
DA:62,19
DA:64,19
DA:65,19
DA:66,19
DA:67,19
DA:69,0
DA:73,19
DA:74,0
DA:75,0
DA:87,14
DA:89,10
DA:92,18
DA:95,0
DA:98,1
DA:107,20
DA:108,0
DA:110,20
DA:111,20
LF:36
LH:27
BRDA:27,0,0,28
BRDA:27,0,1,0
BRDA:31,1,0,0
BRDA:31,1,1,0
BRDA:38,2,0,14
BRDA:38,2,1,14
BRDA:38,2,2,14
BRDA:42,3,0,14
BRDA:42,3,1,0
BRDA:48,4,0,29
BRDA:48,4,1,29
BRDA:52,5,0,10
BRDA:52,5,1,19
BRDA:62,6,0,19
BRDA:62,6,1,0
BRDA:62,6,2,0
BRDA:64,7,0,19
BRDA:64,7,1,0
BRDA:65,8,0,0
BRDA:65,8,1,19
BRDA:66,9,0,19
BRDA:66,9,1,0
BRDA:107,10,0,0
BRDA:107,10,1,20
BRF:24
BRH:14
end_of_record
TN:
SF:src/helpers/safeCall.js
FN:10,safeCall
FNF:1
FNH:1
FNDA:9,safeCall
DA:11,9
DA:12,8
DA:13,8
DA:15,1
LF:4
LH:4
BRDA:11,0,0,8
BRDA:11,0,1,1
BRF:2
BRH:2
end_of_record
TN:
SF:src/helpers/validationHelpers.js
FN:11,validatePorts
FN:16,(anonymous_1)
FN:19,(anonymous_2)
FN:40,validateEnvVars
FN:50,(anonymous_4)
FNF:5
FNH:5
FNDA:6,validatePorts
FNDA:6,(anonymous_1)
FNDA:6,(anonymous_2)
FNDA:22,validateEnvVars
FNDA:15,(anonymous_4)
DA:13,6
DA:14,5
DA:16,6
DA:18,5
DA:19,5
DA:20,6
DA:21,6
DA:23,5
DA:41,22
DA:44,22
DA:45,22
DA:47,22
DA:48,14
DA:50,15
DA:52,14
DA:53,15
DA:54,15
DA:55,1
DA:56,1
DA:58,14
DA:59,14
DA:60,14
DA:61,3
DA:62,3
DA:64,11
DA:68,22
DA:70,7
DA:74,15
DA:75,15
DA:76,15
DA:78,15
DA:79,6
DA:80,6
DA:81,3
DA:86,15
LF:35
LH:35
BRDA:13,0,0,1
BRDA:13,0,1,5
BRDA:13,1,0,6
BRDA:13,1,1,5
BRDA:18,2,0,0
BRDA:18,2,1,5
BRDA:21,3,0,6
BRDA:21,3,1,5
BRDA:21,3,2,4
BRDA:21,3,3,3
BRDA:41,4,0,22
BRDA:41,4,1,15
BRDA:47,5,0,14
BRDA:47,5,1,8
BRDA:47,6,0,22
BRDA:47,6,1,14
BRDA:54,7,0,1
BRDA:54,7,1,14
BRDA:60,8,0,3
BRDA:60,8,1,11
BRDA:68,9,0,7
BRDA:68,9,1,15
BRDA:78,10,0,6
BRDA:78,10,1,9
BRDA:78,11,0,15
BRDA:78,11,1,13
BRDA:78,11,2,13
BRDA:80,12,0,3
BRDA:80,12,1,3
BRDA:80,13,0,6
BRDA:80,13,1,3
BRF:31
BRH:30
end_of_record
TN:
SF:src/helpers/dockerService/serviceComponents/containerActions.js
FN:16,withTimeout
FN:19,(anonymous_1)
FN:20,(anonymous_2)
FN:32,removeContainer
FN:53,createContainer
FN:100,(anonymous_5)
FN:101,(anonymous_6)
FN:114,(anonymous_7)
FN:118,(anonymous_8)
FN:169,(anonymous_9)
FN:204,(anonymous_10)
FN:208,(anonymous_11)
FN:238,startContainer
FN:255,stopContainer
FN:272,restartContainer
FNF:15
FNH:12
FNDA:29,withTimeout
FNDA:29,(anonymous_1)
FNDA:0,(anonymous_2)
FNDA:1,removeContainer
FNDA:6,createContainer
FNDA:1,(anonymous_5)
FNDA:1,(anonymous_6)
FNDA:4,(anonymous_7)
FNDA:4,(anonymous_8)
FNDA:4,(anonymous_9)
FNDA:0,(anonymous_10)
FNDA:0,(anonymous_11)
FNDA:1,startContainer
FNDA:1,stopContainer
FNDA:1,restartContainer
DA:17,29
DA:20,29
DA:33,1
DA:34,1
DA:35,1
DA:36,1
DA:37,1
DA:39,0
DA:40,0
DA:58,6
DA:60,6
DA:61,6
DA:63,0
DA:64,0
DA:66,6
DA:67,1
DA:68,1
DA:69,1
DA:70,1
DA:72,0
DA:73,0
DA:76,6
DA:82,6
DA:87,6
DA:89,6
DA:90,6
DA:91,6
DA:92,6
DA:93,6
DA:94,6
DA:95,6
DA:96,6
DA:100,6
DA:101,1
DA:102,1
DA:103,1
DA:108,0
DA:114,6
DA:115,4
DA:116,4
DA:118,6
DA:119,4
DA:120,4
DA:121,0
DA:122,0
DA:123,0
DA:125,0
DA:126,0
DA:127,0
DA:128,0
DA:129,0
DA:131,0
DA:132,0
DA:134,4
DA:135,4
DA:136,1
DA:138,4
DA:139,4
DA:142,6
DA:147,6
DA:150,6
DA:153,6
DA:154,3
DA:155,3
DA:156,3
DA:157,1
DA:158,1
DA:159,1
DA:163,6
DA:164,4
DA:165,4
DA:166,4
DA:169,4
DA:170,4
DA:171,4
DA:173,4
DA:177,4
DA:178,4
DA:179,4
DA:180,4
DA:181,4
DA:184,4
DA:195,0
DA:203,0
DA:204,0
DA:205,0
DA:206,0
DA:207,0
DA:208,0
DA:209,0
DA:219,6
DA:220,6
DA:224,6
DA:225,6
DA:226,6
DA:228,0
DA:229,0
DA:239,1
DA:240,1
DA:241,1
DA:242,1
DA:243,1
DA:245,0
DA:246,0
DA:256,1
DA:257,1
DA:258,1
DA:259,1
DA:260,1
DA:262,0
DA:263,0
DA:273,1
DA:274,1
DA:275,1
DA:276,1
DA:277,1
DA:279,0
DA:280,0
LF:118
LH:85
BRDA:16,0,0,0
BRDA:55,1,0,2
BRDA:56,2,0,4
BRDA:66,3,0,1
BRDA:66,3,1,5
BRDA:83,4,0,6
BRDA:83,4,1,0
BRDA:89,5,0,6
BRDA:89,5,1,0
BRDA:92,6,0,6
BRDA:92,6,1,0
BRDA:92,7,0,6
BRDA:92,7,1,6
BRDA:94,8,0,6
BRDA:94,8,1,0
BRDA:101,9,0,1
BRDA:101,9,1,0
BRDA:102,10,0,1
BRDA:102,10,1,0
BRDA:102,11,0,1
BRDA:102,11,1,1
BRDA:120,12,0,0
BRDA:120,12,1,4
BRDA:121,13,0,0
BRDA:121,13,1,0
BRDA:147,14,0,6
BRDA:147,14,1,0
BRDA:147,14,2,0
BRDA:150,15,0,6
BRDA:150,15,1,0
BRDA:153,16,0,3
BRDA:153,16,1,3
BRDA:156,17,0,1
BRDA:156,17,1,2
BRDA:156,18,0,3
BRDA:156,18,1,1
BRDA:163,19,0,4
BRDA:163,19,1,2
BRDA:164,20,0,4
BRDA:164,20,1,4
BRDA:165,21,0,4
BRDA:165,21,1,4
BRDA:167,22,0,4
BRDA:167,22,1,4
BRDA:170,23,0,4
BRDA:170,23,1,0
BRDA:171,24,0,4
BRDA:171,24,1,0
BRDA:173,25,0,4
BRDA:173,25,1,0
BRDA:174,26,0,4
BRDA:174,26,1,0
BRDA:179,27,0,4
BRDA:179,27,1,0
BRDA:203,28,0,0
BRDA:203,28,1,0
BRDA:207,29,0,0
BRDA:207,29,1,0
BRDA:208,30,0,0
BRDA:208,30,1,0
BRDA:224,31,0,6
BRDA:224,31,1,1
BRF:62
BRH:38
end_of_record
TN:
SF:src/helpers/dockerService/serviceComponents/containerList.js
FN:12,normalizeContainerName
FN:45,getContainers
FN:50,(anonymous_2)
FN:56,(anonymous_3)
FN:58,(anonymous_4)
FN:59,(anonymous_5)
FN:65,(anonymous_6)
FN:66,(anonymous_7)
FNF:8
FNH:4
FNDA:3,normalizeContainerName
FNDA:3,getContainers
FNDA:3,(anonymous_2)
FNDA:3,(anonymous_3)
FNDA:0,(anonymous_4)
FNDA:0,(anonymous_5)
FNDA:0,(anonymous_6)
FNDA:0,(anonymous_7)
DA:4,3
DA:13,3
DA:16,3
DA:21,1
DA:22,2
DA:23,0
DA:24,2
DA:28,1
DA:30,1
DA:33,3
DA:34,0
DA:37,3
DA:38,3
DA:46,3
DA:47,3
DA:48,3
DA:49,3
DA:50,3
DA:57,3
DA:58,0
DA:59,0
DA:60,3
DA:61,0
DA:64,3
DA:65,0
DA:66,0
DA:67,3
DA:71,0
DA:72,0
LF:29
LH:20
BRDA:16,0,0,1
BRDA:16,0,1,2
BRDA:17,1,0,3
BRDA:17,1,1,2
BRDA:17,1,2,1
BRDA:22,2,0,0
BRDA:22,2,1,2
BRDA:22,3,0,2
BRDA:22,3,1,0
BRDA:24,4,0,1
BRDA:24,4,1,1
BRDA:25,5,0,2
BRDA:25,5,1,2
BRDA:33,6,0,0
BRDA:33,6,1,3
BRDA:38,7,0,3
BRDA:38,7,1,0
BRDA:60,8,0,0
BRDA:60,8,1,3
BRF:19
BRH:14
end_of_record
TN:
SF:src/hooks/useContainerCommandRouter.js
FN:28,useContainerCommandRouter
FN:40,(anonymous_1)
FN:45,(anonymous_2)
FN:48,(anonymous_3)
FN:57,(anonymous_4)
FN:60,(anonymous_5)
FN:72,(anonymous_6)
FNF:7
FNH:2
FNDA:96,useContainerCommandRouter
FNDA:12,(anonymous_1)
FNDA:0,(anonymous_2)
FNDA:0,(anonymous_3)
FNDA:0,(anonymous_4)
FNDA:0,(anonymous_5)
FNDA:0,(anonymous_6)
DA:39,96
DA:41,12
DA:43,12
DA:44,0
DA:45,0
DA:49,0
DA:52,0
DA:55,12
DA:56,0
DA:57,0
DA:61,0
DA:67,0
DA:70,12
DA:71,0
DA:72,0
DA:76,0
DA:79,12
DA:80,0
DA:81,0
DA:83,0
DA:84,0
DA:87,12
DA:88,0
DA:89,0
DA:91,0
DA:92,0
DA:93,0
DA:96,12
DA:97,12
DA:98,12
DA:99,12
DA:102,0
DA:103,0
DA:104,0
DA:107,0
DA:122,96
LF:36
LH:12
BRDA:43,0,0,0
BRDA:43,0,1,12
BRDA:49,1,0,0
BRDA:49,1,1,0
BRDA:49,1,2,0
BRDA:55,2,0,0
BRDA:55,2,1,12
BRDA:61,3,0,0
BRDA:61,3,1,0
BRDA:61,3,2,0
BRDA:61,3,3,0
BRDA:61,3,4,0
BRDA:70,4,0,0
BRDA:70,4,1,12
BRDA:79,5,0,0
BRDA:79,5,1,12
BRDA:80,6,0,0
BRDA:80,6,1,0
BRDA:87,7,0,0
BRDA:87,7,1,12
BRDA:88,8,0,0
BRDA:88,8,1,0
BRDA:96,9,0,12
BRDA:96,9,1,0
BRDA:102,10,0,0
BRDA:102,10,1,0
BRF:26
BRH:6
end_of_record
TN:
SF:src/hooks/useControls.js
FN:24,useControls
FN:31,(anonymous_1)
FN:47,(anonymous_2)
FN:59,(anonymous_3)
FN:72,(anonymous_4)
FN:74,(anonymous_5)
FN:80,(anonymous_6)
FN:91,(anonymous_7)
FN:94,(anonymous_8)
FN:95,(anonymous_9)
FN:99,(anonymous_10)
FN:100,(anonymous_11)
FN:101,(anonymous_12)
FN:114,(anonymous_13)
FN:121,(anonymous_14)
FN:121,(anonymous_15)
FN:122,(anonymous_16)
FN:126,(anonymous_17)
FN:138,(anonymous_18)
FN:141,(anonymous_19)
FN:142,(anonymous_20)
FN:143,(anonymous_21)
FN:210,(anonymous_22)
FNF:23
FNH:6
FNDA:96,useControls
FNDA:4,(anonymous_1)
FNDA:3,(anonymous_2)
FNDA:0,(anonymous_3)
FNDA:0,(anonymous_4)
FNDA:0,(anonymous_5)
FNDA:0,(anonymous_6)
FNDA:0,(anonymous_7)
FNDA:0,(anonymous_8)
FNDA:0,(anonymous_9)
FNDA:0,(anonymous_10)
FNDA:0,(anonymous_11)
FNDA:0,(anonymous_12)
FNDA:0,(anonymous_13)
FNDA:0,(anonymous_14)
FNDA:0,(anonymous_15)
FNDA:12,(anonymous_16)
FNDA:0,(anonymous_17)
FNDA:27,(anonymous_18)
FNDA:0,(anonymous_19)
FNDA:0,(anonymous_20)
FNDA:0,(anonymous_21)
FNDA:39,(anonymous_22)
DA:25,96
DA:28,96
DA:30,96
DA:32,4
DA:38,4
DA:39,4
DA:40,4
DA:41,4
DA:42,3
DA:43,3
DA:44,2
DA:47,3
DA:50,3
DA:51,3
DA:53,1
DA:54,1
DA:56,4
DA:59,0
DA:63,96
DA:64,96
DA:65,96
DA:68,96
DA:69,96
DA:71,96
DA:73,0
DA:74,0
DA:78,0
DA:81,0
DA:82,0
DA:90,96
DA:92,0
DA:95,0
DA:96,0
DA:97,0
DA:101,0
DA:107,96
DA:115,0
DA:116,0
DA:119,0
DA:121,0
DA:122,12
DA:125,96
DA:127,0
DA:128,0
DA:129,0
DA:130,0
DA:137,96
DA:139,27
DA:141,27
DA:142,0
DA:143,27
DA:145,27
DA:146,0
DA:147,0
DA:148,0
DA:151,27
DA:153,6
DA:154,2
DA:155,2
DA:157,4
DA:158,4
DA:162,21
DA:163,4
DA:164,3
DA:165,1
DA:168,4
DA:172,17
DA:173,8
DA:174,1
DA:175,1
DA:177,7
DA:178,5
DA:179,5
DA:183,11
DA:184,0
DA:185,0
DA:186,0
DA:188,0
DA:189,0
DA:190,0
DA:191,0
DA:194,11
DA:195,9
DA:196,9
DA:198,9
DA:199,0
DA:200,9
DA:201,0
DA:202,9
DA:203,0
DA:210,96
DA:211,39
DA:212,0
DA:213,0
DA:216,39
DA:217,0
DA:218,0
DA:220,0
DA:223,39
DA:224,27
DA:225,27
DA:228,12
DA:229,0
DA:230,0
DA:233,12
DA:234,12
DA:235,12
DA:238,96
LF:108
LH:68
BRDA:24,0,0,0
BRDA:24,1,0,84
BRDA:43,2,0,2
BRDA:43,2,1,1
BRDA:43,3,0,3
BRDA:43,3,1,3
BRDA:68,4,0,96
BRDA:68,4,1,84
BRDA:69,5,0,96
BRDA:69,5,1,84
BRDA:142,6,0,0
BRDA:142,6,1,0
BRDA:143,7,0,0
BRDA:143,7,1,0
BRDA:145,8,0,0
BRDA:145,8,1,27
BRDA:151,9,0,6
BRDA:151,9,1,21
BRDA:151,10,0,27
BRDA:151,10,1,21
BRDA:153,11,0,2
BRDA:153,11,1,4
BRDA:153,12,0,6
BRDA:153,12,1,6
BRDA:162,13,0,4
BRDA:162,13,1,17
BRDA:163,14,0,3
BRDA:163,14,1,1
BRDA:164,15,0,1
BRDA:164,15,1,2
BRDA:164,16,0,3
BRDA:164,16,1,2
BRDA:164,17,0,2
BRDA:164,17,1,1
BRDA:172,18,0,8
BRDA:172,18,1,9
BRDA:172,19,0,17
BRDA:172,19,1,16
BRDA:173,20,0,1
BRDA:173,20,1,7
BRDA:177,21,0,5
BRDA:177,21,1,2
BRDA:183,22,0,0
BRDA:183,22,1,11
BRDA:183,23,0,11
BRDA:183,23,1,11
BRDA:184,24,0,0
BRDA:184,24,1,0
BRDA:185,25,0,0
BRDA:185,25,1,0
BRDA:188,26,0,0
BRDA:188,26,1,0
BRDA:189,27,0,0
BRDA:189,27,1,0
BRDA:190,28,0,0
BRDA:190,28,1,0
BRDA:194,29,0,9
BRDA:194,29,1,2
BRDA:194,30,0,11
BRDA:194,30,1,9
BRDA:194,30,2,9
BRDA:194,30,3,9
BRDA:195,31,0,9
BRDA:195,31,1,0
BRDA:196,32,0,9
BRDA:196,32,1,6
BRDA:198,33,0,0
BRDA:198,33,1,9
BRDA:200,34,0,0
BRDA:200,34,1,9
BRDA:202,35,0,0
BRDA:202,35,1,9
BRDA:211,36,0,0
BRDA:211,36,1,39
BRDA:216,37,0,0
BRDA:216,37,1,39
BRDA:217,38,0,0
BRDA:217,38,1,0
BRDA:217,39,0,0
BRDA:217,39,1,0
BRDA:223,40,0,27
BRDA:223,40,1,12
BRDA:228,41,0,0
BRDA:228,41,1,12
BRDA:228,42,0,12
BRDA:228,42,1,0
BRDA:241,43,0,45
BRDA:241,43,1,51
BRDA:242,44,0,45
BRDA:242,44,1,51
BRF:90
BRH:61
end_of_record
TN:
SF:src/hooks/useEraseConfirmation.js
FN:14,useEraseConfirmation
FN:17,(anonymous_1)
FN:22,(anonymous_2)
FNF:3
FNH:1
FNDA:96,useEraseConfirmation
FNDA:0,(anonymous_1)
FNDA:0,(anonymous_2)
DA:15,96
DA:17,96
DA:18,0
DA:21,96
DA:23,0
DA:24,0
DA:25,0
DA:26,0
DA:29,0
DA:30,0
DA:31,0
DA:32,0
DA:38,96
LF:13
LH:4
BRDA:23,0,0,0
BRDA:23,0,1,0
BRDA:23,1,0,0
BRDA:23,1,1,0
BRDA:29,2,0,0
BRDA:29,2,1,0
BRDA:29,3,0,0
BRDA:29,3,1,0
BRDA:29,3,2,0
BRF:9
BRH:0
end_of_record
TN:
SF:src/hooks/useExitHandler.js
FN:19,useExitHandler
FN:34,(anonymous_1)
FN:43,(anonymous_2)
FN:55,(anonymous_3)
FN:59,(anonymous_4)
FNF:5
FNH:2
FNDA:96,useExitHandler
FNDA:12,(anonymous_1)
FNDA:0,(anonymous_2)
FNDA:0,(anonymous_3)
FNDA:0,(anonymous_4)
DA:20,96
DA:33,96
DA:35,12
DA:36,12
DA:39,0
DA:40,0
DA:43,0
DA:44,0
DA:45,0
DA:46,0
DA:48,0
DA:55,0
DA:56,0
DA:57,0
DA:58,0
DA:59,0
DA:63,0
DA:68,96
LF:18
LH:5
BRDA:19,0,0,0
BRDA:35,1,0,12
BRDA:35,1,1,0
BRDA:39,2,0,0
BRDA:39,2,1,0
BRDA:45,3,0,0
BRDA:45,3,1,0
BRDA:45,4,0,0
BRDA:45,4,1,0
BRDA:58,5,0,0
BRDA:58,5,1,0
BRF:11
BRH:1
end_of_record
TN:
SF:src/hooks/creation/useContainerActions.js
FN:19,useContainerActions
FN:30,handleAction
FN:63,(anonymous_2)
FN:66,(anonymous_3)
FN:69,(anonymous_4)
FN:72,(anonymous_5)
FNF:6
FNH:1
FNDA:96,useContainerActions
FNDA:0,handleAction
FNDA:0,(anonymous_2)
FNDA:0,(anonymous_3)
FNDA:0,(anonymous_4)
FNDA:0,(anonymous_5)
DA:20,96
DA:21,96
DA:31,0
DA:32,0
DA:33,0
DA:34,0
DA:35,0
DA:36,0
DA:37,0
DA:38,0
DA:41,0
DA:42,0
DA:43,0
DA:44,0
DA:45,0
DA:46,0
DA:47,0
DA:49,0
DA:52,0
DA:56,96
DA:64,0
DA:67,0
DA:70,0
DA:73,0
LF:24
LH:3
BRDA:32,0,0,0
BRDA:32,0,1,0
BRDA:33,1,0,0
BRDA:33,1,1,0
BRDA:35,2,0,0
BRDA:35,2,1,0
BRF:6
BRH:0
end_of_record
TN:
SF:src/hooks/creation/useContainerCreation.js
FN:23,useContainerCreation
FN:55,updateImageInput
FN:70,(anonymous_2)
FN:81,triggerHubSearch
FN:123,moveSuggestionSelection
FN:124,(anonymous_5)
FN:127,(anonymous_6)
FN:140,applyFocusedSuggestion
FN:152,nextStep
FN:184,(anonymous_9)
FN:238,cancelCreation
FN:256,resetCreation
FNF:12
FNH:11
FNDA:194,useContainerCreation
FNDA:27,updateImageInput
FNDA:520,(anonymous_2)
FNDA:6,triggerHubSearch
FNDA:23,moveSuggestionSelection
FNDA:23,(anonymous_5)
FNDA:23,(anonymous_6)
FNDA:7,applyFocusedSuggestion
FNDA:40,nextStep
FNDA:24,(anonymous_9)
FNDA:0,cancelCreation
FNDA:12,resetCreation
DA:10,2
DA:29,194
DA:30,194
DA:31,194
DA:32,194
DA:33,194
DA:34,194
DA:35,194
DA:38,194
DA:39,194
DA:40,194
DA:43,194
DA:44,194
DA:46,194
DA:57,27
DA:58,27
DA:59,27
DA:60,27
DA:62,27
DA:63,27
DA:64,27
DA:65,27
DA:66,1
DA:67,1
DA:69,26
DA:70,26
DA:71,520
DA:73,26
DA:82,6
DA:83,6
DA:84,5
DA:88,4
DA:90,4
DA:91,4
DA:93,4
DA:94,4
DA:96,4
DA:97,4
DA:98,4
DA:100,4
DA:101,4
DA:103,4
DA:104,3
DA:106,0
DA:108,0
DA:110,4
DA:111,3
DA:124,23
DA:125,23
DA:127,23
DA:128,23
DA:129,22
DA:130,21
DA:132,23
DA:141,7
DA:142,7
DA:143,7
DA:144,7
DA:145,7
DA:146,7
DA:153,40
DA:154,15
DA:155,1
DA:156,1
DA:157,1
DA:159,14
DA:160,14
DA:163,14
DA:164,14
DA:166,25
DA:167,9
DA:168,9
DA:171,9
DA:172,9
DA:174,16
DA:176,9
DA:177,1
DA:180,1
DA:181,1
DA:183,8
DA:184,8
DA:185,24
DA:188,8
DA:194,8
DA:195,8
DA:197,3
DA:200,3
DA:203,3
DA:204,5
DA:205,1
DA:208,1
DA:209,4
DA:210,0
DA:213,0
DA:215,4
DA:218,4
DA:220,8
DA:222,7
DA:224,7
DA:225,7
DA:226,1
DA:227,1
DA:228,1
DA:231,6
DA:239,0
DA:240,0
DA:241,0
DA:242,0
DA:243,0
DA:244,0
DA:245,0
DA:246,0
DA:247,0
DA:248,0
DA:249,0
DA:257,12
DA:258,12
DA:259,12
DA:260,12
DA:261,12
DA:262,12
DA:263,12
DA:264,12
DA:265,12
DA:266,12
DA:269,194
LF:126
LH:111
BRDA:26,0,0,0
BRDA:27,1,0,111
BRDA:65,2,0,1
BRDA:65,2,1,26
BRDA:83,3,0,1
BRDA:83,3,1,5
BRDA:84,4,0,1
BRDA:84,4,1,4
BRDA:103,5,0,1
BRDA:103,5,1,3
BRDA:106,6,0,0
BRDA:106,6,1,0
BRDA:110,7,0,3
BRDA:110,7,1,1
BRDA:128,8,0,1
BRDA:128,8,1,22
BRDA:129,9,0,1
BRDA:129,9,1,21
BRDA:141,10,0,0
BRDA:141,10,1,7
BRDA:141,11,0,7
BRDA:141,11,1,7
BRDA:153,12,0,15
BRDA:153,12,1,25
BRDA:154,13,0,1
BRDA:154,13,1,14
BRDA:166,14,0,9
BRDA:166,14,1,16
BRDA:174,15,0,9
BRDA:174,15,1,7
BRDA:176,16,0,1
BRDA:176,16,1,8
BRDA:176,17,0,9
BRDA:176,17,1,1
BRDA:195,18,0,3
BRDA:195,18,1,5
BRDA:195,19,0,8
BRDA:195,19,1,6
BRDA:195,19,2,6
BRDA:197,20,0,3
BRDA:197,20,1,0
BRDA:197,21,0,3
BRDA:197,21,1,3
BRDA:204,22,0,1
BRDA:204,22,1,4
BRDA:204,23,0,5
BRDA:204,23,1,3
BRDA:204,23,2,3
BRDA:209,24,0,0
BRDA:209,24,1,4
BRDA:222,25,0,7
BRDA:222,25,1,0
BRDA:225,26,0,1
BRDA:225,26,1,6
BRF:54
BRH:47
end_of_record
TN:
SF:src/hooks/creation/useLogsViewer.js
FN:17,useLogsViewer
FN:25,openLogs
FN:33,closeLogs
FNF:3
FNH:1
FNDA:96,useLogsViewer
FNDA:0,openLogs
FNDA:0,closeLogs
DA:18,96
DA:19,96
DA:20,96
DA:26,0
DA:27,0
DA:34,0
DA:35,0
DA:36,0
DA:37,0
DA:38,0
DA:42,96
LF:11
LH:4
BRDA:36,0,0,0
BRDA:36,0,1,0
BRF:2
BRH:0
end_of_record
TN:
SF:src/hooks/debug/useDebugLogs.js
FN:4,useDebugLogs
FN:8,(anonymous_1)
FN:9,(anonymous_2)
FN:10,(anonymous_3)
FN:12,(anonymous_4)
FNF:5
FNH:2
FNDA:96,useDebugLogs
FNDA:20,(anonymous_1)
FNDA:0,(anonymous_2)
FNDA:0,(anonymous_3)
FNDA:0,(anonymous_4)
DA:5,96
DA:6,96
DA:8,96
DA:9,20
DA:10,0
DA:11,0
DA:13,0
DA:14,0
DA:15,0
DA:16,0
DA:17,0
DA:19,0
DA:23,0
DA:26,0
DA:27,0
DA:30,20
DA:33,96
LF:17
LH:6
BRDA:11,0,0,0
BRDA:11,0,1,0
BRDA:13,1,0,0
BRDA:13,1,1,0
BRDA:14,2,0,0
BRDA:14,2,1,0
BRDA:14,3,0,0
BRDA:14,3,1,0
BRDA:23,4,0,0
BRDA:23,4,1,0
BRF:10
BRH:0
end_of_record
TN:
SF:src/hooks/navigation/useContainerSelection.js
FN:3,useContainerSelection
FN:7,(anonymous_1)
FN:13,(anonymous_2)
FN:18,(anonymous_3)
FNF:4
FNH:2
FNDA:96,useContainerSelection
FNDA:12,(anonymous_1)
FNDA:0,(anonymous_2)
FNDA:0,(anonymous_3)
DA:4,96
DA:6,96
DA:8,12
DA:9,12
DA:12,0
DA:13,0
DA:14,0
DA:17,0
DA:18,0
DA:19,0
DA:22,0
DA:27,96
LF:12
LH:5
BRDA:8,0,0,12
BRDA:8,0,1,0
BRDA:12,1,0,0
BRDA:12,1,1,0
BRDA:13,2,0,0
BRDA:13,2,1,0
BRDA:17,3,0,0
BRDA:17,3,1,0
BRDA:18,4,0,0
BRDA:18,4,1,0
BRF:10
BRH:1
end_of_record
